2023-10-13 16:18:46,051 [INFO] Activator:176 - 


2023-10-13 16:18:46,054 [INFO] Activator:177 - !SESSION log4j initialized
2023-10-13 16:18:50,872 [INFO] LogOutputStream:77 - [STDOUT_REDIRECT] 
2023-10-13 16:24:42,088 [INFO] ApplicationProperties:184 - Using Application install path: C:\ST\STM32CubeIDE_1.13.1\STM32CubeIDE\plugins\com.st.stm32cube.common.mx_6.9.1.202307191849
2023-10-13 16:24:42,121 [INFO] DbMcusXml:78 - Set database path to: C:\ST\STM32CubeIDE_1.13.1\STM32CubeIDE\plugins\com.st.stm32cube.common.mx_6.9.1.202307191849\\db\/mcu/
2023-10-13 16:24:42,121 [INFO] ApiDb:274 - Set plugin database path to: C:\ST\STM32CubeIDE_1.13.1\STM32CubeIDE\plugins\com.st.stm32cube.common.mx_6.9.1.202307191849\\db\/plugins/boardmanager/
2023-10-13 16:24:42,122 [WARN] ApiDb:259 - Overriding images path with different value:  => C:\ST\STM32CubeIDE_1.13.1\STM32CubeIDE\plugins\com.st.stm32cube.common.mx_6.9.1.202307191849\\db\/plugins/mcufinder/images/
2023-10-13 16:24:42,143 [INFO] ApiDb:250 - Set database path to: C:\Users\46763\.stmcufinder\plugins\mcufinder//mcu/
2023-10-13 16:24:42,145 [INFO] DbMcusAds:125 - Set database path to: C:\Users\46763\.stmcufinder\plugins\mcufinder//mcu/
2023-10-13 16:24:53,225 [INFO] CrossReferenceDbSqlite:203 - Set database path to: C:\Users\46763\.stmcufinder\plugins\mcufinder//mcu/cs/
2023-10-13 16:24:55,408 [INFO] RulesReader:64 - Compatibility file has been processed (293 Rules)
2023-10-13 16:24:55,677 [INFO] DbMcusXml:78 - Set database path to: C:\ST\STM32CubeIDE_1.13.1\STM32CubeIDE\plugins\com.st.stm32cube.common.mx_6.9.1.202307191849\\db\/mcu/
2023-10-13 16:24:55,678 [INFO] ApiDb:274 - Set plugin database path to: C:\ST\STM32CubeIDE_1.13.1\STM32CubeIDE\plugins\com.st.stm32cube.common.mx_6.9.1.202307191849\\db\/plugins/boardmanager/
2023-10-13 16:24:55,678 [INFO] ApiDb:261 - Set plugin images path to: C:\ST\STM32CubeIDE_1.13.1\STM32CubeIDE\plugins\com.st.stm32cube.common.mx_6.9.1.202307191849\\db\/plugins/mcufinder/images/
2023-10-13 16:24:55,679 [WARN] DbFile:41 - Overriding database path with different value: C:\Users\46763\.stmcufinder\plugins\mcufinder/ => C:\Users\46763\.stmcufinder\plugins\mcufinder
2023-10-13 16:24:55,679 [INFO] ApiDb:250 - Set database path to: C:\Users\46763\.stmcufinder\plugins\mcufinder//mcu/
2023-10-13 16:24:55,679 [WARN] DbFile:41 - Overriding database path with different value: C:\Users\46763\.stmcufinder\plugins\mcufinder/ => C:\Users\46763\.stmcufinder\plugins\mcufinder
2023-10-13 16:24:55,679 [INFO] DbMcusAds:125 - Set database path to: C:\Users\46763\.stmcufinder\plugins\mcufinder//mcu/
2023-10-13 16:24:55,679 [WARN] DbFile:41 - Overriding database path with different value: C:\Users\46763\.stmcufinder\plugins\mcufinder/ => C:\Users\46763\.stmcufinder\plugins\mcufinder
2023-10-13 16:24:55,680 [WARN] DbFile:41 - Overriding database path with different value: C:\Users\46763\.stmcufinder\plugins\mcufinder/ => C:\Users\46763\.stmcufinder\plugins\mcufinder
2023-10-13 16:24:55,680 [INFO] CrossReferenceDbSqlite:203 - Set database path to: C:\Users\46763\.stmcufinder\plugins\mcufinder//mcu/cs/
2023-10-13 16:24:55,930 [INFO] MainPanel:262 - HeapMemory: 429916160
2023-10-13 16:24:56,367 [INFO] DbMcusXml:78 - Set database path to: C:\ST\STM32CubeIDE_1.13.1\STM32CubeIDE\plugins\com.st.stm32cube.common.mx_6.9.1.202307191849\\db\/mcu/
2023-10-13 16:24:56,367 [INFO] ApiDb:274 - Set plugin database path to: C:\ST\STM32CubeIDE_1.13.1\STM32CubeIDE\plugins\com.st.stm32cube.common.mx_6.9.1.202307191849\\db\/plugins/boardmanager/
2023-10-13 16:24:56,367 [INFO] ApiDb:261 - Set plugin images path to: C:\ST\STM32CubeIDE_1.13.1\STM32CubeIDE\plugins\com.st.stm32cube.common.mx_6.9.1.202307191849\\db\/plugins/mcufinder/images/
2023-10-13 16:24:56,369 [WARN] DbFile:41 - Overriding database path with different value: C:\Users\46763\.stmcufinder\plugins\mcufinder/ => C:\Users\46763\.stmcufinder\plugins\mcufinder
2023-10-13 16:24:56,370 [INFO] ApiDb:250 - Set database path to: C:\Users\46763\.stmcufinder\plugins\mcufinder//mcu/
2023-10-13 16:24:56,370 [WARN] DbFile:41 - Overriding database path with different value: C:\Users\46763\.stmcufinder\plugins\mcufinder/ => C:\Users\46763\.stmcufinder\plugins\mcufinder
2023-10-13 16:24:56,370 [INFO] DbMcusAds:125 - Set database path to: C:\Users\46763\.stmcufinder\plugins\mcufinder//mcu/
2023-10-13 16:24:56,371 [WARN] DbFile:41 - Overriding database path with different value: C:\Users\46763\.stmcufinder\plugins\mcufinder/ => C:\Users\46763\.stmcufinder\plugins\mcufinder
2023-10-13 16:24:56,371 [WARN] DbFile:41 - Overriding database path with different value: C:\Users\46763\.stmcufinder\plugins\mcufinder/ => C:\Users\46763\.stmcufinder\plugins\mcufinder
2023-10-13 16:24:56,371 [INFO] CrossReferenceDbSqlite:203 - Set database path to: C:\Users\46763\.stmcufinder\plugins\mcufinder//mcu/cs/
2023-10-13 16:24:56,428 [INFO] ApplicationProperties:184 - Using Application install path: C:\ST\STM32CubeIDE_1.13.1\STM32CubeIDE\plugins\com.st.stm32cube.common.mx_6.9.1.202307191849
2023-10-13 16:24:56,434 [INFO] PluginManage:196 - Search for loadable plugins [exclusion list=, ]
2023-10-13 16:24:56,442 [INFO] PluginManage:310 - Check plugin analytics
2023-10-13 16:24:56,996 [INFO] AnalyticsPlugin:253 - Accepted Software Licenses: 
2023-10-13 16:24:56,996 [INFO] AnalyticsPlugin:255 - Accepted CMSIS Pack Licenses: 
2023-10-13 16:24:56,997 [INFO] AnalyticsPlugin:257 - Accepted Firmware Licenses: FW.F4.1.27.0,FW.G4.1.5.0
2023-10-13 16:24:57,003 [INFO] PluginManage:359 - Loaded plugin analytics (category:tool,tabindex:-1)
2023-10-13 16:24:57,004 [INFO] PluginManage:310 - Check plugin cadmodel
2023-10-13 16:24:57,049 [INFO] CADModel:105 - Init CAD model plugin
2023-10-13 16:24:57,050 [INFO] PluginManage:359 - Loaded plugin cadmodel (category:power,tabindex:5)
2023-10-13 16:24:57,051 [INFO] PluginManage:310 - Check plugin clock
2023-10-13 16:24:57,116 [INFO] PluginManage:359 - Loaded plugin clock (category:base,tabindex:2)
2023-10-13 16:24:57,116 [INFO] PluginManage:310 - Check plugin ddr
2023-10-13 16:24:57,128 [INFO] PluginManage:359 - Loaded plugin ddr (category:tool,tabindex:6)
2023-10-13 16:24:57,129 [INFO] PluginManage:310 - Check plugin filemanager
2023-10-13 16:24:57,543 [INFO] PluginManage:359 - Loaded plugin filemanager (category:base,tabindex:10)
2023-10-13 16:24:57,543 [INFO] PluginManage:310 - Check plugin ipmanager
2023-10-13 16:24:57,557 [INFO] PluginManage:359 - Loaded plugin ipmanager (category:base,tabindex:5)
2023-10-13 16:24:57,558 [INFO] PluginManage:310 - Check plugin lpbam
2023-10-13 16:24:57,635 [INFO] PluginManage:359 - Loaded plugin lpbam (category:base,tabindex:0)
2023-10-13 16:24:57,636 [INFO] PluginManage:310 - Check plugin memorymap
2023-10-13 16:24:57,694 [INFO] PluginManage:359 - Loaded plugin memorymap (category:base,tabindex:4)
2023-10-13 16:24:57,694 [INFO] PluginManage:310 - Check plugin pinoutandconfiguration
2023-10-13 16:24:57,726 [INFO] PluginManage:359 - Loaded plugin pinoutandconfiguration (category:base,tabindex:1)
2023-10-13 16:24:57,726 [INFO] PluginManage:310 - Check plugin pinoutconfig
2023-10-13 16:24:57,881 [WARN] SupportedApi:132 - Cannot load RTOS API schema: s4s-elt-must-match.1: The content of 'definitions' must match (annotation?, (simpleType | complexType)?, (unique | key | keyref)*)). A problem was found starting at: attribute.
2023-10-13 16:24:58,121 [INFO] PluginManage:359 - Loaded plugin pinoutconfig (category:base,tabindex:0)
2023-10-13 16:24:58,121 [INFO] PluginManage:310 - Check plugin power
2023-10-13 16:24:58,153 [INFO] PluginManage:359 - Loaded plugin power (category:power,tabindex:4)
2023-10-13 16:24:58,154 [INFO] PluginManage:310 - Check plugin projectmanager
2023-10-13 16:24:58,180 [INFO] PluginManage:359 - Loaded plugin projectmanager (category:projectmanager,tabindex:3)
2023-10-13 16:24:58,180 [INFO] PluginManage:310 - Check plugin thirdparty
2023-10-13 16:24:58,561 [INFO] PluginManage:359 - Loaded plugin thirdparty (category:base,tabindex:-1)
2023-10-13 16:24:58,561 [WARN] IntegrityCheckThread:84 - waiting for thirdparty lock release [integrity check]
2023-10-13 16:24:58,561 [INFO] PluginManage:310 - Check plugin tools
2023-10-13 16:24:58,561 [INFO] IntegrityCheckThread:86 - entering critical section [integrity check]
2023-10-13 16:24:58,562 [INFO] ThirdPartyUpdaterWithRetryManager:70 - Updater plugin not ready yet. [1/15]
2023-10-13 16:24:58,609 [INFO] PluginManage:359 - Loaded plugin tools (category:base,tabindex:7)
2023-10-13 16:24:58,610 [INFO] PluginManage:310 - Check plugin tutovideos
2023-10-13 16:24:58,905 [INFO] PluginManage:359 - Loaded plugin tutovideos (category:base,tabindex:-1)
2023-10-13 16:24:58,905 [INFO] PluginManage:310 - Check plugin updater
2023-10-13 16:24:58,925 [INFO] PluginManage:359 - Loaded plugin updater (category:base,tabindex:12)
2023-10-13 16:24:58,925 [INFO] PluginManage:310 - Check plugin userauth
2023-10-13 16:24:58,933 [INFO] UserAuth:113 - Init User Auth plugin
2023-10-13 16:24:58,933 [INFO] PluginManage:359 - Loaded plugin userauth (category:base,tabindex:14)
2023-10-13 16:24:58,933 [INFO] PluginManage:283 - PluginManage : Loaded plugins [17]
2023-10-13 16:24:59,269 [INFO] PinOutPanel:1499 - setPackage(No Configuration,No Configuration)
2023-10-13 16:24:59,430 [INFO] CADModel:165 - CPN selected for project level
2023-10-13 16:24:59,430 [INFO] CADModel:114 - Register for checkConnection events
2023-10-13 16:24:59,474 [INFO] IPUIPlugin:80 - create IPUIPlugin
2023-10-13 16:24:59,475 [INFO] PluginManager:220 - loadIPPluginJar : add adc
2023-10-13 16:24:59,530 [INFO] IPUIPlugin:80 - create IPUIPlugin
2023-10-13 16:24:59,530 [INFO] PluginManager:220 - loadIPPluginJar : add aes
2023-10-13 16:24:59,578 [INFO] IPUIPlugin:80 - create IPUIPlugin
2023-10-13 16:24:59,578 [INFO] PluginManager:220 - loadIPPluginJar : add can
2023-10-13 16:24:59,582 [INFO] IPUIPlugin:80 - create IPUIPlugin
2023-10-13 16:24:59,583 [INFO] PluginManager:220 - loadIPPluginJar : add comp
2023-10-13 16:24:59,622 [INFO] IPUIPlugin:80 - create IPUIPlugin
2023-10-13 16:24:59,622 [INFO] PluginManager:220 - loadIPPluginJar : add cryp
2023-10-13 16:24:59,627 [INFO] IPUIPlugin:80 - create IPUIPlugin
2023-10-13 16:24:59,627 [INFO] PluginManager:220 - loadIPPluginJar : add dfsdm
2023-10-13 16:24:59,643 [INFO] IPUIPlugin:80 - create IPUIPlugin
2023-10-13 16:24:59,644 [INFO] PluginManager:220 - loadIPPluginJar : add dma
2023-10-13 16:24:59,696 [INFO] IPUIPlugin:80 - create IPUIPlugin
2023-10-13 16:24:59,696 [INFO] PluginManager:220 - loadIPPluginJar : add dma3
2023-10-13 16:24:59,699 [INFO] IPUIPlugin:80 - create IPUIPlugin
2023-10-13 16:24:59,699 [INFO] PluginManager:220 - loadIPPluginJar : add fatfs
2023-10-13 16:24:59,755 [INFO] IPUIPlugin:80 - create IPUIPlugin
2023-10-13 16:24:59,755 [INFO] PluginManager:220 - loadIPPluginJar : add fmc
2023-10-13 16:24:59,773 [INFO] IPUIPlugin:80 - create IPUIPlugin
2023-10-13 16:24:59,774 [INFO] PluginManager:220 - loadIPPluginJar : add freertos
2023-10-13 16:24:59,807 [INFO] IPUIPlugin:80 - create IPUIPlugin
2023-10-13 16:24:59,807 [INFO] PluginManager:220 - loadIPPluginJar : add genericplugin
2023-10-13 16:25:00,016 [INFO] IPUIPlugin:80 - create IPUIPlugin
2023-10-13 16:25:00,017 [INFO] PluginManager:220 - loadIPPluginJar : add gfxmmu
2023-10-13 16:25:00,240 [INFO] IPUIPlugin:80 - create IPUIPlugin
2023-10-13 16:25:00,240 [INFO] PluginManager:220 - loadIPPluginJar : add gic
2023-10-13 16:25:00,269 [INFO] IPUIPlugin:80 - create IPUIPlugin
2023-10-13 16:25:00,269 [INFO] PluginManager:220 - loadIPPluginJar : add gpio
2023-10-13 16:25:00,397 [INFO] IPUIPlugin:80 - create IPUIPlugin
2023-10-13 16:25:00,397 [INFO] PluginManager:220 - loadIPPluginJar : add gtzc
2023-10-13 16:25:00,445 [INFO] IPUIPlugin:80 - create IPUIPlugin
2023-10-13 16:25:00,445 [INFO] PluginManager:220 - loadIPPluginJar : add hash
2023-10-13 16:25:00,563 [INFO] IPUIPlugin:80 - create IPUIPlugin
2023-10-13 16:25:00,563 [INFO] PluginManager:220 - loadIPPluginJar : add i2c
2023-10-13 16:25:00,649 [INFO] IPUIPlugin:80 - create IPUIPlugin
2023-10-13 16:25:00,649 [INFO] PluginManager:220 - loadIPPluginJar : add i2s
2023-10-13 16:25:00,733 [INFO] IPUIPlugin:80 - create IPUIPlugin
2023-10-13 16:25:00,733 [INFO] PluginManager:220 - loadIPPluginJar : add i3c
2023-10-13 16:25:00,917 [INFO] IPUIPlugin:80 - create IPUIPlugin
2023-10-13 16:25:00,918 [INFO] PluginManager:220 - loadIPPluginJar : add ipddr
2023-10-13 16:25:01,078 [INFO] IPUIPlugin:80 - create IPUIPlugin
2023-10-13 16:25:01,078 [INFO] PluginManager:220 - loadIPPluginJar : add linkedlist
2023-10-13 16:25:01,129 [INFO] IPUIPlugin:80 - create IPUIPlugin
2023-10-13 16:25:01,129 [INFO] PluginManager:220 - loadIPPluginJar : add lorawan
2023-10-13 16:25:01,175 [INFO] IPUIPlugin:80 - create IPUIPlugin
2023-10-13 16:25:01,176 [INFO] PluginManager:220 - loadIPPluginJar : add ltdc
2023-10-13 16:25:01,194 [INFO] IPUIPlugin:80 - create IPUIPlugin
2023-10-13 16:25:01,195 [INFO] PluginManager:220 - loadIPPluginJar : add mdma
2023-10-13 16:25:01,211 [INFO] IPUIPlugin:80 - create IPUIPlugin
2023-10-13 16:25:01,211 [INFO] PluginManager:220 - loadIPPluginJar : add nvic
2023-10-13 16:25:01,269 [INFO] IPUIPlugin:80 - create IPUIPlugin
2023-10-13 16:25:01,269 [INFO] PluginManager:220 - loadIPPluginJar : add opamp
2023-10-13 16:25:01,382 [INFO] IPUIPlugin:80 - create IPUIPlugin
2023-10-13 16:25:01,383 [INFO] PluginManager:220 - loadIPPluginJar : add openamp
2023-10-13 16:25:01,467 [INFO] IPUIPlugin:80 - create IPUIPlugin
2023-10-13 16:25:01,467 [INFO] PluginManager:220 - loadIPPluginJar : add pdm2pcm
2023-10-13 16:25:01,500 [INFO] IPUIPlugin:80 - create IPUIPlugin
2023-10-13 16:25:01,505 [INFO] PluginManager:220 - loadIPPluginJar : add plateformsettings
2023-10-13 16:25:01,535 [INFO] IPUIPlugin:80 - create IPUIPlugin
2023-10-13 16:25:01,536 [INFO] PluginManager:220 - loadIPPluginJar : add quadspi
2023-10-13 16:25:01,551 [INFO] IPUIPlugin:80 - create IPUIPlugin
2023-10-13 16:25:01,551 [INFO] PluginManager:220 - loadIPPluginJar : add resmgrutility
2023-10-13 16:25:01,565 [INFO] ThirdPartyUpdaterWithRetryManager:70 - Updater plugin not ready yet. [2/15]
2023-10-13 16:25:01,609 [INFO] IPUIPlugin:80 - create IPUIPlugin
2023-10-13 16:25:01,609 [INFO] PluginManager:220 - loadIPPluginJar : add sai
2023-10-13 16:25:01,664 [INFO] IPUIPlugin:80 - create IPUIPlugin
2023-10-13 16:25:01,664 [INFO] PluginManager:220 - loadIPPluginJar : add spi
2023-10-13 16:25:01,733 [INFO] IPUIPlugin:80 - create IPUIPlugin
2023-10-13 16:25:01,734 [INFO] PluginManager:220 - loadIPPluginJar : add stm32_wpan
2023-10-13 16:25:01,762 [INFO] IPUIPlugin:80 - create IPUIPlugin
2023-10-13 16:25:01,763 [INFO] PluginManager:220 - loadIPPluginJar : add tim
2023-10-13 16:25:01,860 [INFO] IPUIPlugin:80 - create IPUIPlugin
2023-10-13 16:25:01,861 [INFO] PluginManager:220 - loadIPPluginJar : add touchsensing
2023-10-13 16:25:01,891 [INFO] IPUIPlugin:80 - create IPUIPlugin
2023-10-13 16:25:01,892 [INFO] PluginManager:220 - loadIPPluginJar : add tracer_emb
2023-10-13 16:25:01,899 [INFO] IPUIPlugin:80 - create IPUIPlugin
2023-10-13 16:25:01,899 [INFO] PluginManager:220 - loadIPPluginJar : add ts
2023-10-13 16:25:01,945 [INFO] IPUIPlugin:80 - create IPUIPlugin
2023-10-13 16:25:01,945 [INFO] PluginManager:220 - loadIPPluginJar : add tsc
2023-10-13 16:25:01,981 [INFO] IPUIPlugin:80 - create IPUIPlugin
2023-10-13 16:25:01,981 [INFO] PluginManager:220 - loadIPPluginJar : add ucpd
2023-10-13 16:25:02,047 [INFO] IPUIPlugin:80 - create IPUIPlugin
2023-10-13 16:25:02,047 [INFO] PluginManager:220 - loadIPPluginJar : add usart
2023-10-13 16:25:02,102 [INFO] IPUIPlugin:80 - create IPUIPlugin
2023-10-13 16:25:02,102 [INFO] PluginManager:220 - loadIPPluginJar : add usbx
2023-10-13 16:25:02,246 [INFO] CADModel:165 - CPN selected for project level
2023-10-13 16:25:02,246 [INFO] CADModel:114 - Register for checkConnection events
2023-10-13 16:25:02,247 [FATAL] Updater:308 - Updater called before beeing initialized
2023-10-13 16:25:02,247 [ERROR] CADModel:125 - Updater not yet initialized, retry later 
2023-10-13 16:25:02,494 [INFO] CADModel:165 - CPN selected for project level
2023-10-13 16:25:02,494 [INFO] CADModel:114 - Register for checkConnection events
2023-10-13 16:25:02,495 [FATAL] Updater:308 - Updater called before beeing initialized
2023-10-13 16:25:02,495 [ERROR] CADModel:125 - Updater not yet initialized, retry later 
2023-10-13 16:25:02,500 [FATAL] Updater:308 - Updater called before beeing initialized
2023-10-13 16:25:02,665 [FATAL] Updater:308 - Updater called before beeing initialized
2023-10-13 16:25:02,673 [INFO] DbMcusAds:53 - JSON generation date=Tue Mar 07 09:50:55 CET 2023 (1678179055114)
2023-10-13 16:25:02,673 [FATAL] Updater:308 - Updater called before beeing initialized
2023-10-13 16:25:02,742 [WARN] DetailPanel:346 - Failed to get advertising image, set to default
2023-10-13 16:25:02,900 [FATAL] Updater:308 - Updater called before beeing initialized
2023-10-13 16:25:02,904 [FATAL] Updater:308 - Updater called before beeing initialized
2023-10-13 16:25:02,904 [FATAL] Updater:308 - Updater called before beeing initialized
2023-10-13 16:25:02,904 [WARN] DetailPanel:346 - Failed to get advertising image, set to default
2023-10-13 16:25:02,906 [FATAL] Updater:308 - Updater called before beeing initialized
2023-10-13 16:25:03,012 [ERROR] Updater:1120 - MainUpdater not yet initialized. External WinMGr cannot be set.
2023-10-13 16:25:03,029 [INFO] Updater:1056 - Updater Version found : 6.9.1
2023-10-13 16:25:03,055 [INFO] ApplicationProperties:184 - Using Application install path: C:\ST\STM32CubeIDE_1.13.1\STM32CubeIDE\plugins\com.st.stm32cube.common.mx_6.9.1.202307191849
2023-10-13 16:25:03,315 [INFO] MainUpdater:2868 - connection check result : 10
2023-10-13 16:25:03,318 [INFO] MainUpdater:285 - Updater Check For Update Now.
2023-10-13 16:25:03,319 [INFO] MicroXplorer:498 - Change Database Version : DB.6.0.91
2023-10-13 16:25:03,344 [INFO] McuFinderGlobals:63 - Set McuFinder mode to 2 (CubeIDE integrated)
2023-10-13 16:25:03,599 [INFO] CheckServerUpdateThread:120 - End of CheckServer Thread
2023-10-13 16:25:04,848 [WARN] PackLoader:240 - Cannot read IP mode file for STMicroelectronics.X-CUBE-SMBUS.2.1.0
2023-10-13 16:25:04,928 [WARN] PackLoader:240 - Cannot read IP mode file for STMicroelectronics.X-CUBE-AZRTOS-F7.1.1.0
2023-10-13 16:25:04,963 [WARN] PackLoader:240 - Cannot read IP mode file for STMicroelectronics.FP-SNS-MOTENV1.4.3.2
2023-10-13 16:25:04,989 [WARN] PackLoader:240 - Cannot read IP mode file for STMicroelectronics.FP-SNS-FLIGHT1.5.0.2
2023-10-13 16:25:05,018 [WARN] PackLoader:240 - Cannot read IP mode file for STMicroelectronics.X-CUBE-DISPLAY.3.0.0
2023-10-13 16:25:05,057 [WARN] PackLoader:240 - Cannot read IP mode file for STMicroelectronics.X-CUBE-BLE1.7.0.0
2023-10-13 16:25:05,080 [WARN] PackLoader:240 - Cannot read IP mode file for emotas.I-CUBE-CANOPEN.1.3.0
2023-10-13 16:25:05,103 [WARN] PackLoader:240 - Cannot read IP mode file for STMicroelectronics.X-CUBE-TOUCHGFX.4.22.0
2023-10-13 16:25:05,121 [WARN] PackLoader:240 - Cannot read IP mode file for STMicroelectronics.X-CUBE-TOUCHGFX.4.22.1
2023-10-13 16:25:05,141 [WARN] PackLoader:240 - Cannot read IP mode file for STMicroelectronics.FP-SNS-SMARTAG2.1.2.0
2023-10-13 16:25:05,176 [INFO] LogOutputStream:77 - [STDOUT_REDIRECT] 1 : Invalid condition id : UX_CORESTACK_Condition cause : null
2023-10-13 16:25:05,177 [INFO] LogOutputStream:77 - [STDOUT_REDIRECT] 1 : Invalid condition id : UX_CORESTACK_Condition cause : null
2023-10-13 16:25:05,179 [INFO] LogOutputStream:77 - [STDOUT_REDIRECT] 1 : Invalid condition id : UX_CORESTACK_Condition cause : null
2023-10-13 16:25:05,181 [INFO] LogOutputStream:77 - [STDOUT_REDIRECT] 1 : Invalid condition id : UX_CORESTACK_Condition cause : null
2023-10-13 16:25:05,183 [INFO] LogOutputStream:77 - [STDOUT_REDIRECT] 1 : Invalid condition id : UX_CORESTACK_Condition cause : null
2023-10-13 16:25:05,190 [WARN] PackLoader:240 - Cannot read IP mode file for STMicroelectronics.X-CUBE-AZRTOS-WL.2.0.0
2023-10-13 16:25:05,217 [WARN] PackLoader:240 - Cannot read IP mode file for WES.I-CUBE-Cesium.1.3.0
2023-10-13 16:25:05,240 [WARN] PackLoader:240 - Cannot read IP mode file for STMicroelectronics.X-CUBE-BLE2.3.3.0
2023-10-13 16:25:05,264 [WARN] PackLoader:240 - Cannot read IP mode file for STMicroelectronics.X-CUBE-ALGOBUILD.1.3.0
2023-10-13 16:25:05,325 [WARN] PackLoader:240 - Cannot read IP mode file for STMicroelectronics.X-CUBE-AZRTOS-G0.1.1.0
2023-10-13 16:25:05,353 [WARN] PackLoader:240 - Cannot read IP mode file for STMicroelectronics.X-CUBE-NFC4.3.0.0
2023-10-13 16:25:05,362 [WARN] PackLoader:240 - Cannot read IP mode file for STMicroelectronics.FP-ATR-SIGFOX1.3.2.0
2023-10-13 16:25:05,425 [WARN] PackLoader:240 - Cannot read IP mode file for SEGGER.I-CUBE-embOS.1.3.1
2023-10-13 16:25:05,545 [WARN] PackLoader:240 - Cannot read IP mode file for STMicroelectronics.X-CUBE-GNSS1.6.0.0
2023-10-13 16:25:05,597 [WARN] PackLoader:240 - Cannot read IP mode file for STMicroelectronics.X-CUBE-AZRTOS-F4.1.1.0
2023-10-13 16:25:05,621 [WARN] PackLoader:240 - Cannot read IP mode file for wolfSSL.I-CUBE-wolfSSL.5.6.3
2023-10-13 16:25:05,678 [WARN] PackLoader:240 - Cannot read IP mode file for STMicroelectronics.X-CUBE-AZRTOS-L5.2.0.0
2023-10-13 16:25:05,764 [WARN] PackLoader:240 - Cannot read IP mode file for STMicroelectronics.X-CUBE-MEMS1.9.6.0
2023-10-13 16:25:05,994 [WARN] PackLoader:240 - Cannot read IP mode file for ITTIA_DB.I-CUBE-ITTIADB.8.8.0
2023-10-13 16:25:06,022 [WARN] PackLoader:240 - Cannot read IP mode file for STMicroelectronics.X-CUBE-BLEMGR.2.0.0
2023-10-13 16:25:06,067 [WARN] ConditionMgr:438 - getConditionDescription Invalid condition id : UX DEVICE CLASS RTOS Condition cause : null
2023-10-13 16:25:06,067 [WARN] ConditionMgr:438 - getConditionDescription Invalid condition id : UX DEVICE CLASS RTOS Condition cause : null
2023-10-13 16:25:06,070 [WARN] PackLoader:240 - Cannot read IP mode file for STMicroelectronics.X-CUBE-AZRTOS-H7.3.1.0
2023-10-13 16:25:06,072 [WARN] ConditionMgr:1039 - genDependencies : Invalid condition id : UX DEVICE CLASS RTOS Condition cause : null
2023-10-13 16:25:06,072 [WARN] ConditionMgr:1039 - genDependencies : Invalid condition id : UX DEVICE CLASS RTOS Condition cause : null
2023-10-13 16:25:06,073 [WARN] ConditionMgr:1039 - genDependencies : Invalid condition id : UX DEVICE CLASS RTOS Condition cause : null
2023-10-13 16:25:06,073 [WARN] ConditionMgr:1039 - genDependencies : Invalid condition id : UX DEVICE CLASS RTOS Condition cause : null
2023-10-13 16:25:06,074 [WARN] ConditionMgr:1039 - genDependencies : Invalid condition id : UX DEVICE CLASS RTOS Condition cause : null
2023-10-13 16:25:06,093 [WARN] PackLoader:240 - Cannot read IP mode file for STMicroelectronics.X-CUBE-NFC7.1.0.1
2023-10-13 16:25:06,112 [WARN] PackLoader:240 - Cannot read IP mode file for STMicroelectronics.X-CUBE-NFC6.3.0.0
2023-10-13 16:25:06,132 [WARN] PackLoader:240 - Cannot read IP mode file for STMicroelectronics.X-CUBE-EEPRMA1.4.1.0
2023-10-13 16:25:06,148 [WARN] PackLoader:240 - Cannot read IP mode file for STMicroelectronics.X-CUBE-AI.8.1.0
2023-10-13 16:25:06,199 [WARN] ConditionMgr:438 - getConditionDescription Invalid condition id : LAN8742 Phy interface Condition cause : null
2023-10-13 16:25:06,200 [WARN] PackLoader:240 - Cannot read IP mode file for STMicroelectronics.X-CUBE-AZRTOS-L4.2.0.0
2023-10-13 16:25:06,202 [WARN] ConditionMgr:1039 - genDependencies : Invalid condition id : LAN8742 Phy interface Condition cause : null
2023-10-13 16:25:06,203 [WARN] ConditionMgr:1039 - genDependencies : Invalid condition id : LAN8742 Phy interface Condition cause : null
2023-10-13 16:25:06,204 [WARN] ConditionMgr:1039 - genDependencies : Invalid condition id : LAN8742 Phy interface Condition cause : null
2023-10-13 16:25:06,229 [WARN] PackLoader:240 - Cannot read IP mode file for STMicroelectronics.X-CUBE-SFXS2LP1.4.0.0
2023-10-13 16:25:06,250 [WARN] PackLoader:240 - Cannot read IP mode file for STMicroelectronics.X-CUBE-ISPU.1.1.0
2023-10-13 16:25:06,291 [WARN] ConditionMgr:438 - getConditionDescription Invalid condition id : UX DEVICE CLASS RTOS Condition cause : null
2023-10-13 16:25:06,291 [WARN] ConditionMgr:438 - getConditionDescription Invalid condition id : UX DEVICE CLASS RTOS Condition cause : null
2023-10-13 16:25:06,296 [WARN] PackLoader:240 - Cannot read IP mode file for STMicroelectronics.X-CUBE-AZRTOS-WB.2.0.0
2023-10-13 16:25:06,297 [WARN] ConditionMgr:1039 - genDependencies : Invalid condition id : UX DEVICE CLASS RTOS Condition cause : null
2023-10-13 16:25:06,297 [WARN] ConditionMgr:1039 - genDependencies : Invalid condition id : UX DEVICE CLASS RTOS Condition cause : null
2023-10-13 16:25:06,298 [WARN] ConditionMgr:1039 - genDependencies : Invalid condition id : UX DEVICE CLASS RTOS Condition cause : null
2023-10-13 16:25:06,299 [WARN] ConditionMgr:1039 - genDependencies : Invalid condition id : UX DEVICE CLASS RTOS Condition cause : null
2023-10-13 16:25:06,299 [WARN] ConditionMgr:1039 - genDependencies : Invalid condition id : UX DEVICE CLASS RTOS Condition cause : null
2023-10-13 16:25:06,341 [WARN] PackLoader:240 - Cannot read IP mode file for STMicroelectronics.X-CUBE-SUBG2.5.0.0
2023-10-13 16:25:06,378 [WARN] PackLoader:240 - Cannot read IP mode file for STMicroelectronics.X-CUBE-TOF1.3.3.1
2023-10-13 16:25:06,436 [WARN] PackLoader:240 - Cannot read IP mode file for STMicroelectronics.X-CUBE-AZRTOS-G4.2.0.0
2023-10-13 16:25:06,468 [WARN] PackLoader:240 - Cannot read IP mode file for Infineon.AIROC-Wi-Fi-Bluetooth-STM32.1.5.1
2023-10-13 16:25:06,495 [WARN] PackLoader:240 - Cannot read IP mode file for STMicroelectronics.X-CUBE-FREERTOS.1.1.0
2023-10-13 16:25:06,516 [WARN] PackLoader:240 - Cannot read IP mode file for portGmbH.I-Cube-SoM-uGOAL.1.1.0
2023-10-13 16:25:06,535 [WARN] PackLoader:240 - Cannot read IP mode file for STMicroelectronics.X-CUBE-ALS.1.0.1
2023-10-13 16:25:06,543 [WARN] PackLoader:240 - Cannot read IP mode file for STMicroelectronics.FP-ATR-ASTRA1.2.0.0
2023-10-13 16:25:06,545 [INFO] ThirdParty:978 - Integrity check success = true
2023-10-13 16:25:06,545 [INFO] IntegrityCheckThread:100 - exiting critical section [integrity check]
2023-10-13 16:25:06,545 [INFO] IntegrityCheckThread:103 - End integrity checks thread
2023-10-13 16:25:25,073 [ERROR] LogOutputStream:75 - [STDERR_REDIRECT] SLF4J: Failed to load class "org.slf4j.impl.StaticLoggerBinder".
2023-10-13 16:25:25,074 [ERROR] LogOutputStream:75 - [STDERR_REDIRECT] SLF4J: Defaulting to no-operation (NOP) logger implementation
2023-10-13 16:25:25,076 [ERROR] LogOutputStream:75 - [STDERR_REDIRECT] SLF4J: See http://www.slf4j.org/codes.html#StaticLoggerBinder for further details.
