2023-09-26 15:56:01,186 [INFO] Activator:176 - 


2023-09-26 15:56:01,203 [INFO] Activator:177 - !SESSION log4j initialized
2023-09-26 15:56:05,679 [INFO] ApplicationProperties:184 - Using Application install path: C:\ST\STM32CubeIDE_1.13.1\STM32CubeIDE\plugins\com.st.stm32cube.common.mx_6.9.1.202307191849
2023-09-26 15:56:05,715 [INFO] DbMcusXml:78 - Set database path to: C:\ST\STM32CubeIDE_1.13.1\STM32CubeIDE\plugins\com.st.stm32cube.common.mx_6.9.1.202307191849\\db\/mcu/
2023-09-26 15:56:05,716 [INFO] ApiDb:274 - Set plugin database path to: C:\ST\STM32CubeIDE_1.13.1\STM32CubeIDE\plugins\com.st.stm32cube.common.mx_6.9.1.202307191849\\db\/plugins/boardmanager/
2023-09-26 15:56:05,716 [WARN] ApiDb:259 - Overriding images path with different value:  => C:\ST\STM32CubeIDE_1.13.1\STM32CubeIDE\plugins\com.st.stm32cube.common.mx_6.9.1.202307191849\\db\/plugins/mcufinder/images/
2023-09-26 15:56:05,738 [INFO] ApiDb:250 - Set database path to: C:\Users\46763\.stmcufinder\plugins\mcufinder//mcu/
2023-09-26 15:56:05,740 [INFO] DbMcusAds:125 - Set database path to: C:\Users\46763\.stmcufinder\plugins\mcufinder//mcu/
2023-09-26 15:56:16,822 [INFO] CrossReferenceDbSqlite:203 - Set database path to: C:\Users\46763\.stmcufinder\plugins\mcufinder//mcu/cs/
2023-09-26 15:56:17,092 [INFO] RulesReader:64 - Compatibility file has been processed (293 Rules)
2023-09-26 15:56:17,281 [INFO] DbMcusXml:78 - Set database path to: C:\ST\STM32CubeIDE_1.13.1\STM32CubeIDE\plugins\com.st.stm32cube.common.mx_6.9.1.202307191849\\db\/mcu/
2023-09-26 15:56:17,281 [INFO] ApiDb:274 - Set plugin database path to: C:\ST\STM32CubeIDE_1.13.1\STM32CubeIDE\plugins\com.st.stm32cube.common.mx_6.9.1.202307191849\\db\/plugins/boardmanager/
2023-09-26 15:56:17,282 [INFO] ApiDb:261 - Set plugin images path to: C:\ST\STM32CubeIDE_1.13.1\STM32CubeIDE\plugins\com.st.stm32cube.common.mx_6.9.1.202307191849\\db\/plugins/mcufinder/images/
2023-09-26 15:56:17,282 [WARN] DbFile:41 - Overriding database path with different value: C:\Users\46763\.stmcufinder\plugins\mcufinder/ => C:\Users\46763\.stmcufinder\plugins\mcufinder
2023-09-26 15:56:17,282 [INFO] ApiDb:250 - Set database path to: C:\Users\46763\.stmcufinder\plugins\mcufinder//mcu/
2023-09-26 15:56:17,282 [WARN] DbFile:41 - Overriding database path with different value: C:\Users\46763\.stmcufinder\plugins\mcufinder/ => C:\Users\46763\.stmcufinder\plugins\mcufinder
2023-09-26 15:56:17,282 [INFO] DbMcusAds:125 - Set database path to: C:\Users\46763\.stmcufinder\plugins\mcufinder//mcu/
2023-09-26 15:56:17,283 [WARN] DbFile:41 - Overriding database path with different value: C:\Users\46763\.stmcufinder\plugins\mcufinder/ => C:\Users\46763\.stmcufinder\plugins\mcufinder
2023-09-26 15:56:17,283 [WARN] DbFile:41 - Overriding database path with different value: C:\Users\46763\.stmcufinder\plugins\mcufinder/ => C:\Users\46763\.stmcufinder\plugins\mcufinder
2023-09-26 15:56:17,283 [INFO] CrossReferenceDbSqlite:203 - Set database path to: C:\Users\46763\.stmcufinder\plugins\mcufinder//mcu/cs/
2023-09-26 15:56:17,452 [INFO] MainPanel:262 - HeapMemory: 268435456
2023-09-26 15:56:17,650 [INFO] DbMcusXml:78 - Set database path to: C:\ST\STM32CubeIDE_1.13.1\STM32CubeIDE\plugins\com.st.stm32cube.common.mx_6.9.1.202307191849\\db\/mcu/
2023-09-26 15:56:17,650 [INFO] ApiDb:274 - Set plugin database path to: C:\ST\STM32CubeIDE_1.13.1\STM32CubeIDE\plugins\com.st.stm32cube.common.mx_6.9.1.202307191849\\db\/plugins/boardmanager/
2023-09-26 15:56:17,651 [INFO] ApiDb:261 - Set plugin images path to: C:\ST\STM32CubeIDE_1.13.1\STM32CubeIDE\plugins\com.st.stm32cube.common.mx_6.9.1.202307191849\\db\/plugins/mcufinder/images/
2023-09-26 15:56:17,652 [WARN] DbFile:41 - Overriding database path with different value: C:\Users\46763\.stmcufinder\plugins\mcufinder/ => C:\Users\46763\.stmcufinder\plugins\mcufinder
2023-09-26 15:56:17,652 [INFO] ApiDb:250 - Set database path to: C:\Users\46763\.stmcufinder\plugins\mcufinder//mcu/
2023-09-26 15:56:17,652 [WARN] DbFile:41 - Overriding database path with different value: C:\Users\46763\.stmcufinder\plugins\mcufinder/ => C:\Users\46763\.stmcufinder\plugins\mcufinder
2023-09-26 15:56:17,653 [INFO] DbMcusAds:125 - Set database path to: C:\Users\46763\.stmcufinder\plugins\mcufinder//mcu/
2023-09-26 15:56:17,653 [WARN] DbFile:41 - Overriding database path with different value: C:\Users\46763\.stmcufinder\plugins\mcufinder/ => C:\Users\46763\.stmcufinder\plugins\mcufinder
2023-09-26 15:56:17,653 [WARN] DbFile:41 - Overriding database path with different value: C:\Users\46763\.stmcufinder\plugins\mcufinder/ => C:\Users\46763\.stmcufinder\plugins\mcufinder
2023-09-26 15:56:17,654 [INFO] CrossReferenceDbSqlite:203 - Set database path to: C:\Users\46763\.stmcufinder\plugins\mcufinder//mcu/cs/
2023-09-26 15:56:17,688 [INFO] ApplicationProperties:184 - Using Application install path: C:\ST\STM32CubeIDE_1.13.1\STM32CubeIDE\plugins\com.st.stm32cube.common.mx_6.9.1.202307191849
2023-09-26 15:56:17,690 [INFO] PluginManage:196 - Search for loadable plugins [exclusion list=, ]
2023-09-26 15:56:17,693 [INFO] PluginManage:310 - Check plugin analytics
2023-09-26 15:56:20,124 [INFO] AnalyticsPlugin:253 - Accepted Software Licenses: 
2023-09-26 15:56:20,125 [INFO] AnalyticsPlugin:255 - Accepted CMSIS Pack Licenses: 
2023-09-26 15:56:20,125 [INFO] AnalyticsPlugin:257 - Accepted Firmware Licenses: FW.F4.1.27.0,FW.G4.1.5.0
2023-09-26 15:56:20,132 [INFO] PluginManage:359 - Loaded plugin analytics (category:tool,tabindex:-1)
2023-09-26 15:56:20,133 [INFO] PluginManage:310 - Check plugin cadmodel
2023-09-26 15:56:20,231 [INFO] CADModel:105 - Init CAD model plugin
2023-09-26 15:56:20,232 [INFO] PluginManage:359 - Loaded plugin cadmodel (category:power,tabindex:5)
2023-09-26 15:56:20,232 [INFO] PluginManage:310 - Check plugin clock
2023-09-26 15:56:20,276 [INFO] PluginManage:359 - Loaded plugin clock (category:base,tabindex:2)
2023-09-26 15:56:20,277 [INFO] PluginManage:310 - Check plugin ddr
2023-09-26 15:56:20,283 [INFO] PluginManage:359 - Loaded plugin ddr (category:tool,tabindex:6)
2023-09-26 15:56:20,283 [INFO] PluginManage:310 - Check plugin filemanager
2023-09-26 15:56:20,685 [INFO] PluginManage:359 - Loaded plugin filemanager (category:base,tabindex:10)
2023-09-26 15:56:20,685 [INFO] PluginManage:310 - Check plugin ipmanager
2023-09-26 15:56:20,701 [INFO] PluginManage:359 - Loaded plugin ipmanager (category:base,tabindex:5)
2023-09-26 15:56:20,702 [INFO] PluginManage:310 - Check plugin lpbam
2023-09-26 15:56:20,742 [INFO] PluginManage:359 - Loaded plugin lpbam (category:base,tabindex:0)
2023-09-26 15:56:20,743 [INFO] PluginManage:310 - Check plugin memorymap
2023-09-26 15:56:20,783 [INFO] PluginManage:359 - Loaded plugin memorymap (category:base,tabindex:4)
2023-09-26 15:56:20,783 [INFO] PluginManage:310 - Check plugin pinoutandconfiguration
2023-09-26 15:56:20,807 [INFO] PluginManage:359 - Loaded plugin pinoutandconfiguration (category:base,tabindex:1)
2023-09-26 15:56:20,807 [INFO] PluginManage:310 - Check plugin pinoutconfig
2023-09-26 15:56:21,119 [WARN] SupportedApi:132 - Cannot load RTOS API schema: s4s-elt-must-match.1: The content of 'definitions' must match (annotation?, (simpleType | complexType)?, (unique | key | keyref)*)). A problem was found starting at: attribute.
2023-09-26 15:56:21,521 [INFO] PluginManage:359 - Loaded plugin pinoutconfig (category:base,tabindex:0)
2023-09-26 15:56:21,521 [INFO] PluginManage:310 - Check plugin power
2023-09-26 15:56:21,559 [INFO] PluginManage:359 - Loaded plugin power (category:power,tabindex:4)
2023-09-26 15:56:21,560 [INFO] PluginManage:310 - Check plugin projectmanager
2023-09-26 15:56:21,591 [INFO] PluginManage:359 - Loaded plugin projectmanager (category:projectmanager,tabindex:3)
2023-09-26 15:56:21,592 [INFO] PluginManage:310 - Check plugin thirdparty
2023-09-26 15:56:22,114 [INFO] PluginManage:359 - Loaded plugin thirdparty (category:base,tabindex:-1)
2023-09-26 15:56:22,114 [INFO] PluginManage:310 - Check plugin tools
2023-09-26 15:56:22,114 [WARN] IntegrityCheckThread:84 - waiting for thirdparty lock release [integrity check]
2023-09-26 15:56:22,115 [INFO] IntegrityCheckThread:86 - entering critical section [integrity check]
2023-09-26 15:56:22,116 [INFO] ThirdPartyUpdaterWithRetryManager:70 - Updater plugin not ready yet. [1/15]
2023-09-26 15:56:22,168 [INFO] PluginManage:359 - Loaded plugin tools (category:base,tabindex:7)
2023-09-26 15:56:22,168 [INFO] PluginManage:310 - Check plugin tutovideos
2023-09-26 15:56:22,559 [INFO] PluginManage:359 - Loaded plugin tutovideos (category:base,tabindex:-1)
2023-09-26 15:56:22,559 [INFO] PluginManage:310 - Check plugin updater
2023-09-26 15:56:22,582 [INFO] PluginManage:359 - Loaded plugin updater (category:base,tabindex:12)
2023-09-26 15:56:22,583 [INFO] PluginManage:310 - Check plugin userauth
2023-09-26 15:56:22,596 [INFO] UserAuth:113 - Init User Auth plugin
2023-09-26 15:56:22,596 [INFO] PluginManage:359 - Loaded plugin userauth (category:base,tabindex:14)
2023-09-26 15:56:22,597 [INFO] PluginManage:283 - PluginManage : Loaded plugins [17]
2023-09-26 15:56:23,114 [INFO] PinOutPanel:1499 - setPackage(No Configuration,No Configuration)
2023-09-26 15:56:23,403 [INFO] CADModel:165 - CPN selected for project level
2023-09-26 15:56:23,403 [INFO] CADModel:114 - Register for checkConnection events
2023-09-26 15:56:23,456 [INFO] IPUIPlugin:80 - create IPUIPlugin
2023-09-26 15:56:23,457 [INFO] PluginManager:220 - loadIPPluginJar : add adc
2023-09-26 15:56:23,510 [INFO] IPUIPlugin:80 - create IPUIPlugin
2023-09-26 15:56:23,510 [INFO] PluginManager:220 - loadIPPluginJar : add aes
2023-09-26 15:56:23,564 [INFO] IPUIPlugin:80 - create IPUIPlugin
2023-09-26 15:56:23,565 [INFO] PluginManager:220 - loadIPPluginJar : add can
2023-09-26 15:56:23,604 [INFO] IPUIPlugin:80 - create IPUIPlugin
2023-09-26 15:56:23,605 [INFO] PluginManager:220 - loadIPPluginJar : add comp
2023-09-26 15:56:23,683 [INFO] IPUIPlugin:80 - create IPUIPlugin
2023-09-26 15:56:23,684 [INFO] PluginManager:220 - loadIPPluginJar : add cryp
2023-09-26 15:56:23,739 [INFO] IPUIPlugin:80 - create IPUIPlugin
2023-09-26 15:56:23,739 [INFO] PluginManager:220 - loadIPPluginJar : add dfsdm
2023-09-26 15:56:23,766 [INFO] IPUIPlugin:80 - create IPUIPlugin
2023-09-26 15:56:23,768 [INFO] PluginManager:220 - loadIPPluginJar : add dma
2023-09-26 15:56:23,841 [INFO] IPUIPlugin:80 - create IPUIPlugin
2023-09-26 15:56:23,841 [INFO] PluginManager:220 - loadIPPluginJar : add dma3
2023-09-26 15:56:23,874 [INFO] IPUIPlugin:80 - create IPUIPlugin
2023-09-26 15:56:23,875 [INFO] PluginManager:220 - loadIPPluginJar : add fatfs
2023-09-26 15:56:23,952 [INFO] IPUIPlugin:80 - create IPUIPlugin
2023-09-26 15:56:23,952 [INFO] PluginManager:220 - loadIPPluginJar : add fmc
2023-09-26 15:56:23,973 [INFO] IPUIPlugin:80 - create IPUIPlugin
2023-09-26 15:56:23,973 [INFO] PluginManager:220 - loadIPPluginJar : add freertos
2023-09-26 15:56:23,999 [INFO] IPUIPlugin:80 - create IPUIPlugin
2023-09-26 15:56:24,000 [INFO] PluginManager:220 - loadIPPluginJar : add genericplugin
2023-09-26 15:56:24,130 [INFO] IPUIPlugin:80 - create IPUIPlugin
2023-09-26 15:56:24,130 [INFO] PluginManager:220 - loadIPPluginJar : add gfxmmu
2023-09-26 15:56:24,323 [INFO] IPUIPlugin:80 - create IPUIPlugin
2023-09-26 15:56:24,324 [INFO] PluginManager:220 - loadIPPluginJar : add gic
2023-09-26 15:56:24,342 [INFO] IPUIPlugin:80 - create IPUIPlugin
2023-09-26 15:56:24,343 [INFO] PluginManager:220 - loadIPPluginJar : add gpio
2023-09-26 15:56:24,472 [INFO] IPUIPlugin:80 - create IPUIPlugin
2023-09-26 15:56:24,472 [INFO] PluginManager:220 - loadIPPluginJar : add gtzc
2023-09-26 15:56:24,523 [INFO] IPUIPlugin:80 - create IPUIPlugin
2023-09-26 15:56:24,524 [INFO] PluginManager:220 - loadIPPluginJar : add hash
2023-09-26 15:56:24,631 [INFO] IPUIPlugin:80 - create IPUIPlugin
2023-09-26 15:56:24,632 [INFO] PluginManager:220 - loadIPPluginJar : add i2c
2023-09-26 15:56:24,683 [INFO] IPUIPlugin:80 - create IPUIPlugin
2023-09-26 15:56:24,683 [INFO] PluginManager:220 - loadIPPluginJar : add i2s
2023-09-26 15:56:24,749 [INFO] IPUIPlugin:80 - create IPUIPlugin
2023-09-26 15:56:24,749 [INFO] PluginManager:220 - loadIPPluginJar : add i3c
2023-09-26 15:56:24,912 [INFO] IPUIPlugin:80 - create IPUIPlugin
2023-09-26 15:56:24,913 [INFO] PluginManager:220 - loadIPPluginJar : add ipddr
2023-09-26 15:56:25,066 [INFO] IPUIPlugin:80 - create IPUIPlugin
2023-09-26 15:56:25,066 [INFO] PluginManager:220 - loadIPPluginJar : add linkedlist
2023-09-26 15:56:25,111 [INFO] IPUIPlugin:80 - create IPUIPlugin
2023-09-26 15:56:25,111 [INFO] PluginManager:220 - loadIPPluginJar : add lorawan
2023-09-26 15:56:25,119 [INFO] ThirdPartyUpdaterWithRetryManager:70 - Updater plugin not ready yet. [2/15]
2023-09-26 15:56:25,159 [INFO] IPUIPlugin:80 - create IPUIPlugin
2023-09-26 15:56:25,160 [INFO] PluginManager:220 - loadIPPluginJar : add ltdc
2023-09-26 15:56:25,179 [INFO] IPUIPlugin:80 - create IPUIPlugin
2023-09-26 15:56:25,179 [INFO] PluginManager:220 - loadIPPluginJar : add mdma
2023-09-26 15:56:25,197 [INFO] IPUIPlugin:80 - create IPUIPlugin
2023-09-26 15:56:25,198 [INFO] PluginManager:220 - loadIPPluginJar : add nvic
2023-09-26 15:56:25,242 [INFO] IPUIPlugin:80 - create IPUIPlugin
2023-09-26 15:56:25,243 [INFO] PluginManager:220 - loadIPPluginJar : add opamp
2023-09-26 15:56:25,319 [INFO] IPUIPlugin:80 - create IPUIPlugin
2023-09-26 15:56:25,320 [INFO] PluginManager:220 - loadIPPluginJar : add openamp
2023-09-26 15:56:25,390 [INFO] IPUIPlugin:80 - create IPUIPlugin
2023-09-26 15:56:25,390 [INFO] PluginManager:220 - loadIPPluginJar : add pdm2pcm
2023-09-26 15:56:25,415 [INFO] IPUIPlugin:80 - create IPUIPlugin
2023-09-26 15:56:25,420 [INFO] PluginManager:220 - loadIPPluginJar : add plateformsettings
2023-09-26 15:56:25,474 [INFO] IPUIPlugin:80 - create IPUIPlugin
2023-09-26 15:56:25,474 [INFO] PluginManager:220 - loadIPPluginJar : add quadspi
2023-09-26 15:56:25,508 [INFO] IPUIPlugin:80 - create IPUIPlugin
2023-09-26 15:56:25,508 [INFO] PluginManager:220 - loadIPPluginJar : add resmgrutility
2023-09-26 15:56:25,587 [INFO] IPUIPlugin:80 - create IPUIPlugin
2023-09-26 15:56:25,587 [INFO] PluginManager:220 - loadIPPluginJar : add sai
2023-09-26 15:56:25,641 [INFO] IPUIPlugin:80 - create IPUIPlugin
2023-09-26 15:56:25,642 [INFO] PluginManager:220 - loadIPPluginJar : add spi
2023-09-26 15:56:25,728 [INFO] IPUIPlugin:80 - create IPUIPlugin
2023-09-26 15:56:25,729 [INFO] PluginManager:220 - loadIPPluginJar : add stm32_wpan
2023-09-26 15:56:25,766 [INFO] IPUIPlugin:80 - create IPUIPlugin
2023-09-26 15:56:25,766 [INFO] PluginManager:220 - loadIPPluginJar : add tim
2023-09-26 15:56:25,858 [INFO] IPUIPlugin:80 - create IPUIPlugin
2023-09-26 15:56:25,859 [INFO] PluginManager:220 - loadIPPluginJar : add touchsensing
2023-09-26 15:56:25,913 [INFO] IPUIPlugin:80 - create IPUIPlugin
2023-09-26 15:56:25,913 [INFO] PluginManager:220 - loadIPPluginJar : add tracer_emb
2023-09-26 15:56:25,954 [INFO] IPUIPlugin:80 - create IPUIPlugin
2023-09-26 15:56:25,954 [INFO] PluginManager:220 - loadIPPluginJar : add ts
2023-09-26 15:56:25,995 [INFO] IPUIPlugin:80 - create IPUIPlugin
2023-09-26 15:56:25,995 [INFO] PluginManager:220 - loadIPPluginJar : add tsc
2023-09-26 15:56:26,033 [INFO] IPUIPlugin:80 - create IPUIPlugin
2023-09-26 15:56:26,033 [INFO] PluginManager:220 - loadIPPluginJar : add ucpd
2023-09-26 15:56:26,088 [INFO] IPUIPlugin:80 - create IPUIPlugin
2023-09-26 15:56:26,088 [INFO] PluginManager:220 - loadIPPluginJar : add usart
2023-09-26 15:56:26,146 [INFO] IPUIPlugin:80 - create IPUIPlugin
2023-09-26 15:56:26,146 [INFO] PluginManager:220 - loadIPPluginJar : add usbx
2023-09-26 15:56:26,323 [INFO] CADModel:165 - CPN selected for project level
2023-09-26 15:56:26,324 [INFO] CADModel:114 - Register for checkConnection events
2023-09-26 15:56:26,324 [FATAL] Updater:308 - Updater called before beeing initialized
2023-09-26 15:56:26,325 [ERROR] CADModel:125 - Updater not yet initialized, retry later 
2023-09-26 15:56:26,620 [INFO] CADModel:165 - CPN selected for project level
2023-09-26 15:56:26,620 [INFO] CADModel:114 - Register for checkConnection events
2023-09-26 15:56:26,620 [FATAL] Updater:308 - Updater called before beeing initialized
2023-09-26 15:56:26,620 [ERROR] CADModel:125 - Updater not yet initialized, retry later 
2023-09-26 15:56:26,626 [FATAL] Updater:308 - Updater called before beeing initialized
2023-09-26 15:56:26,886 [FATAL] Updater:308 - Updater called before beeing initialized
2023-09-26 15:56:26,911 [INFO] DbMcusAds:53 - JSON generation date=Tue Mar 07 09:50:55 CET 2023 (1678179055114)
2023-09-26 15:56:26,912 [FATAL] Updater:308 - Updater called before beeing initialized
2023-09-26 15:56:26,993 [WARN] DetailPanel:346 - Failed to get advertising image, set to default
2023-09-26 15:56:27,137 [FATAL] Updater:308 - Updater called before beeing initialized
2023-09-26 15:56:27,142 [FATAL] Updater:308 - Updater called before beeing initialized
2023-09-26 15:56:27,142 [FATAL] Updater:308 - Updater called before beeing initialized
2023-09-26 15:56:27,142 [WARN] DetailPanel:346 - Failed to get advertising image, set to default
2023-09-26 15:56:27,145 [FATAL] Updater:308 - Updater called before beeing initialized
2023-09-26 15:56:27,280 [ERROR] Updater:1120 - MainUpdater not yet initialized. External WinMGr cannot be set.
2023-09-26 15:56:27,300 [INFO] Updater:1056 - Updater Version found : 6.9.1
2023-09-26 15:56:27,329 [INFO] ApplicationProperties:184 - Using Application install path: C:\ST\STM32CubeIDE_1.13.1\STM32CubeIDE\plugins\com.st.stm32cube.common.mx_6.9.1.202307191849
2023-09-26 15:56:27,794 [INFO] MainUpdater:2868 - connection check result : 10
2023-09-26 15:56:27,795 [INFO] MainUpdater:285 - Updater Check For Update Now.
2023-09-26 15:56:27,796 [INFO] MicroXplorer:498 - Change Database Version : DB.6.0.91
2023-09-26 15:56:28,133 [INFO] CheckServerUpdateThread:120 - End of CheckServer Thread
2023-09-26 15:56:28,288 [INFO] MainUpdater:2868 - connection check result : 10
2023-09-26 15:56:28,303 [INFO] MainUpdater:2868 - connection check result : 10
2023-09-26 15:56:28,557 [WARN] PackLoader:240 - Cannot read IP mode file for STMicroelectronics.X-CUBE-SMBUS.2.1.0
2023-09-26 15:56:28,680 [WARN] PackLoader:240 - Cannot read IP mode file for STMicroelectronics.X-CUBE-AZRTOS-F7.1.1.0
2023-09-26 15:56:28,725 [WARN] PackLoader:240 - Cannot read IP mode file for STMicroelectronics.FP-SNS-MOTENV1.4.3.2
2023-09-26 15:56:28,760 [WARN] PackLoader:240 - Cannot read IP mode file for STMicroelectronics.FP-SNS-FLIGHT1.5.0.2
2023-09-26 15:56:28,803 [WARN] PackLoader:240 - Cannot read IP mode file for STMicroelectronics.X-CUBE-DISPLAY.3.0.0
2023-09-26 15:56:28,865 [WARN] PackLoader:240 - Cannot read IP mode file for STMicroelectronics.X-CUBE-BLE1.7.0.0
2023-09-26 15:56:28,901 [WARN] PackLoader:240 - Cannot read IP mode file for emotas.I-CUBE-CANOPEN.1.3.0
2023-09-26 15:56:28,934 [WARN] PackLoader:240 - Cannot read IP mode file for STMicroelectronics.X-CUBE-TOUCHGFX.4.22.0
2023-09-26 15:56:28,955 [INFO] MicroXplorer:468 - Change Database Path : 
2023-09-26 15:56:28,956 [INFO] MicroXplorer:498 - Change Database Version : DB.6.0.91
2023-09-26 15:56:28,961 [WARN] PackLoader:240 - Cannot read IP mode file for STMicroelectronics.FP-SNS-SMARTAG2.1.2.0
2023-09-26 15:56:28,966 [WARN] ThirdParty:871 - waiting for thirdparty lock release [close project]
2023-09-26 15:56:29,023 [INFO] LogOutputStream:77 - [STDOUT_REDIRECT] 1 : Invalid condition id : UX_CORESTACK_Condition cause : null
2023-09-26 15:56:29,024 [INFO] LogOutputStream:77 - [STDOUT_REDIRECT] 1 : Invalid condition id : UX_CORESTACK_Condition cause : null
2023-09-26 15:56:29,028 [INFO] LogOutputStream:77 - [STDOUT_REDIRECT] 1 : Invalid condition id : UX_CORESTACK_Condition cause : null
2023-09-26 15:56:29,032 [INFO] LogOutputStream:77 - [STDOUT_REDIRECT] 1 : Invalid condition id : UX_CORESTACK_Condition cause : null
2023-09-26 15:56:29,037 [INFO] LogOutputStream:77 - [STDOUT_REDIRECT] 1 : Invalid condition id : UX_CORESTACK_Condition cause : null
2023-09-26 15:56:29,050 [WARN] PackLoader:240 - Cannot read IP mode file for STMicroelectronics.X-CUBE-AZRTOS-WL.2.0.0
2023-09-26 15:56:29,090 [WARN] PackLoader:240 - Cannot read IP mode file for WES.I-CUBE-Cesium.1.3.0
2023-09-26 15:56:29,122 [WARN] PackLoader:240 - Cannot read IP mode file for STMicroelectronics.X-CUBE-BLE2.3.3.0
2023-09-26 15:56:29,158 [WARN] PackLoader:240 - Cannot read IP mode file for STMicroelectronics.X-CUBE-ALGOBUILD.1.3.0
2023-09-26 15:56:29,245 [WARN] PackLoader:240 - Cannot read IP mode file for STMicroelectronics.X-CUBE-AZRTOS-G0.1.1.0
2023-09-26 15:56:29,287 [WARN] PackLoader:240 - Cannot read IP mode file for STMicroelectronics.X-CUBE-NFC4.3.0.0
2023-09-26 15:56:29,314 [WARN] PackLoader:240 - Cannot read IP mode file for STMicroelectronics.FP-ATR-SIGFOX1.3.2.0
2023-09-26 15:56:29,454 [WARN] PackLoader:240 - Cannot read IP mode file for SEGGER.I-CUBE-embOS.1.3.1
2023-09-26 15:56:29,591 [WARN] PackLoader:240 - Cannot read IP mode file for STMicroelectronics.X-CUBE-GNSS1.6.0.0
2023-09-26 15:56:29,678 [WARN] PackLoader:240 - Cannot read IP mode file for STMicroelectronics.X-CUBE-AZRTOS-F4.1.1.0
2023-09-26 15:56:29,710 [WARN] PackLoader:240 - Cannot read IP mode file for wolfSSL.I-CUBE-wolfSSL.5.6.3
2023-09-26 15:56:29,773 [WARN] PackLoader:240 - Cannot read IP mode file for STMicroelectronics.X-CUBE-AZRTOS-L5.2.0.0
2023-09-26 15:56:29,890 [WARN] PackLoader:240 - Cannot read IP mode file for STMicroelectronics.X-CUBE-MEMS1.9.6.0
2023-09-26 15:56:30,349 [WARN] PackLoader:240 - Cannot read IP mode file for STMicroelectronics.X-CUBE-BLEMGR.2.0.0
2023-09-26 15:56:30,432 [WARN] ConditionMgr:438 - getConditionDescription Invalid condition id : UX DEVICE CLASS RTOS Condition cause : null
2023-09-26 15:56:30,433 [WARN] ConditionMgr:438 - getConditionDescription Invalid condition id : UX DEVICE CLASS RTOS Condition cause : null
2023-09-26 15:56:30,445 [WARN] PackLoader:240 - Cannot read IP mode file for STMicroelectronics.X-CUBE-AZRTOS-H7.3.1.0
2023-09-26 15:56:30,448 [WARN] ConditionMgr:1039 - genDependencies : Invalid condition id : UX DEVICE CLASS RTOS Condition cause : null
2023-09-26 15:56:30,448 [WARN] ConditionMgr:1039 - genDependencies : Invalid condition id : UX DEVICE CLASS RTOS Condition cause : null
2023-09-26 15:56:30,450 [WARN] ConditionMgr:1039 - genDependencies : Invalid condition id : UX DEVICE CLASS RTOS Condition cause : null
2023-09-26 15:56:30,452 [WARN] ConditionMgr:1039 - genDependencies : Invalid condition id : UX DEVICE CLASS RTOS Condition cause : null
2023-09-26 15:56:30,452 [WARN] ConditionMgr:1039 - genDependencies : Invalid condition id : UX DEVICE CLASS RTOS Condition cause : null
2023-09-26 15:56:30,482 [WARN] PackLoader:240 - Cannot read IP mode file for STMicroelectronics.X-CUBE-NFC7.1.0.1
2023-09-26 15:56:30,518 [WARN] PackLoader:240 - Cannot read IP mode file for STMicroelectronics.X-CUBE-NFC6.3.0.0
2023-09-26 15:56:30,550 [WARN] PackLoader:240 - Cannot read IP mode file for STMicroelectronics.X-CUBE-EEPRMA1.4.1.0
2023-09-26 15:56:30,582 [WARN] PackLoader:240 - Cannot read IP mode file for STMicroelectronics.X-CUBE-AI.8.1.0
2023-09-26 15:56:30,648 [WARN] ConditionMgr:438 - getConditionDescription Invalid condition id : LAN8742 Phy interface Condition cause : null
2023-09-26 15:56:30,650 [WARN] PackLoader:240 - Cannot read IP mode file for STMicroelectronics.X-CUBE-AZRTOS-L4.2.0.0
2023-09-26 15:56:30,652 [WARN] ConditionMgr:1039 - genDependencies : Invalid condition id : LAN8742 Phy interface Condition cause : null
2023-09-26 15:56:30,653 [WARN] ConditionMgr:1039 - genDependencies : Invalid condition id : LAN8742 Phy interface Condition cause : null
2023-09-26 15:56:30,655 [WARN] ConditionMgr:1039 - genDependencies : Invalid condition id : LAN8742 Phy interface Condition cause : null
2023-09-26 15:56:30,687 [WARN] PackLoader:240 - Cannot read IP mode file for STMicroelectronics.X-CUBE-SFXS2LP1.4.0.0
2023-09-26 15:56:30,708 [WARN] PackLoader:240 - Cannot read IP mode file for STMicroelectronics.X-CUBE-ISPU.1.1.0
2023-09-26 15:56:30,758 [WARN] ConditionMgr:438 - getConditionDescription Invalid condition id : UX DEVICE CLASS RTOS Condition cause : null
2023-09-26 15:56:30,759 [WARN] ConditionMgr:438 - getConditionDescription Invalid condition id : UX DEVICE CLASS RTOS Condition cause : null
2023-09-26 15:56:30,765 [WARN] PackLoader:240 - Cannot read IP mode file for STMicroelectronics.X-CUBE-AZRTOS-WB.2.0.0
2023-09-26 15:56:30,766 [WARN] ConditionMgr:1039 - genDependencies : Invalid condition id : UX DEVICE CLASS RTOS Condition cause : null
2023-09-26 15:56:30,766 [WARN] ConditionMgr:1039 - genDependencies : Invalid condition id : UX DEVICE CLASS RTOS Condition cause : null
2023-09-26 15:56:30,767 [WARN] ConditionMgr:1039 - genDependencies : Invalid condition id : UX DEVICE CLASS RTOS Condition cause : null
2023-09-26 15:56:30,768 [WARN] ConditionMgr:1039 - genDependencies : Invalid condition id : UX DEVICE CLASS RTOS Condition cause : null
2023-09-26 15:56:30,768 [WARN] ConditionMgr:1039 - genDependencies : Invalid condition id : UX DEVICE CLASS RTOS Condition cause : null
2023-09-26 15:56:30,805 [WARN] PackLoader:240 - Cannot read IP mode file for STMicroelectronics.X-CUBE-SUBG2.5.0.0
2023-09-26 15:56:30,844 [WARN] PackLoader:240 - Cannot read IP mode file for STMicroelectronics.X-CUBE-TOF1.3.3.1
2023-09-26 15:56:30,908 [WARN] PackLoader:240 - Cannot read IP mode file for STMicroelectronics.X-CUBE-AZRTOS-G4.2.0.0
2023-09-26 15:56:30,929 [WARN] PackLoader:240 - Cannot read IP mode file for STMicroelectronics.X-CUBE-FREERTOS.1.1.0
2023-09-26 15:56:30,952 [WARN] PackLoader:240 - Cannot read IP mode file for portGmbH.I-Cube-SoM-uGOAL.1.1.0
2023-09-26 15:56:30,970 [WARN] PackLoader:240 - Cannot read IP mode file for STMicroelectronics.X-CUBE-ALS.1.0.1
2023-09-26 15:56:30,987 [WARN] PackLoader:240 - Cannot read IP mode file for STMicroelectronics.FP-ATR-ASTRA1.2.0.0
2023-09-26 15:56:30,988 [INFO] ThirdParty:978 - Integrity check success = true
2023-09-26 15:56:30,989 [INFO] IntegrityCheckThread:100 - exiting critical section [integrity check]
2023-09-26 15:56:30,989 [INFO] IntegrityCheckThread:103 - End integrity checks thread
2023-09-26 15:56:30,989 [INFO] ThirdParty:873 - entering critical section [close project]
2023-09-26 15:56:30,991 [INFO] ThirdParty:883 - exiting critical section [close project]
2023-09-26 15:56:30,996 [INFO] PinOutPanel:1499 - setPackage(No Configuration,No Configuration)
2023-09-26 15:56:31,010 [INFO] UtilMem:75 - Begin LoadConfig() Used Memory: 157166392 Bytes (268435456)
2023-09-26 15:56:31,013 [INFO] MicroXplorer:468 - Change Database Path : 
2023-09-26 15:56:31,013 [INFO] MicroXplorer:498 - Change Database Version : DB.6.0.91
2023-09-26 15:56:31,014 [INFO] OpenFileManager:308 - Change cursor
2023-09-26 15:56:31,088 [INFO] Mcu:1946 - Initializing MCU STM32F411R(C-E)Tx STM32F411RETx STM32F411RET6
2023-09-26 15:56:33,901 [INFO] Context:659 - Trying to add GPIOservice into a context  which must be forbidden
2023-09-26 15:56:35,006 [INFO] RtosManager:555 - Registered RTOS mode: class=CMSIS, group=RTOS, mode=CMSIS_V1, owner=FREERTOS
2023-09-26 15:56:35,006 [INFO] RtosManager:555 - Registered RTOS mode: class=CMSIS, group=RTOS2, mode=CMSIS_V2, owner=FREERTOS
2023-09-26 15:56:35,007 [INFO] RtosManager:555 - Registered RTOS mode: class=RTOS, group=Core, mode=CMSIS_V1, owner=FREERTOS
2023-09-26 15:56:35,007 [INFO] RtosManager:555 - Registered RTOS mode: class=RTOS, group=Core, mode=CMSIS_V2, owner=FREERTOS
2023-09-26 15:56:35,007 [WARN] ModelIntegratedComponent:184 - Missing modes for component STMicroelectronics:FreeRTOS:0.0.1:STMicroelectronics:RTOS:FreeRTOS:Core:::10.2.0:
2023-09-26 15:56:35,017 [WARN] ModelIntegratedComponent:182 - Modes not found for component STMicroelectronics:USB_HOST:1.0.0:STMicroelectronics:USB::USB Host:Audio HS::1.0:USB_HOST_1_0_RESTRICTED_HS
2023-09-26 15:56:35,017 [WARN] ModelIntegratedComponent:188 - Modes not found for component STMicroelectronics:USB_HOST:1.0.0:STMicroelectronics:USB::USB Host:Audio HS::1.0:USB_HOST_1_0_RESTRICTED_HS
2023-09-26 15:56:35,018 [WARN] ModelIntegratedComponent:182 - Modes not found for component STMicroelectronics:USB_HOST:1.0.0:STMicroelectronics:USB::USB Host:CDC HS::1.0:USB_HOST_1_0_RESTRICTED_HS
2023-09-26 15:56:35,018 [WARN] ModelIntegratedComponent:188 - Modes not found for component STMicroelectronics:USB_HOST:1.0.0:STMicroelectronics:USB::USB Host:CDC HS::1.0:USB_HOST_1_0_RESTRICTED_HS
2023-09-26 15:56:35,018 [WARN] ModelIntegratedComponent:182 - Modes not found for component STMicroelectronics:USB_HOST:1.0.0:STMicroelectronics:USB::USB Host:MSC HS::1.0:USB_HOST_1_0_RESTRICTED_HS
2023-09-26 15:56:35,018 [WARN] ModelIntegratedComponent:188 - Modes not found for component STMicroelectronics:USB_HOST:1.0.0:STMicroelectronics:USB::USB Host:MSC HS::1.0:USB_HOST_1_0_RESTRICTED_HS
2023-09-26 15:56:35,019 [WARN] ModelIntegratedComponent:182 - Modes not found for component STMicroelectronics:USB_HOST:1.0.0:STMicroelectronics:USB::USB Host:HID HS::1.0:USB_HOST_1_0_RESTRICTED_HS
2023-09-26 15:56:35,019 [WARN] ModelIntegratedComponent:188 - Modes not found for component STMicroelectronics:USB_HOST:1.0.0:STMicroelectronics:USB::USB Host:HID HS::1.0:USB_HOST_1_0_RESTRICTED_HS
2023-09-26 15:56:35,019 [WARN] ModelIntegratedComponent:182 - Modes not found for component STMicroelectronics:USB_HOST:1.0.0:STMicroelectronics:USB::USB Host:MTP HS::1.0:USB_HOST_1_0_RESTRICTED_HS
2023-09-26 15:56:35,019 [WARN] ModelIntegratedComponent:188 - Modes not found for component STMicroelectronics:USB_HOST:1.0.0:STMicroelectronics:USB::USB Host:MTP HS::1.0:USB_HOST_1_0_RESTRICTED_HS
2023-09-26 15:56:35,037 [WARN] ModelIntegratedComponent:63 - No mode defined for component null
2023-09-26 15:56:35,038 [WARN] ModelIntegratedComponent:63 - No mode defined for component null
2023-09-26 15:56:35,038 [WARN] ModelIntegratedComponent:63 - No mode defined for component null
2023-09-26 15:56:35,038 [WARN] ModelIntegratedComponent:63 - No mode defined for component null
2023-09-26 15:56:35,038 [WARN] ModelIntegratedComponent:63 - No mode defined for component null
2023-09-26 15:56:35,038 [WARN] ModelIntegratedComponent:63 - No mode defined for component null
2023-09-26 15:56:35,039 [WARN] ModelIntegratedComponent:63 - No mode defined for component null
2023-09-26 15:56:35,039 [WARN] ModelIntegratedComponent:63 - No mode defined for component null
2023-09-26 15:56:35,039 [WARN] ModelIntegratedComponent:63 - No mode defined for component null
2023-09-26 15:56:35,039 [WARN] ModelIntegratedComponent:63 - No mode defined for component null
2023-09-26 15:56:35,039 [WARN] ModelIntegratedComponent:63 - No mode defined for component null
2023-09-26 15:56:35,039 [WARN] ModelIntegratedComponent:63 - No mode defined for component null
2023-09-26 15:56:35,039 [WARN] ModelIntegratedComponent:63 - No mode defined for component null
2023-09-26 15:56:35,039 [WARN] ModelIntegratedComponent:63 - No mode defined for component null
2023-09-26 15:56:35,040 [WARN] ModelIntegratedComponent:63 - No mode defined for component null
2023-09-26 15:56:35,040 [WARN] ModelIntegratedComponent:63 - No mode defined for component null
2023-09-26 15:56:35,040 [WARN] ModelIntegratedComponent:63 - No mode defined for component null
2023-09-26 15:56:35,040 [WARN] ModelIntegratedComponent:63 - No mode defined for component null
2023-09-26 15:56:35,040 [WARN] ModelIntegratedComponent:63 - No mode defined for component null
2023-09-26 15:56:35,041 [WARN] ModelIntegratedComponent:63 - No mode defined for component null
2023-09-26 15:56:35,041 [WARN] ModelIntegratedComponent:63 - No mode defined for component null
2023-09-26 15:56:35,041 [WARN] ModelIntegratedComponent:63 - No mode defined for component null
2023-09-26 15:56:35,041 [WARN] ModelIntegratedComponent:63 - No mode defined for component null
2023-09-26 15:56:35,041 [WARN] ModelIntegratedComponent:63 - No mode defined for component null
2023-09-26 15:56:35,041 [WARN] ModelIntegratedComponent:63 - No mode defined for component null
2023-09-26 15:56:35,041 [WARN] ModelIntegratedComponent:63 - No mode defined for component null
2023-09-26 15:56:35,042 [WARN] ModelIntegratedComponent:63 - No mode defined for component null
2023-09-26 15:56:35,042 [WARN] ModelIntegratedComponent:63 - No mode defined for component null
2023-09-26 15:56:35,042 [WARN] ModelIntegratedComponent:63 - No mode defined for component null
2023-09-26 15:56:35,042 [WARN] ModelIntegratedComponent:63 - No mode defined for component null
2023-09-26 15:56:35,042 [WARN] ModelIntegratedComponent:63 - No mode defined for component null
2023-09-26 15:56:35,042 [WARN] ModelIntegratedComponent:63 - No mode defined for component null
2023-09-26 15:56:35,042 [WARN] ModelIntegratedComponent:63 - No mode defined for component null
2023-09-26 15:56:35,060 [WARN] ModelIntegratedComponent:182 - Modes not found for component STMicroelectronics:USB_DEVICE:1.0.0:STMicroelectronics:USB::USB Device:Audio HS::1.0:USB_DEVICE_1_0_RESTRICTED_HS
2023-09-26 15:56:35,060 [WARN] ModelIntegratedComponent:188 - Modes not found for component STMicroelectronics:USB_DEVICE:1.0.0:STMicroelectronics:USB::USB Device:Audio HS::1.0:USB_DEVICE_1_0_RESTRICTED_HS
2023-09-26 15:56:35,060 [WARN] ModelIntegratedComponent:182 - Modes not found for component STMicroelectronics:USB_DEVICE:1.0.0:STMicroelectronics:USB::USB Device:CDC HS::1.0:USB_DEVICE_1_0_RESTRICTED_HS
2023-09-26 15:56:35,060 [WARN] ModelIntegratedComponent:188 - Modes not found for component STMicroelectronics:USB_DEVICE:1.0.0:STMicroelectronics:USB::USB Device:CDC HS::1.0:USB_DEVICE_1_0_RESTRICTED_HS
2023-09-26 15:56:35,060 [WARN] ModelIntegratedComponent:182 - Modes not found for component STMicroelectronics:USB_DEVICE:1.0.0:STMicroelectronics:USB::USB Device:DFU HS::1.0:USB_DEVICE_1_0_RESTRICTED_HS
2023-09-26 15:56:35,060 [WARN] ModelIntegratedComponent:188 - Modes not found for component STMicroelectronics:USB_DEVICE:1.0.0:STMicroelectronics:USB::USB Device:DFU HS::1.0:USB_DEVICE_1_0_RESTRICTED_HS
2023-09-26 15:56:35,061 [WARN] ModelIntegratedComponent:182 - Modes not found for component STMicroelectronics:USB_DEVICE:1.0.0:STMicroelectronics:USB::USB Device:HID HS::1.0:USB_DEVICE_1_0_RESTRICTED_HS
2023-09-26 15:56:35,061 [WARN] ModelIntegratedComponent:188 - Modes not found for component STMicroelectronics:USB_DEVICE:1.0.0:STMicroelectronics:USB::USB Device:HID HS::1.0:USB_DEVICE_1_0_RESTRICTED_HS
2023-09-26 15:56:35,061 [WARN] ModelIntegratedComponent:182 - Modes not found for component STMicroelectronics:USB_DEVICE:1.0.0:STMicroelectronics:USB::USB Device:Custom HID HS::1.0:USB_DEVICE_1_0_RESTRICTED_HS
2023-09-26 15:56:35,061 [WARN] ModelIntegratedComponent:188 - Modes not found for component STMicroelectronics:USB_DEVICE:1.0.0:STMicroelectronics:USB::USB Device:Custom HID HS::1.0:USB_DEVICE_1_0_RESTRICTED_HS
2023-09-26 15:56:35,061 [WARN] ModelIntegratedComponent:182 - Modes not found for component STMicroelectronics:USB_DEVICE:1.0.0:STMicroelectronics:USB::USB Device:MSC HS::1.0:USB_DEVICE_1_0_RESTRICTED_HS
2023-09-26 15:56:35,061 [WARN] ModelIntegratedComponent:188 - Modes not found for component STMicroelectronics:USB_DEVICE:1.0.0:STMicroelectronics:USB::USB Device:MSC HS::1.0:USB_DEVICE_1_0_RESTRICTED_HS
2023-09-26 15:56:35,083 [INFO] ThirdPartyModel:298 - Start build external matchings
2023-09-26 15:56:35,536 [INFO] ThirdPartyModel:316 - End build external matchings
2023-09-26 15:56:35,557 [INFO] ImportTextPane:194 - (OptionalMessage_ERROR) IP (RCC) : Parameter (48MHZClocksFreq_Value) has invalid value (84000000)
2023-09-26 15:56:35,560 [INFO] ImportTextPane:194 - (OptionalMessage_ERROR) IP (RCC) : Parameter (FLatency) has Id (AdvancedSettings) currently not set
2023-09-26 15:56:35,562 [INFO] ImportTextPane:194 - (OptionalMessage_ERROR) IP (RCC) : Parameter (RTCHSEDivFreq_Value) has invalid value (4000000)
2023-09-26 15:56:36,081 [INFO] UtilMem:75 - End LoadConfig() Used Memory: 125299608 Bytes (300941312)
2023-09-26 15:56:36,424 [INFO] ApiDb:581 - Connected to CubeFinder SQLite database (C:\Users\46763\.stmcufinder\plugins\mcufinder\mcu\cube-finder-db.db)
2023-09-26 15:56:36,606 [INFO] ApiDb:668 - CubeFinder database Data Model version=2.1
2023-09-26 15:56:36,606 [INFO] ApiDb:669 - CubeFinder database Configuration version=3.0.37
2023-09-26 15:56:36,607 [INFO] ApiDb:670 - CubeFinder database generation date=2023-08-09 (1691586011)
2023-09-26 15:56:36,607 [INFO] ApiDb:671 - CubeFinder database FW Pack versions=[FP-ATR-ASTRA1_V2.0.0, FP-SNS-FLIGHT1_V5.0.1, FP-SNS-FLIGHT1_V5.0.2, FP-SNS-MOTENV1_V4.3.1, FP-SNS-MOTENV1_V4.3.2, STM32Cube_FW_C0_V1.1.0, STM32Cube_FW_F4_V1.27.1, STM32Cube_FW_F7_V1.17.0, STM32Cube_FW_G0_V1.6.1, STM32Cube_FW_G4_V1.5.1, STM32Cube_FW_H5_V0.5.1, STM32Cube_FW_H5_V1.1.0, STM32Cube_FW_H7_V1.11.0, STM32Cube_FW_L0_V1.12.2, STM32Cube_FW_L5_V1.5.0, STM32Cube_FW_U5_V1.3.0, STM32Cube_FW_U5_V1.3.0RC4, STM32Cube_FW_WBA_V1.0.0RC1, STM32Cube_FW_WBA_V1.1.0, STM32Cube_FW_WBA_V1.1.0RC1, STM32Cube_FW_WB_V1.15.0RC1, STM32Cube_FW_WB_V1.16.0, STM32Cube_FW_WB_V1.16.0RC2, STM32Cube_FW_WB_V1.17.0, STM32Cube_FW_WL_V1.3.0, X-CUBE-ALGOBUILD_V1.3.0, X-CUBE-ALS_V1.0.1, X-CUBE-AZRTOS-F4_V1.1.0, X-CUBE-AZRTOS-F7_V1.1.0, X-CUBE-AZRTOS-G0_V1.1.0, X-CUBE-AZRTOS-G4_V2.0.0, X-CUBE-AZRTOS-H7_V3.1.0, X-CUBE-AZRTOS-L4_V1.0.0, X-CUBE-AZRTOS-L4_V2.0.0, X-CUBE-AZRTOS-L5_V1.1.0, X-CUBE-AZRTOS-WB_V1.1.0, X-CUBE-AZRTOS-WL_V2.0.0, X-CUBE-BLE1_V7.0.0, X-CUBE-BLE2_V3.3.0, X-CUBE-BLEMGR_V2.0.0, X-CUBE-EEPRMA1_V4.1.0, X-CUBE-FREERTOS_V1.1.0, X-CUBE-GNSS1_V6.0.0, X-CUBE-MEMS1_V9.1.0, X-CUBE-MEMS1_V9.4.0, X-CUBE-MEMS1_V9.6.0, X-CUBE-NFC4_V3.0.0, X-CUBE-NFC7_V1.0.0, X-CUBE-SFXS2LP1_V4.0.0, X-CUBE-SUBG2_V5.0.0, X-CUBE-TOF1_V3.3.1]
2023-09-26 15:56:41,357 [INFO] ApiDb:240 - Found 323 in-development CPN: [B-G473E-ZEST1S, B-WB1M-WPAN1, B-WL5M-SUBG1, NUCLEO-C031C6, NUCLEO-H503RB, NUCLEO-H563ZI, NUCLEO-U545RE-Q, NUCLEO-U5A5ZJ-Q, NUCLEO-WBA52CG, STEVAL-PROTEUS1, STEVAL-SMARTAG2, STEVAL-STWINBX1, STM320518-EVAL, STM32C0116-DK, STM32C011D6Y3TR, STM32C011D6Y6TR, STM32C011F4P3, STM32C011F4P6, STM32C011F4U3, STM32C011F4U6TR, STM32C011F6P3, STM32C011F6P6, STM32C011F6U3, STM32C011F6U6TR, STM32C011J4M3, STM32C011J4M6, STM32C011J6M3, STM32C011J6M6, STM32C0316-DK, STM32C031C4T3, STM32C031C4T6, STM32C031C4U3, STM32C031C4U6, STM32C031C6T3, STM32C031C6T6, STM32C031C6U3, STM32C031C6U6, STM32C031F4P3, STM32C031F4P6, STM32C031F6P3, STM32C031F6P6, STM32C031G4U3, STM32C031G4U6, STM32C031G6U3, STM32C031G6U6, STM32C031K4T3, STM32C031K4T6, STM32C031K4U3, STM32C031K4U6, STM32C031K6T3, STM32C031K6T6, STM32C031K6U3, STM32C031K6U6, STM32G071K8TXN, STM32G071K8UXN, STM32G081GBU6N, STM32G081KBT6N, STM32G081KBUXN, STM32G0B1CCT6N, STM32G0B1KCT6, STM32G0B1NEY6TR, STM32G0B1RCT6N, STM32G0C1CCT6, STM32G0C1CCT6N, STM32G0C1CCU6N, STM32G0C1CET6N, STM32G0C1CEU6N, STM32G0C1KCT6, STM32G0C1NEY6TR, STM32G0C1RCI6N, STM32G0C1RCT6N, STM32G0C1REI6N, STM32G0C1RET6N, STM32G0C1VCI6, STM32G0C1VEI6, STM32G471CCT6, STM32G471CCU6, STM32G471CET3, STM32G471CET6, STM32G471CEU3, STM32G471CEU6, STM32G471MCT6, STM32G471MET3, STM32G471MET6, STM32G471MEY6TR, STM32G471QCT6, STM32G471QET3, STM32G471RCT6, STM32G471RET3, STM32G471RET6, STM32G471VCH6, STM32G471VCI6, STM32G471VCT6, STM32G471VEH3, STM32G471VEH6, STM32G471VEI3, STM32G471VEI6, STM32G471VET3, STM32G471VET6, STM32G474CCT6, STM32H503CBT6, STM32H503CBU6, STM32H503EBY6TR, STM32H503KBU6, STM32H503RBT6, STM32H562AGI6, STM32H562AII6, STM32H562IGK6, STM32H562IGT6, STM32H562IIK6, STM32H562IIT6, STM32H562RGT6, STM32H562RGV6, STM32H562RIT6, STM32H562RIV6, STM32H562VGT6, STM32H562VIT6, STM32H562ZGT6, STM32H562ZIT6, STM32H563AGI6, STM32H563AII3Q, STM32H563AII6, STM32H563IGK6, STM32H563IGT6, STM32H563IIK3Q, STM32H563IIK6, STM32H563IIT3Q, STM32H563IIT6, STM32H563MIY3QTR, STM32H563RGT6, STM32H563RGV6, STM32H563RIT6, STM32H563RIV6, STM32H563VGT6, STM32H563VIT3Q, STM32H563VIT6, STM32H563ZGT6, STM32H563ZIT3Q, STM32H563ZIT6, STM32H573AII3Q, STM32H573AII6, STM32H573I-DK, STM32H573IIK3Q, STM32H573IIK6, STM32H573IIT3Q, STM32H573IIT6, STM32H573MIY3QTR, STM32H573RIT6, STM32H573RIV6, STM32H573VIT3Q, STM32H573VIT6, STM32H573ZIT3Q, STM32H573ZIT6, STM32L4R5QGI6STR, STM32MP131AAE3, STM32MP131AAF3, STM32MP131AAG3, STM32MP131CAE3, STM32MP131CAF3, STM32MP131CAG3, STM32MP131DAE7, STM32MP131DAF7, STM32MP131DAG7, STM32MP131FAE7, STM32MP131FAF7, STM32MP131FAG7, STM32MP133AAE3, STM32MP133AAF3, STM32MP133AAG3, STM32MP133CAE3, STM32MP133CAF3, STM32MP133CAG3, STM32MP133DAE7, STM32MP133DAF7, STM32MP133DAG7, STM32MP133FAE7, STM32MP133FAF7, STM32MP133FAG7, STM32MP135AAE3, STM32MP135AAF3, STM32MP135AAG3, STM32MP135CAE3, STM32MP135CAF3, STM32MP135CAG3, STM32MP135DAE7, STM32MP135DAF7, STM32MP135DAG7, STM32MP135F-DK, STM32MP135FAE7, STM32MP135FAF7, STM32MP135FAF7T, STM32MP135FAF7U, STM32MP135FAG7, STM32U535CBT6, STM32U535CBT6Q, STM32U535CBU6, STM32U535CBU6Q, STM32U535CCT6, STM32U535CCT6Q, STM32U535CCU6, STM32U535CCU6Q, STM32U535CET6, STM32U535CET6Q, STM32U535CEU6, STM32U535CEU6Q, STM32U535JEY6QTR, STM32U535NCY6QTR, STM32U535NEY6QTR, STM32U535RBI6, STM32U535RBI6Q, STM32U535RBT6, STM32U535RBT6Q, STM32U535RCI6, STM32U535RCI6Q, STM32U535RCT6, STM32U535RCT6Q, STM32U535REI6, STM32U535REI6Q, STM32U535RET6, STM32U535RET6Q, STM32U535VCI6, STM32U535VCI6Q, STM32U535VCT6, STM32U535VCT6Q, STM32U535VEI6, STM32U535VEI6Q, STM32U535VET6, STM32U535VET6Q, STM32U545CET6, STM32U545CET6Q, STM32U545CEU6, STM32U545CEU6Q, STM32U545JEY6QTR, STM32U545NEY6QTR, STM32U545REI6, STM32U545REI6Q, STM32U545RET6, STM32U545RET6Q, STM32U545VEI6, STM32U545VEI6Q, STM32U545VET6, STM32U545VET6Q, STM32U595AIH6, STM32U595AIH6Q, STM32U595AJH6, STM32U595AJH6Q, STM32U595QII6, STM32U595QII6Q, STM32U595QJI6, STM32U595QJI6Q, STM32U595RIT6, STM32U595RIT6Q, STM32U595RJT6, STM32U595RJT6Q, STM32U595VIT6, STM32U595VIT6Q, STM32U595VJT6, STM32U595VJT6Q, STM32U595ZIT6, STM32U595ZIT6Q, STM32U595ZIY6QTR, STM32U595ZJT6, STM32U595ZJT6Q, STM32U595ZJY6QTR, STM32U599BJY6QTR, STM32U599NIH6Q, STM32U599NJH6Q, STM32U599VIT6Q, STM32U599VJT6, STM32U599VJT6Q, STM32U599ZIT6Q, STM32U599ZIY6QTR, STM32U599ZJT6Q, STM32U599ZJY6QTR, STM32U5A5AJH6, STM32U5A5AJH6Q, STM32U5A5QJI6, STM32U5A5QJI6Q, STM32U5A5RJT6, STM32U5A5RJT6Q, STM32U5A5VJT6, STM32U5A5VJT6Q, STM32U5A5ZJT6, STM32U5A5ZJT6Q, STM32U5A5ZJY6QTR, STM32U5A9BJY6QTR, STM32U5A9J-DK, STM32U5A9NJH6Q, STM32U5A9VJT6Q, STM32U5A9ZJT6Q, STM32U5A9ZJY6QTR, STM32U5F7VIT6, STM32U5F7VIT6Q, STM32U5F7VJT6, STM32U5F7VJT6Q, STM32U5F9BJY6QTR, STM32U5F9NJH6Q, STM32U5F9VIT6Q, STM32U5F9VJT6Q, STM32U5F9ZIJ6QTR, STM32U5F9ZIT6Q, STM32U5F9ZJJ6QTR, STM32U5F9ZJT6Q, STM32U5G7VJT6, STM32U5G7VJT6Q, STM32U5G9BJY6QTR, STM32U5G9J-DK1, STM32U5G9J-DK2, STM32U5G9NJH6Q, STM32U5G9VJT6Q, STM32U5G9ZJJ6QTR, STM32U5G9ZJT6Q, STM32WB1MMCH6, STM32WBA52CEU6, STM32WBA52CEU6T, STM32WBA52CGU6, STM32WBA52CGU6T, STM32WBA52KEU6, STM32WBA52KEU6T, STM32WBA52KGU6, STM32WBA52KGU6T, STM32WL5MOCH6, STM32WL5MOCH6TR]
2023-09-26 15:56:41,365 [INFO] DbMcus:217 - Found 3848 MCUs, 3848 are supported
2023-09-26 15:56:41,367 [INFO] ApiDb:423 - Load user favorites file C:\Users\46763/.stm32cubeide/favorites.mcus.txt: 0 item(s)
2023-09-26 15:56:41,368 [INFO] ApiDb:427 - User favorites MCUs=[]
2023-09-26 15:56:41,368 [INFO] DbMcus:223 - Set 0 / 0 favorites MCUs
2023-09-26 15:56:41,854 [WARN] ThirdParty:833 - waiting for thirdparty lock release [change project]
2023-09-26 15:56:41,854 [INFO] ThirdParty:835 - entering critical section [change project]
2023-09-26 15:56:41,855 [INFO] ThirdParty:1030 - CMSIS Pack Vendor :STMicroelectronics X-CUBE-ISPU 1.1.0
2023-09-26 15:56:41,855 [INFO] ThirdParty:1030 - CMSIS Pack Vendor :STMicroelectronics USBPD 4.1
2023-09-26 15:56:41,855 [INFO] ThirdParty:1030 - CMSIS Pack Vendor :STMicroelectronics X-CUBE-GNSS1 6.0.0
2023-09-26 15:56:41,855 [INFO] ThirdParty:1030 - CMSIS Pack Vendor :STMicroelectronics USB_HOST 2.0.0
2023-09-26 15:56:41,855 [INFO] ThirdParty:1030 - CMSIS Pack Vendor :STMicroelectronics X-CUBE-AZRTOS-F4 1.1.0
2023-09-26 15:56:41,855 [INFO] ThirdParty:1030 - CMSIS Pack Vendor :STMicroelectronics LIBJPEG 8.0.0
2023-09-26 15:56:41,855 [INFO] ThirdParty:1030 - CMSIS Pack Vendor :wolfSSL I-CUBE-wolfSSL 5.6.3
2023-09-26 15:56:41,855 [INFO] ThirdParty:1030 - CMSIS Pack Vendor :STMicroelectronics X-CUBE-SMBUS 2.1.0
2023-09-26 15:56:41,855 [INFO] ThirdParty:1030 - CMSIS Pack Vendor :STMicroelectronics USB_DEVICE 3.0.0
2023-09-26 15:56:41,856 [INFO] ThirdParty:1030 - CMSIS Pack Vendor :STMicroelectronics X-CUBE-AZRTOS-WB 2.0.0
2023-09-26 15:56:41,856 [INFO] ThirdParty:1030 - CMSIS Pack Vendor :STMicroelectronics X-CUBE-AZRTOS-F7 1.1.0
2023-09-26 15:56:41,856 [INFO] ThirdParty:1030 - CMSIS Pack Vendor :STMicroelectronics X-CUBE-AZRTOS-L5 2.0.0
2023-09-26 15:56:41,856 [INFO] ThirdParty:1030 - CMSIS Pack Vendor :STMicroelectronics USB_DEVICE 2.0.0
2023-09-26 15:56:41,856 [INFO] ThirdParty:1030 - CMSIS Pack Vendor :STMicroelectronics X-CUBE-MEMS1 9.6.0
2023-09-26 15:56:41,856 [INFO] ThirdParty:1030 - CMSIS Pack Vendor :STMicroelectronics FP-SNS-MOTENV1 4.3.2
2023-09-26 15:56:41,856 [INFO] ThirdParty:1030 - CMSIS Pack Vendor :STMicroelectronics X-CUBE-ALGOBUILD 1.3.0
2023-09-26 15:56:41,856 [INFO] ThirdParty:1030 - CMSIS Pack Vendor :STMicroelectronics FreeRTOS 0.0.1
2023-09-26 15:56:41,856 [INFO] ThirdParty:1030 - CMSIS Pack Vendor :STMicroelectronics X-CUBE-AZRTOS-G0 1.1.0
2023-09-26 15:56:41,856 [INFO] ThirdParty:1030 - CMSIS Pack Vendor :STMicroelectronics X-CUBE-BLEMGR 2.0.0
2023-09-26 15:56:41,856 [INFO] ThirdParty:1030 - CMSIS Pack Vendor :STMicroelectronics X-CUBE-NFC4 3.0.0
2023-09-26 15:56:41,857 [INFO] ThirdParty:1030 - CMSIS Pack Vendor :STMicroelectronics X-CUBE-SUBG2 5.0.0
2023-09-26 15:56:41,857 [INFO] ThirdParty:1030 - CMSIS Pack Vendor :STMicroelectronics STM32_WPAN 1.0.0
2023-09-26 15:56:41,857 [INFO] ThirdParty:1030 - CMSIS Pack Vendor :STMicroelectronics lwIP 2.0.3
2023-09-26 15:56:41,857 [INFO] ThirdParty:1030 - CMSIS Pack Vendor :STMicroelectronics FP-SNS-FLIGHT1 5.0.2
2023-09-26 15:56:41,857 [INFO] ThirdParty:1030 - CMSIS Pack Vendor :STMicroelectronics USB_HOST 1.0.0
2023-09-26 15:56:41,857 [INFO] ThirdParty:1030 - CMSIS Pack Vendor :STMicroelectronics X-CUBE-TOF1 3.3.1
2023-09-26 15:56:41,857 [INFO] ThirdParty:1030 - CMSIS Pack Vendor :STMicroelectronics X-CUBE-AZRTOS-G4 2.0.0
2023-09-26 15:56:41,857 [INFO] ThirdParty:1030 - CMSIS Pack Vendor :STMicroelectronics PDM2PCM 3.1.0
2023-09-26 15:56:41,857 [INFO] ThirdParty:1030 - CMSIS Pack Vendor :STMicroelectronics X-CUBE-AZRTOS-H7 3.1.0
2023-09-26 15:56:41,857 [INFO] ThirdParty:1030 - CMSIS Pack Vendor :STMicroelectronics PDM2PCM 3.3.0
2023-09-26 15:56:41,857 [INFO] ThirdParty:1030 - CMSIS Pack Vendor :STMicroelectronics X-CUBE-DISPLAY 3.0.0
2023-09-26 15:56:41,858 [INFO] ThirdParty:1030 - CMSIS Pack Vendor :STMicroelectronics X-CUBE-BLE1 7.0.0
2023-09-26 15:56:41,858 [INFO] ThirdParty:1030 - CMSIS Pack Vendor :STMicroelectronics FP-ATR-SIGFOX1 3.2.0
2023-09-26 15:56:41,858 [INFO] ThirdParty:1030 - CMSIS Pack Vendor :STMicroelectronics HAL Drivers 0.0.0
2023-09-26 15:56:41,858 [INFO] ThirdParty:1030 - CMSIS Pack Vendor :STMicroelectronics MBEDTLS 2.16.2
2023-09-26 15:56:41,858 [INFO] ThirdParty:1030 - CMSIS Pack Vendor :emotas I-CUBE-CANOPEN 1.3.0
2023-09-26 15:56:41,858 [INFO] ThirdParty:1030 - CMSIS Pack Vendor :STMicroelectronics X-CUBE-FREERTOS 1.1.0
2023-09-26 15:56:41,858 [INFO] ThirdParty:1030 - CMSIS Pack Vendor :STMicroelectronics X-CUBE-TOUCHGFX 4.22.0
2023-09-26 15:56:41,858 [INFO] ThirdParty:1030 - CMSIS Pack Vendor :STMicroelectronics X-CUBE-NFC7 1.0.1
2023-09-26 15:56:41,858 [INFO] ThirdParty:1030 - CMSIS Pack Vendor :STMicroelectronics MBEDTLS 2.14.1
2023-09-26 15:56:41,858 [INFO] ThirdParty:1030 - CMSIS Pack Vendor :STMicroelectronics X-CUBE-NFC6 3.0.0
2023-09-26 15:56:41,858 [INFO] ThirdParty:1030 - CMSIS Pack Vendor :STMicroelectronics X-CUBE-EEPRMA1 4.1.0
2023-09-26 15:56:41,859 [INFO] ThirdParty:1030 - CMSIS Pack Vendor :portGmbH I-Cube-SoM-uGOAL 1.1.0
2023-09-26 15:56:41,859 [INFO] ThirdParty:1030 - CMSIS Pack Vendor :STMicroelectronics X-CUBE-ALS 1.0.1
2023-09-26 15:56:41,859 [INFO] ThirdParty:1030 - CMSIS Pack Vendor :STMicroelectronics ThreadX 1.0.0
2023-09-26 15:56:41,859 [INFO] ThirdParty:1030 - CMSIS Pack Vendor :STMicroelectronics FP-SNS-SMARTAG2 1.2.0
2023-09-26 15:56:41,859 [INFO] ThirdParty:1030 - CMSIS Pack Vendor :STMicroelectronics X-CUBE-AZRTOS-WL 2.0.0
2023-09-26 15:56:41,859 [INFO] ThirdParty:1030 - CMSIS Pack Vendor :SEGGER I-CUBE-embOS 1.3.1
2023-09-26 15:56:41,859 [INFO] ThirdParty:1030 - CMSIS Pack Vendor :STMicroelectronics USB_DEVICE 1.0.0
2023-09-26 15:56:41,859 [INFO] ThirdParty:1030 - CMSIS Pack Vendor :STMicroelectronics X-CUBE-AI 8.1.0
2023-09-26 15:56:41,859 [INFO] ThirdParty:1030 - CMSIS Pack Vendor :STMicroelectronics X-CUBE-AZRTOS-L4 2.0.0
2023-09-26 15:56:41,859 [INFO] ThirdParty:1030 - CMSIS Pack Vendor :STMicroelectronics ThreadX 0.0.2
2023-09-26 15:56:41,859 [INFO] ThirdParty:1030 - CMSIS Pack Vendor :WES I-CUBE-Cesium 1.3.0
2023-09-26 15:56:41,859 [INFO] ThirdParty:1030 - CMSIS Pack Vendor :STMicroelectronics FP-ATR-ASTRA1 2.0.0
2023-09-26 15:56:41,860 [INFO] ThirdParty:1030 - CMSIS Pack Vendor :STMicroelectronics lwIP 2.1.2
2023-09-26 15:56:41,860 [INFO] ThirdParty:1030 - CMSIS Pack Vendor :STMicroelectronics X-CUBE-SFXS2LP1 4.0.0
2023-09-26 15:56:41,860 [INFO] ThirdParty:1030 - CMSIS Pack Vendor :STMicroelectronics X-CUBE-BLE2 3.3.0
2023-09-26 15:56:41,860 [INFO] ThirdParty:1030 - CMSIS Pack Vendor :STMicroelectronics PDM2PCM 3.2.0
2023-09-26 15:56:41,860 [INFO] ThirdParty:841 - exiting critical section [change project]
2023-09-26 15:56:43,769 [INFO] PinOutPanel:1499 - setPackage(No Configuration,No Configuration)
2023-09-26 15:56:43,801 [INFO] PinOutPanel:1499 - setPackage(STM32F411RETx,LQFP64)
2023-09-26 15:56:44,944 [INFO] UtilMem:75 - Before build in PCC Used Memory: 246647544 Bytes (300941312)
2023-09-26 15:56:47,096 [INFO] UtilMem:75 - After build in PCC Used Memory: 199507920 Bytes (300941312)
2023-09-26 15:56:47,185 [INFO] IPUIPlugin:80 - create IPUIPlugin
2023-09-26 15:56:47,186 [INFO] IPUIPlugin:80 - create IPUIPlugin
2023-09-26 15:56:47,186 [INFO] IPUIPlugin:80 - create IPUIPlugin
2023-09-26 15:56:47,186 [INFO] IPUIPlugin:80 - create IPUIPlugin
2023-09-26 15:56:47,187 [INFO] IPUIPlugin:80 - create IPUIPlugin
2023-09-26 15:56:47,187 [INFO] IPUIPlugin:80 - create IPUIPlugin
2023-09-26 15:56:47,187 [INFO] IPUIPlugin:80 - create IPUIPlugin
2023-09-26 15:56:47,187 [INFO] IPUIPlugin:80 - create IPUIPlugin
2023-09-26 15:56:47,188 [INFO] IPUIPlugin:80 - create IPUIPlugin
2023-09-26 15:56:47,188 [INFO] IPUIPlugin:80 - create IPUIPlugin
2023-09-26 15:56:47,188 [INFO] IPUIPlugin:80 - create IPUIPlugin
2023-09-26 15:56:47,188 [INFO] IPUIPlugin:80 - create IPUIPlugin
2023-09-26 15:56:47,188 [INFO] IPUIPlugin:80 - create IPUIPlugin
2023-09-26 15:56:47,189 [INFO] IPUIPlugin:80 - create IPUIPlugin
2023-09-26 15:56:47,190 [INFO] IPUIPlugin:80 - create IPUIPlugin
2023-09-26 15:56:47,191 [INFO] IPUIPlugin:80 - create IPUIPlugin
2023-09-26 15:56:47,192 [INFO] IPUIPlugin:80 - create IPUIPlugin
2023-09-26 15:56:47,193 [INFO] IPUIPlugin:80 - create IPUIPlugin
2023-09-26 15:56:47,194 [INFO] IPUIPlugin:80 - create IPUIPlugin
2023-09-26 15:56:47,195 [INFO] IPUIPlugin:80 - create IPUIPlugin
2023-09-26 15:56:47,196 [INFO] IPUIPlugin:80 - create IPUIPlugin
2023-09-26 15:56:47,196 [INFO] IPUIPlugin:80 - create IPUIPlugin
2023-09-26 15:56:47,197 [INFO] IPUIPlugin:80 - create IPUIPlugin
2023-09-26 15:56:47,198 [INFO] IPUIPlugin:80 - create IPUIPlugin
2023-09-26 15:56:47,198 [INFO] IPUIPlugin:80 - create IPUIPlugin
2023-09-26 15:56:47,199 [INFO] IPUIPlugin:80 - create IPUIPlugin
2023-09-26 15:56:47,200 [INFO] IPUIPlugin:80 - create IPUIPlugin
2023-09-26 15:56:47,201 [INFO] IPUIPlugin:80 - create IPUIPlugin
2023-09-26 15:56:47,201 [INFO] IPUIPlugin:80 - create IPUIPlugin
2023-09-26 15:56:47,201 [INFO] IPUIPlugin:80 - create IPUIPlugin
2023-09-26 15:56:47,202 [INFO] IPUIPlugin:80 - create IPUIPlugin
2023-09-26 15:56:47,202 [INFO] IPUIPlugin:80 - create IPUIPlugin
2023-09-26 15:56:47,203 [INFO] IPUIPlugin:80 - create IPUIPlugin
2023-09-26 15:56:47,203 [INFO] IPUIPlugin:80 - create IPUIPlugin
2023-09-26 15:56:47,204 [INFO] IPUIPlugin:80 - create IPUIPlugin
2023-09-26 15:56:47,204 [INFO] IPUIPlugin:80 - create IPUIPlugin
2023-09-26 15:56:47,205 [INFO] IPUIPlugin:80 - create IPUIPlugin
2023-09-26 15:56:47,205 [INFO] IPUIPlugin:80 - create IPUIPlugin
2023-09-26 15:56:47,206 [INFO] IPUIPlugin:80 - create IPUIPlugin
2023-09-26 15:56:47,207 [INFO] IPUIPlugin:80 - create IPUIPlugin
2023-09-26 15:56:47,208 [INFO] IPUIPlugin:80 - create IPUIPlugin
2023-09-26 15:56:47,209 [INFO] IPUIPlugin:80 - create IPUIPlugin
2023-09-26 15:56:47,210 [INFO] IPUIPlugin:80 - create IPUIPlugin
2023-09-26 15:56:47,541 [INFO] ApiDbMcu:507 - Load IP Config File for PDM2PCM
2023-09-26 15:56:48,077 [INFO] CADModel:165 - CPN selected for project levelSTM32F411RET6
2023-09-26 15:56:48,078 [INFO] CADModel:114 - Register for checkConnection events
2023-09-26 15:56:48,140 [INFO] OpenFileManager:328 - Restore cursor
2023-09-26 15:56:54,455 [INFO] LogOutputStream:77 - [STDOUT_REDIRECT] 
2023-09-26 15:57:08,671 [INFO] McuFinderGlobals:63 - Set McuFinder mode to 2 (CubeIDE integrated)
2023-09-26 15:57:30,932 [ERROR] LogOutputStream:75 - [STDERR_REDIRECT] SLF4J: Failed to load class "org.slf4j.impl.StaticLoggerBinder".
2023-09-26 15:57:30,932 [ERROR] LogOutputStream:75 - [STDERR_REDIRECT] SLF4J: Defaulting to no-operation (NOP) logger implementation
2023-09-26 15:57:30,937 [ERROR] LogOutputStream:75 - [STDERR_REDIRECT] SLF4J: See http://www.slf4j.org/codes.html#StaticLoggerBinder for further details.
