2023-09-22 12:18:58,832 [INFO] Activator:176 - 


2023-09-22 12:18:58,843 [INFO] Activator:177 - !SESSION log4j initialized
2023-09-22 12:19:06,035 [INFO] LogOutputStream:77 - [STDOUT_REDIRECT] 
2023-09-22 12:19:08,526 [INFO] ApplicationProperties:184 - Using Application install path: C:\ST\STM32CubeIDE_1.13.1\STM32CubeIDE\plugins\com.st.stm32cube.common.mx_6.9.1.202307191849
2023-09-22 12:19:08,564 [INFO] DbMcusXml:78 - Set database path to: C:\ST\STM32CubeIDE_1.13.1\STM32CubeIDE\plugins\com.st.stm32cube.common.mx_6.9.1.202307191849\\db\/mcu/
2023-09-22 12:19:08,566 [INFO] ApiDb:274 - Set plugin database path to: C:\ST\STM32CubeIDE_1.13.1\STM32CubeIDE\plugins\com.st.stm32cube.common.mx_6.9.1.202307191849\\db\/plugins/boardmanager/
2023-09-22 12:19:08,566 [WARN] ApiDb:259 - Overriding images path with different value:  => C:\ST\STM32CubeIDE_1.13.1\STM32CubeIDE\plugins\com.st.stm32cube.common.mx_6.9.1.202307191849\\db\/plugins/mcufinder/images/
2023-09-22 12:19:08,585 [INFO] ApiDb:250 - Set database path to: C:\Users\46763\.stmcufinder\plugins\mcufinder//mcu/
2023-09-22 12:19:08,587 [INFO] DbMcusAds:125 - Set database path to: C:\Users\46763\.stmcufinder\plugins\mcufinder//mcu/
2023-09-22 12:19:08,592 [INFO] CrossReferenceDbSqlite:203 - Set database path to: C:\Users\46763\.stmcufinder\plugins\mcufinder//mcu/cs/
2023-09-22 12:19:08,778 [INFO] RulesReader:64 - Compatibility file has been processed (293 Rules)
2023-09-22 12:19:08,913 [INFO] DbMcusXml:78 - Set database path to: C:\ST\STM32CubeIDE_1.13.1\STM32CubeIDE\plugins\com.st.stm32cube.common.mx_6.9.1.202307191849\\db\/mcu/
2023-09-22 12:19:08,913 [INFO] ApiDb:274 - Set plugin database path to: C:\ST\STM32CubeIDE_1.13.1\STM32CubeIDE\plugins\com.st.stm32cube.common.mx_6.9.1.202307191849\\db\/plugins/boardmanager/
2023-09-22 12:19:08,913 [INFO] ApiDb:261 - Set plugin images path to: C:\ST\STM32CubeIDE_1.13.1\STM32CubeIDE\plugins\com.st.stm32cube.common.mx_6.9.1.202307191849\\db\/plugins/mcufinder/images/
2023-09-22 12:19:08,914 [WARN] DbFile:41 - Overriding database path with different value: C:\Users\46763\.stmcufinder\plugins\mcufinder/ => C:\Users\46763\.stmcufinder\plugins\mcufinder
2023-09-22 12:19:08,914 [INFO] ApiDb:250 - Set database path to: C:\Users\46763\.stmcufinder\plugins\mcufinder//mcu/
2023-09-22 12:19:08,914 [WARN] DbFile:41 - Overriding database path with different value: C:\Users\46763\.stmcufinder\plugins\mcufinder/ => C:\Users\46763\.stmcufinder\plugins\mcufinder
2023-09-22 12:19:08,914 [INFO] DbMcusAds:125 - Set database path to: C:\Users\46763\.stmcufinder\plugins\mcufinder//mcu/
2023-09-22 12:19:08,914 [WARN] DbFile:41 - Overriding database path with different value: C:\Users\46763\.stmcufinder\plugins\mcufinder/ => C:\Users\46763\.stmcufinder\plugins\mcufinder
2023-09-22 12:19:08,914 [WARN] DbFile:41 - Overriding database path with different value: C:\Users\46763\.stmcufinder\plugins\mcufinder/ => C:\Users\46763\.stmcufinder\plugins\mcufinder
2023-09-22 12:19:08,915 [INFO] CrossReferenceDbSqlite:203 - Set database path to: C:\Users\46763\.stmcufinder\plugins\mcufinder//mcu/cs/
2023-09-22 12:19:09,045 [INFO] MainPanel:262 - HeapMemory: 268435456
2023-09-22 12:19:09,252 [INFO] DbMcusXml:78 - Set database path to: C:\ST\STM32CubeIDE_1.13.1\STM32CubeIDE\plugins\com.st.stm32cube.common.mx_6.9.1.202307191849\\db\/mcu/
2023-09-22 12:19:09,252 [INFO] ApiDb:274 - Set plugin database path to: C:\ST\STM32CubeIDE_1.13.1\STM32CubeIDE\plugins\com.st.stm32cube.common.mx_6.9.1.202307191849\\db\/plugins/boardmanager/
2023-09-22 12:19:09,252 [INFO] ApiDb:261 - Set plugin images path to: C:\ST\STM32CubeIDE_1.13.1\STM32CubeIDE\plugins\com.st.stm32cube.common.mx_6.9.1.202307191849\\db\/plugins/mcufinder/images/
2023-09-22 12:19:09,253 [WARN] DbFile:41 - Overriding database path with different value: C:\Users\46763\.stmcufinder\plugins\mcufinder/ => C:\Users\46763\.stmcufinder\plugins\mcufinder
2023-09-22 12:19:09,255 [INFO] ApiDb:250 - Set database path to: C:\Users\46763\.stmcufinder\plugins\mcufinder//mcu/
2023-09-22 12:19:09,255 [WARN] DbFile:41 - Overriding database path with different value: C:\Users\46763\.stmcufinder\plugins\mcufinder/ => C:\Users\46763\.stmcufinder\plugins\mcufinder
2023-09-22 12:19:09,255 [INFO] DbMcusAds:125 - Set database path to: C:\Users\46763\.stmcufinder\plugins\mcufinder//mcu/
2023-09-22 12:19:09,255 [WARN] DbFile:41 - Overriding database path with different value: C:\Users\46763\.stmcufinder\plugins\mcufinder/ => C:\Users\46763\.stmcufinder\plugins\mcufinder
2023-09-22 12:19:09,256 [WARN] DbFile:41 - Overriding database path with different value: C:\Users\46763\.stmcufinder\plugins\mcufinder/ => C:\Users\46763\.stmcufinder\plugins\mcufinder
2023-09-22 12:19:09,256 [INFO] CrossReferenceDbSqlite:203 - Set database path to: C:\Users\46763\.stmcufinder\plugins\mcufinder//mcu/cs/
2023-09-22 12:19:09,288 [INFO] ApplicationProperties:184 - Using Application install path: C:\ST\STM32CubeIDE_1.13.1\STM32CubeIDE\plugins\com.st.stm32cube.common.mx_6.9.1.202307191849
2023-09-22 12:19:09,290 [INFO] PluginManage:196 - Search for loadable plugins [exclusion list=, ]
2023-09-22 12:19:09,292 [INFO] PluginManage:310 - Check plugin analytics
2023-09-22 12:19:09,681 [INFO] AnalyticsPlugin:253 - Accepted Software Licenses: 
2023-09-22 12:19:09,683 [INFO] AnalyticsPlugin:255 - Accepted CMSIS Pack Licenses: 
2023-09-22 12:19:09,684 [INFO] AnalyticsPlugin:257 - Accepted Firmware Licenses: FW.F4.1.27.0
2023-09-22 12:19:09,702 [INFO] PluginManage:359 - Loaded plugin analytics (category:tool,tabindex:-1)
2023-09-22 12:19:09,704 [INFO] PluginManage:310 - Check plugin cadmodel
2023-09-22 12:19:09,793 [INFO] CADModel:105 - Init CAD model plugin
2023-09-22 12:19:09,794 [INFO] PluginManage:359 - Loaded plugin cadmodel (category:power,tabindex:5)
2023-09-22 12:19:09,794 [INFO] PluginManage:310 - Check plugin clock
2023-09-22 12:19:09,853 [INFO] PluginManage:359 - Loaded plugin clock (category:base,tabindex:2)
2023-09-22 12:19:09,854 [INFO] PluginManage:310 - Check plugin ddr
2023-09-22 12:19:09,881 [INFO] PluginManage:359 - Loaded plugin ddr (category:tool,tabindex:6)
2023-09-22 12:19:09,881 [INFO] PluginManage:310 - Check plugin filemanager
2023-09-22 12:19:10,384 [INFO] PluginManage:359 - Loaded plugin filemanager (category:base,tabindex:10)
2023-09-22 12:19:10,385 [INFO] PluginManage:310 - Check plugin ipmanager
2023-09-22 12:19:10,399 [INFO] PluginManage:359 - Loaded plugin ipmanager (category:base,tabindex:5)
2023-09-22 12:19:10,399 [INFO] PluginManage:310 - Check plugin lpbam
2023-09-22 12:19:10,433 [INFO] PluginManage:359 - Loaded plugin lpbam (category:base,tabindex:0)
2023-09-22 12:19:10,433 [INFO] PluginManage:310 - Check plugin memorymap
2023-09-22 12:19:10,490 [INFO] PluginManage:359 - Loaded plugin memorymap (category:base,tabindex:4)
2023-09-22 12:19:10,491 [INFO] PluginManage:310 - Check plugin pinoutandconfiguration
2023-09-22 12:19:10,538 [INFO] PluginManage:359 - Loaded plugin pinoutandconfiguration (category:base,tabindex:1)
2023-09-22 12:19:10,538 [INFO] PluginManage:310 - Check plugin pinoutconfig
2023-09-22 12:19:10,848 [WARN] SupportedApi:132 - Cannot load RTOS API schema: s4s-elt-must-match.1: The content of 'definitions' must match (annotation?, (simpleType | complexType)?, (unique | key | keyref)*)). A problem was found starting at: attribute.
2023-09-22 12:19:11,222 [INFO] PluginManage:359 - Loaded plugin pinoutconfig (category:base,tabindex:0)
2023-09-22 12:19:11,223 [INFO] PluginManage:310 - Check plugin power
2023-09-22 12:19:11,255 [INFO] PluginManage:359 - Loaded plugin power (category:power,tabindex:4)
2023-09-22 12:19:11,255 [INFO] PluginManage:310 - Check plugin projectmanager
2023-09-22 12:19:11,281 [INFO] PluginManage:359 - Loaded plugin projectmanager (category:projectmanager,tabindex:3)
2023-09-22 12:19:11,281 [INFO] PluginManage:310 - Check plugin thirdparty
2023-09-22 12:19:11,959 [INFO] PluginManage:359 - Loaded plugin thirdparty (category:base,tabindex:-1)
2023-09-22 12:19:11,960 [INFO] PluginManage:310 - Check plugin tools
2023-09-22 12:19:11,966 [WARN] IntegrityCheckThread:84 - waiting for thirdparty lock release [integrity check]
2023-09-22 12:19:11,969 [INFO] IntegrityCheckThread:86 - entering critical section [integrity check]
2023-09-22 12:19:11,973 [INFO] ThirdPartyUpdaterWithRetryManager:70 - Updater plugin not ready yet. [1/15]
2023-09-22 12:19:12,060 [INFO] PluginManage:359 - Loaded plugin tools (category:base,tabindex:7)
2023-09-22 12:19:12,061 [INFO] PluginManage:310 - Check plugin tutovideos
2023-09-22 12:19:12,805 [INFO] PluginManage:359 - Loaded plugin tutovideos (category:base,tabindex:-1)
2023-09-22 12:19:12,805 [INFO] PluginManage:310 - Check plugin updater
2023-09-22 12:19:12,834 [INFO] PluginManage:359 - Loaded plugin updater (category:base,tabindex:12)
2023-09-22 12:19:12,834 [INFO] PluginManage:310 - Check plugin userauth
2023-09-22 12:19:12,860 [INFO] UserAuth:113 - Init User Auth plugin
2023-09-22 12:19:12,860 [INFO] PluginManage:359 - Loaded plugin userauth (category:base,tabindex:14)
2023-09-22 12:19:12,865 [INFO] PluginManage:283 - PluginManage : Loaded plugins [17]
2023-09-22 12:19:13,339 [INFO] PinOutPanel:1499 - setPackage(No Configuration,No Configuration)
2023-09-22 12:19:13,538 [INFO] CADModel:165 - CPN selected for project level
2023-09-22 12:19:13,539 [INFO] CADModel:114 - Register for checkConnection events
2023-09-22 12:19:13,580 [INFO] IPUIPlugin:80 - create IPUIPlugin
2023-09-22 12:19:13,580 [INFO] PluginManager:220 - loadIPPluginJar : add adc
2023-09-22 12:19:13,639 [INFO] IPUIPlugin:80 - create IPUIPlugin
2023-09-22 12:19:13,639 [INFO] PluginManager:220 - loadIPPluginJar : add aes
2023-09-22 12:19:13,715 [INFO] IPUIPlugin:80 - create IPUIPlugin
2023-09-22 12:19:13,715 [INFO] PluginManager:220 - loadIPPluginJar : add can
2023-09-22 12:19:13,755 [INFO] IPUIPlugin:80 - create IPUIPlugin
2023-09-22 12:19:13,755 [INFO] PluginManager:220 - loadIPPluginJar : add comp
2023-09-22 12:19:13,813 [INFO] IPUIPlugin:80 - create IPUIPlugin
2023-09-22 12:19:13,813 [INFO] PluginManager:220 - loadIPPluginJar : add cryp
2023-09-22 12:19:13,859 [INFO] IPUIPlugin:80 - create IPUIPlugin
2023-09-22 12:19:13,860 [INFO] PluginManager:220 - loadIPPluginJar : add dfsdm
2023-09-22 12:19:13,876 [INFO] IPUIPlugin:80 - create IPUIPlugin
2023-09-22 12:19:13,877 [INFO] PluginManager:220 - loadIPPluginJar : add dma
2023-09-22 12:19:13,935 [INFO] IPUIPlugin:80 - create IPUIPlugin
2023-09-22 12:19:13,935 [INFO] PluginManager:220 - loadIPPluginJar : add dma3
2023-09-22 12:19:13,959 [INFO] IPUIPlugin:80 - create IPUIPlugin
2023-09-22 12:19:13,959 [INFO] PluginManager:220 - loadIPPluginJar : add fatfs
2023-09-22 12:19:14,024 [INFO] IPUIPlugin:80 - create IPUIPlugin
2023-09-22 12:19:14,024 [INFO] PluginManager:220 - loadIPPluginJar : add fmc
2023-09-22 12:19:14,048 [INFO] IPUIPlugin:80 - create IPUIPlugin
2023-09-22 12:19:14,048 [INFO] PluginManager:220 - loadIPPluginJar : add freertos
2023-09-22 12:19:14,087 [INFO] IPUIPlugin:80 - create IPUIPlugin
2023-09-22 12:19:14,088 [INFO] PluginManager:220 - loadIPPluginJar : add genericplugin
2023-09-22 12:19:14,219 [INFO] IPUIPlugin:80 - create IPUIPlugin
2023-09-22 12:19:14,219 [INFO] PluginManager:220 - loadIPPluginJar : add gfxmmu
2023-09-22 12:19:14,376 [INFO] IPUIPlugin:80 - create IPUIPlugin
2023-09-22 12:19:14,377 [INFO] PluginManager:220 - loadIPPluginJar : add gic
2023-09-22 12:19:14,395 [INFO] IPUIPlugin:80 - create IPUIPlugin
2023-09-22 12:19:14,396 [INFO] PluginManager:220 - loadIPPluginJar : add gpio
2023-09-22 12:19:14,541 [INFO] IPUIPlugin:80 - create IPUIPlugin
2023-09-22 12:19:14,541 [INFO] PluginManager:220 - loadIPPluginJar : add gtzc
2023-09-22 12:19:14,572 [INFO] IPUIPlugin:80 - create IPUIPlugin
2023-09-22 12:19:14,573 [INFO] PluginManager:220 - loadIPPluginJar : add hash
2023-09-22 12:19:14,645 [INFO] IPUIPlugin:80 - create IPUIPlugin
2023-09-22 12:19:14,645 [INFO] PluginManager:220 - loadIPPluginJar : add i2c
2023-09-22 12:19:14,687 [INFO] IPUIPlugin:80 - create IPUIPlugin
2023-09-22 12:19:14,688 [INFO] PluginManager:220 - loadIPPluginJar : add i2s
2023-09-22 12:19:14,728 [INFO] IPUIPlugin:80 - create IPUIPlugin
2023-09-22 12:19:14,728 [INFO] PluginManager:220 - loadIPPluginJar : add i3c
2023-09-22 12:19:14,860 [INFO] IPUIPlugin:80 - create IPUIPlugin
2023-09-22 12:19:14,860 [INFO] PluginManager:220 - loadIPPluginJar : add ipddr
2023-09-22 12:19:14,984 [INFO] IPUIPlugin:80 - create IPUIPlugin
2023-09-22 12:19:14,985 [INFO] PluginManager:220 - loadIPPluginJar : add linkedlist
2023-09-22 12:19:14,995 [INFO] ThirdPartyUpdaterWithRetryManager:70 - Updater plugin not ready yet. [2/15]
2023-09-22 12:19:15,045 [INFO] IPUIPlugin:80 - create IPUIPlugin
2023-09-22 12:19:15,045 [INFO] PluginManager:220 - loadIPPluginJar : add lorawan
2023-09-22 12:19:15,092 [INFO] IPUIPlugin:80 - create IPUIPlugin
2023-09-22 12:19:15,092 [INFO] PluginManager:220 - loadIPPluginJar : add ltdc
2023-09-22 12:19:15,117 [INFO] IPUIPlugin:80 - create IPUIPlugin
2023-09-22 12:19:15,118 [INFO] PluginManager:220 - loadIPPluginJar : add mdma
2023-09-22 12:19:15,136 [INFO] IPUIPlugin:80 - create IPUIPlugin
2023-09-22 12:19:15,136 [INFO] PluginManager:220 - loadIPPluginJar : add nvic
2023-09-22 12:19:15,200 [INFO] IPUIPlugin:80 - create IPUIPlugin
2023-09-22 12:19:15,201 [INFO] PluginManager:220 - loadIPPluginJar : add opamp
2023-09-22 12:19:15,312 [INFO] IPUIPlugin:80 - create IPUIPlugin
2023-09-22 12:19:15,312 [INFO] PluginManager:220 - loadIPPluginJar : add openamp
2023-09-22 12:19:15,384 [INFO] IPUIPlugin:80 - create IPUIPlugin
2023-09-22 12:19:15,384 [INFO] PluginManager:220 - loadIPPluginJar : add pdm2pcm
2023-09-22 12:19:15,417 [INFO] IPUIPlugin:80 - create IPUIPlugin
2023-09-22 12:19:15,422 [INFO] PluginManager:220 - loadIPPluginJar : add plateformsettings
2023-09-22 12:19:15,454 [INFO] IPUIPlugin:80 - create IPUIPlugin
2023-09-22 12:19:15,454 [INFO] PluginManager:220 - loadIPPluginJar : add quadspi
2023-09-22 12:19:15,473 [INFO] IPUIPlugin:80 - create IPUIPlugin
2023-09-22 12:19:15,473 [INFO] PluginManager:220 - loadIPPluginJar : add resmgrutility
2023-09-22 12:19:15,543 [INFO] IPUIPlugin:80 - create IPUIPlugin
2023-09-22 12:19:15,543 [INFO] PluginManager:220 - loadIPPluginJar : add sai
2023-09-22 12:19:15,588 [INFO] IPUIPlugin:80 - create IPUIPlugin
2023-09-22 12:19:15,588 [INFO] PluginManager:220 - loadIPPluginJar : add spi
2023-09-22 12:19:15,684 [INFO] IPUIPlugin:80 - create IPUIPlugin
2023-09-22 12:19:15,684 [INFO] PluginManager:220 - loadIPPluginJar : add stm32_wpan
2023-09-22 12:19:15,760 [INFO] IPUIPlugin:80 - create IPUIPlugin
2023-09-22 12:19:15,761 [INFO] PluginManager:220 - loadIPPluginJar : add tim
2023-09-22 12:19:15,910 [INFO] IPUIPlugin:80 - create IPUIPlugin
2023-09-22 12:19:15,911 [INFO] PluginManager:220 - loadIPPluginJar : add touchsensing
2023-09-22 12:19:15,937 [INFO] IPUIPlugin:80 - create IPUIPlugin
2023-09-22 12:19:15,937 [INFO] PluginManager:220 - loadIPPluginJar : add tracer_emb
2023-09-22 12:19:15,962 [INFO] IPUIPlugin:80 - create IPUIPlugin
2023-09-22 12:19:15,962 [INFO] PluginManager:220 - loadIPPluginJar : add ts
2023-09-22 12:19:16,001 [INFO] IPUIPlugin:80 - create IPUIPlugin
2023-09-22 12:19:16,002 [INFO] PluginManager:220 - loadIPPluginJar : add tsc
2023-09-22 12:19:16,026 [INFO] IPUIPlugin:80 - create IPUIPlugin
2023-09-22 12:19:16,026 [INFO] PluginManager:220 - loadIPPluginJar : add ucpd
2023-09-22 12:19:16,069 [INFO] IPUIPlugin:80 - create IPUIPlugin
2023-09-22 12:19:16,069 [INFO] PluginManager:220 - loadIPPluginJar : add usart
2023-09-22 12:19:16,125 [INFO] IPUIPlugin:80 - create IPUIPlugin
2023-09-22 12:19:16,125 [INFO] PluginManager:220 - loadIPPluginJar : add usbx
2023-09-22 12:19:16,306 [INFO] CADModel:165 - CPN selected for project level
2023-09-22 12:19:16,306 [INFO] CADModel:114 - Register for checkConnection events
2023-09-22 12:19:16,306 [FATAL] Updater:308 - Updater called before beeing initialized
2023-09-22 12:19:16,308 [ERROR] CADModel:125 - Updater not yet initialized, retry later 
2023-09-22 12:19:16,579 [INFO] CADModel:165 - CPN selected for project level
2023-09-22 12:19:16,579 [INFO] CADModel:114 - Register for checkConnection events
2023-09-22 12:19:16,580 [FATAL] Updater:308 - Updater called before beeing initialized
2023-09-22 12:19:16,580 [ERROR] CADModel:125 - Updater not yet initialized, retry later 
2023-09-22 12:19:16,585 [FATAL] Updater:308 - Updater called before beeing initialized
2023-09-22 12:19:16,747 [FATAL] Updater:308 - Updater called before beeing initialized
2023-09-22 12:19:16,770 [INFO] DbMcusAds:53 - JSON generation date=Tue Mar 07 09:50:55 CET 2023 (1678179055114)
2023-09-22 12:19:16,771 [FATAL] Updater:308 - Updater called before beeing initialized
2023-09-22 12:19:16,853 [WARN] DetailPanel:346 - Failed to get advertising image, set to default
2023-09-22 12:19:16,991 [FATAL] Updater:308 - Updater called before beeing initialized
2023-09-22 12:19:16,994 [FATAL] Updater:308 - Updater called before beeing initialized
2023-09-22 12:19:16,994 [FATAL] Updater:308 - Updater called before beeing initialized
2023-09-22 12:19:16,995 [WARN] DetailPanel:346 - Failed to get advertising image, set to default
2023-09-22 12:19:16,996 [FATAL] Updater:308 - Updater called before beeing initialized
2023-09-22 12:19:17,076 [ERROR] Updater:1120 - MainUpdater not yet initialized. External WinMGr cannot be set.
2023-09-22 12:19:17,091 [INFO] Updater:1056 - Updater Version found : 6.9.1
2023-09-22 12:19:17,121 [INFO] ApplicationProperties:184 - Using Application install path: C:\ST\STM32CubeIDE_1.13.1\STM32CubeIDE\plugins\com.st.stm32cube.common.mx_6.9.1.202307191849
2023-09-22 12:19:17,379 [INFO] MainUpdater:2868 - connection check result : 10
2023-09-22 12:19:17,380 [INFO] MainUpdater:3562 - Updater definition file requires update
2023-09-22 12:19:17,382 [INFO] MainUpdater:285 - Updater Check For Update Now.
2023-09-22 12:19:17,383 [INFO] MicroXplorer:498 - Change Database Version : DB.6.0.91
2023-09-22 12:19:17,413 [INFO] McuFinderGlobals:63 - Set McuFinder mode to 2 (CubeIDE integrated)
2023-09-22 12:19:17,441 [INFO] ServerAccessManage:473 - Download File updaters.zip
2023-09-22 12:19:17,605 [INFO] FileExtend:240 - Unzip File : updaters.zip
2023-09-22 12:19:17,605 [INFO] FileExtend:255 - Standard Zip Deflate
2023-09-22 12:19:17,998 [WARN] MainUpdater:1189 - Updater busy. Cannot search thirdparties
2023-09-22 12:19:17,999 [INFO] ThirdPartyUpdaterWithRetryManager:96 - Updater plugin is busy. [1/15]
2023-09-22 12:19:18,406 [INFO] ServerAccessManage:473 - Download File PacksControlFlags.xml
2023-09-22 12:19:18,540 [INFO] ServerAccessManage:473 - Download File cubemx.pidx
2023-09-22 12:19:18,749 [INFO] LoadServerUpdatesThread:373 - End of LoadServerUpdate Thread
2023-09-22 12:19:18,958 [INFO] CheckServerUpdateThread:120 - End of CheckServer Thread
2023-09-22 12:19:21,289 [WARN] PackLoader:240 - Cannot read IP mode file for STMicroelectronics.X-CUBE-SMBUS.2.1.0
2023-09-22 12:19:21,373 [WARN] PackLoader:240 - Cannot read IP mode file for STMicroelectronics.X-CUBE-AZRTOS-F7.1.1.0
2023-09-22 12:19:21,404 [WARN] PackLoader:240 - Cannot read IP mode file for STMicroelectronics.FP-SNS-MOTENV1.4.3.2
2023-09-22 12:19:21,432 [WARN] PackLoader:240 - Cannot read IP mode file for STMicroelectronics.FP-SNS-FLIGHT1.5.0.2
2023-09-22 12:19:21,475 [WARN] PackLoader:240 - Cannot read IP mode file for STMicroelectronics.X-CUBE-DISPLAY.3.0.0
2023-09-22 12:19:21,511 [WARN] PackLoader:240 - Cannot read IP mode file for STMicroelectronics.X-CUBE-BLE1.7.0.0
2023-09-22 12:19:21,543 [WARN] PackLoader:240 - Cannot read IP mode file for emotas.I-CUBE-CANOPEN.1.3.0
2023-09-22 12:19:21,572 [WARN] PackLoader:240 - Cannot read IP mode file for STMicroelectronics.X-CUBE-TOUCHGFX.4.22.0
2023-09-22 12:19:21,594 [WARN] PackLoader:240 - Cannot read IP mode file for STMicroelectronics.FP-SNS-SMARTAG2.1.2.0
2023-09-22 12:19:21,636 [INFO] LogOutputStream:77 - [STDOUT_REDIRECT] 1 : Invalid condition id : UX_CORESTACK_Condition cause : null
2023-09-22 12:19:21,637 [INFO] LogOutputStream:77 - [STDOUT_REDIRECT] 1 : Invalid condition id : UX_CORESTACK_Condition cause : null
2023-09-22 12:19:21,640 [INFO] LogOutputStream:77 - [STDOUT_REDIRECT] 1 : Invalid condition id : UX_CORESTACK_Condition cause : null
2023-09-22 12:19:21,643 [INFO] LogOutputStream:77 - [STDOUT_REDIRECT] 1 : Invalid condition id : UX_CORESTACK_Condition cause : null
2023-09-22 12:19:21,646 [INFO] LogOutputStream:77 - [STDOUT_REDIRECT] 1 : Invalid condition id : UX_CORESTACK_Condition cause : null
2023-09-22 12:19:21,654 [WARN] PackLoader:240 - Cannot read IP mode file for STMicroelectronics.X-CUBE-AZRTOS-WL.2.0.0
2023-09-22 12:19:21,685 [WARN] PackLoader:240 - Cannot read IP mode file for WES.I-CUBE-Cesium.1.3.0
2023-09-22 12:19:21,712 [WARN] PackLoader:240 - Cannot read IP mode file for STMicroelectronics.X-CUBE-BLE2.3.3.0
2023-09-22 12:19:21,745 [WARN] PackLoader:240 - Cannot read IP mode file for STMicroelectronics.X-CUBE-ALGOBUILD.1.3.0
2023-09-22 12:19:21,816 [WARN] PackLoader:240 - Cannot read IP mode file for STMicroelectronics.X-CUBE-AZRTOS-G0.1.1.0
2023-09-22 12:19:21,853 [WARN] PackLoader:240 - Cannot read IP mode file for STMicroelectronics.X-CUBE-NFC4.3.0.0
2023-09-22 12:19:21,884 [WARN] PackLoader:240 - Cannot read IP mode file for STMicroelectronics.FP-ATR-SIGFOX1.3.2.0
2023-09-22 12:19:21,980 [WARN] PackLoader:240 - Cannot read IP mode file for SEGGER.I-CUBE-embOS.1.3.1
2023-09-22 12:19:22,060 [WARN] PackLoader:240 - Cannot read IP mode file for STMicroelectronics.X-CUBE-GNSS1.6.0.0
2023-09-22 12:19:22,103 [WARN] PackLoader:240 - Cannot read IP mode file for STMicroelectronics.X-CUBE-AZRTOS-F4.1.1.0
2023-09-22 12:19:22,126 [WARN] PackLoader:240 - Cannot read IP mode file for wolfSSL.I-CUBE-wolfSSL.5.6.3
2023-09-22 12:19:22,174 [WARN] PackLoader:240 - Cannot read IP mode file for STMicroelectronics.X-CUBE-AZRTOS-L5.2.0.0
2023-09-22 12:19:22,320 [WARN] PackLoader:240 - Cannot read IP mode file for STMicroelectronics.X-CUBE-MEMS1.9.6.0
2023-09-22 12:19:22,601 [WARN] PackLoader:240 - Cannot read IP mode file for STMicroelectronics.X-CUBE-BLEMGR.2.0.0
2023-09-22 12:19:22,654 [WARN] ConditionMgr:438 - getConditionDescription Invalid condition id : UX DEVICE CLASS RTOS Condition cause : null
2023-09-22 12:19:22,655 [WARN] ConditionMgr:438 - getConditionDescription Invalid condition id : UX DEVICE CLASS RTOS Condition cause : null
2023-09-22 12:19:22,663 [WARN] PackLoader:240 - Cannot read IP mode file for STMicroelectronics.X-CUBE-AZRTOS-H7.3.1.0
2023-09-22 12:19:22,665 [WARN] ConditionMgr:1039 - genDependencies : Invalid condition id : UX DEVICE CLASS RTOS Condition cause : null
2023-09-22 12:19:22,665 [WARN] ConditionMgr:1039 - genDependencies : Invalid condition id : UX DEVICE CLASS RTOS Condition cause : null
2023-09-22 12:19:22,666 [WARN] ConditionMgr:1039 - genDependencies : Invalid condition id : UX DEVICE CLASS RTOS Condition cause : null
2023-09-22 12:19:22,667 [WARN] ConditionMgr:1039 - genDependencies : Invalid condition id : UX DEVICE CLASS RTOS Condition cause : null
2023-09-22 12:19:22,667 [WARN] ConditionMgr:1039 - genDependencies : Invalid condition id : UX DEVICE CLASS RTOS Condition cause : null
2023-09-22 12:19:22,688 [WARN] PackLoader:240 - Cannot read IP mode file for STMicroelectronics.X-CUBE-NFC7.1.0.1
2023-09-22 12:19:22,716 [WARN] PackLoader:240 - Cannot read IP mode file for STMicroelectronics.X-CUBE-NFC6.3.0.0
2023-09-22 12:19:22,752 [WARN] PackLoader:240 - Cannot read IP mode file for STMicroelectronics.X-CUBE-EEPRMA1.4.1.0
2023-09-22 12:19:22,783 [WARN] PackLoader:240 - Cannot read IP mode file for STMicroelectronics.X-CUBE-AI.8.1.0
2023-09-22 12:19:22,862 [WARN] ConditionMgr:438 - getConditionDescription Invalid condition id : LAN8742 Phy interface Condition cause : null
2023-09-22 12:19:22,864 [WARN] PackLoader:240 - Cannot read IP mode file for STMicroelectronics.X-CUBE-AZRTOS-L4.2.0.0
2023-09-22 12:19:22,866 [WARN] ConditionMgr:1039 - genDependencies : Invalid condition id : LAN8742 Phy interface Condition cause : null
2023-09-22 12:19:22,867 [WARN] ConditionMgr:1039 - genDependencies : Invalid condition id : LAN8742 Phy interface Condition cause : null
2023-09-22 12:19:22,868 [WARN] ConditionMgr:1039 - genDependencies : Invalid condition id : LAN8742 Phy interface Condition cause : null
2023-09-22 12:19:22,906 [WARN] PackLoader:240 - Cannot read IP mode file for STMicroelectronics.X-CUBE-SFXS2LP1.4.0.0
2023-09-22 12:19:22,929 [WARN] PackLoader:240 - Cannot read IP mode file for STMicroelectronics.X-CUBE-ISPU.1.1.0
2023-09-22 12:19:22,972 [WARN] ConditionMgr:438 - getConditionDescription Invalid condition id : UX DEVICE CLASS RTOS Condition cause : null
2023-09-22 12:19:22,972 [WARN] ConditionMgr:438 - getConditionDescription Invalid condition id : UX DEVICE CLASS RTOS Condition cause : null
2023-09-22 12:19:22,976 [WARN] PackLoader:240 - Cannot read IP mode file for STMicroelectronics.X-CUBE-AZRTOS-WB.2.0.0
2023-09-22 12:19:22,978 [WARN] ConditionMgr:1039 - genDependencies : Invalid condition id : UX DEVICE CLASS RTOS Condition cause : null
2023-09-22 12:19:22,978 [WARN] ConditionMgr:1039 - genDependencies : Invalid condition id : UX DEVICE CLASS RTOS Condition cause : null
2023-09-22 12:19:22,980 [WARN] ConditionMgr:1039 - genDependencies : Invalid condition id : UX DEVICE CLASS RTOS Condition cause : null
2023-09-22 12:19:22,980 [WARN] ConditionMgr:1039 - genDependencies : Invalid condition id : UX DEVICE CLASS RTOS Condition cause : null
2023-09-22 12:19:22,980 [WARN] ConditionMgr:1039 - genDependencies : Invalid condition id : UX DEVICE CLASS RTOS Condition cause : null
2023-09-22 12:19:23,006 [WARN] PackLoader:240 - Cannot read IP mode file for STMicroelectronics.X-CUBE-SUBG2.5.0.0
2023-09-22 12:19:23,036 [WARN] PackLoader:240 - Cannot read IP mode file for STMicroelectronics.X-CUBE-TOF1.3.3.1
2023-09-22 12:19:23,081 [WARN] PackLoader:240 - Cannot read IP mode file for STMicroelectronics.X-CUBE-AZRTOS-G4.2.0.0
2023-09-22 12:19:23,101 [WARN] PackLoader:240 - Cannot read IP mode file for STMicroelectronics.X-CUBE-FREERTOS.1.1.0
2023-09-22 12:19:23,122 [WARN] PackLoader:240 - Cannot read IP mode file for portGmbH.I-Cube-SoM-uGOAL.1.1.0
2023-09-22 12:19:23,137 [WARN] PackLoader:240 - Cannot read IP mode file for STMicroelectronics.X-CUBE-ALS.1.0.1
2023-09-22 12:19:23,155 [WARN] PackLoader:240 - Cannot read IP mode file for STMicroelectronics.FP-ATR-ASTRA1.2.0.0
2023-09-22 12:19:23,156 [INFO] ThirdParty:978 - Integrity check success = true
2023-09-22 12:19:23,156 [INFO] IntegrityCheckThread:100 - exiting critical section [integrity check]
2023-09-22 12:19:23,156 [INFO] IntegrityCheckThread:103 - End integrity checks thread
2023-09-22 12:19:39,581 [ERROR] LogOutputStream:75 - [STDERR_REDIRECT] SLF4J: Failed to load class "org.slf4j.impl.StaticLoggerBinder".
2023-09-22 12:19:39,582 [ERROR] LogOutputStream:75 - [STDERR_REDIRECT] SLF4J: Defaulting to no-operation (NOP) logger implementation
2023-09-22 12:19:39,585 [ERROR] LogOutputStream:75 - [STDERR_REDIRECT] SLF4J: See http://www.slf4j.org/codes.html#StaticLoggerBinder for further details.
