16:50:54 **** Incremental Build of configuration Debug for project tarning ****
make -j8 all 
arm-none-eabi-gcc "../Core/Src/main.c" -mcpu=cortex-m4 -std=gnu11 -g3 -DDEBUG -DUSE_HAL_DRIVER -DSTM32F411xE -c -I../Core/Inc -I../Drivers/STM32F4xx_HAL_Driver/Inc -I../Drivers/STM32F4xx_HAL_Driver/Inc/Legacy -I../Drivers/CMSIS/Device/ST/STM32F4xx/Include -I../Drivers/CMSIS/Include -O0 -ffunction-sections -fdata-sections -Wall -fstack-usage -fcyclomatic-complexity -MMD -MP -MF"Core/Src/main.d" -MT"Core/Src/main.o" --specs=nano.specs -mfpu=fpv4-sp-d16 -mfloat-abi=hard -mthumb -o "Core/Src/main.o"
arm-none-eabi-gcc -o "tarning.elf" @"objects.list"   -mcpu=cortex-m4 -T"C:\work\TMIK13\Lab1_Tarning\tarning\STM32F411RETX_FLASH.ld" --specs=nosys.specs -Wl,-Map="tarning.map" -Wl,--gc-sections -static --specs=nano.specs -mfpu=fpv4-sp-d16 -mfloat-abi=hard -mthumb -Wl,--start-group -lc -lm -Wl,--end-group
Finished building target: tarning.elf
 
arm-none-eabi-size   tarning.elf 
arm-none-eabi-objdump -h -S  tarning.elf  > "tarning.list"
   text	   data	    bss	    dec	    hex	filename
   8480	     20	   1636	  10136	   2798	tarning.elf
Finished building: default.size.stdout
 
Finished building: tarning.list
 
16:51:07 **** Incremental Build of configuration Debug for project tarning ****
make -j8 all 
arm-none-eabi-size   tarning.elf 
   text	   data	    bss	    dec	    hex	filename
   8480	     20	   1636	  10136	   2798	tarning.elf
Finished building: default.size.stdout
 
17:17:24 **** Incremental Build of configuration Debug for project tarning ****
make -j8 all 
arm-none-eabi-gcc "../Core/Src/main.c" -mcpu=cortex-m4 -std=gnu11 -g3 -DDEBUG -DUSE_HAL_DRIVER -DSTM32F411xE -c -I../Core/Inc -I../Drivers/STM32F4xx_HAL_Driver/Inc -I../Drivers/STM32F4xx_HAL_Driver/Inc/Legacy -I../Drivers/CMSIS/Device/ST/STM32F4xx/Include -I../Drivers/CMSIS/Include -O0 -ffunction-sections -fdata-sections -Wall -fstack-usage -fcyclomatic-complexity -MMD -MP -MF"Core/Src/main.d" -MT"Core/Src/main.o" --specs=nano.specs -mfpu=fpv4-sp-d16 -mfloat-abi=hard -mthumb -o "Core/Src/main.o"
arm-none-eabi-gcc -o "tarning.elf" @"objects.list"   -mcpu=cortex-m4 -T"C:\work\TMIK13\Lab1_Tarning\tarning\STM32F411RETX_FLASH.ld" --specs=nosys.specs -Wl,-Map="tarning.map" -Wl,--gc-sections -static --specs=nano.specs -mfpu=fpv4-sp-d16 -mfloat-abi=hard -mthumb -Wl,--start-group -lc -lm -Wl,--end-group
Finished building target: tarning.elf
 
arm-none-eabi-size   tarning.elf 
arm-none-eabi-objdump -h -S  tarning.elf  > "tarning.list"
   text	   data	    bss	    dec	    hex	filename
   8480	     20	   1636	  10136	   2798	tarning.elf
Finished building: default.size.stdout
 
Finished building: tarning.list
 
11:06:45 **** Incremental Build of configuration Debug for project tarning ****
make -j8 all 
arm-none-eabi-size   tarning.elf 
   text	   data	    bss	    dec	    hex	filename
   8480	     20	   1636	  10136	   2798	tarning.elf
Finished building: default.size.stdout
 
