2023-10-05 21:53:03,880 [WARN] IP:2114 - I2C_Coeff_DF not found: check if there is a RefParameter without a condition.
2023-10-05 21:53:03,907 [WARN] IP:2114 - Analog_Filter not found: check if there is a RefParameter without a condition.
2023-10-05 21:53:03,907 [WARN] IP:2114 - I2C_Coeff_DF not found: check if there is a RefParameter without a condition.
2023-10-05 21:53:03,907 [WARN] IP:2114 - Analog_Filter not found: check if there is a RefParameter without a condition.
2023-10-05 21:54:45,098 [INFO] NvicIntPanel:101 - NVIC parent = com.st.microxplorer.plugins.ip.nvic.MultiNvicIntPanel[,0,0,0x0,invalid,layout=javax.swing.BoxLayout,alignmentX=0.0,alignmentY=0.0,border=,flags=9,maximumSize=,minimumSize=,preferredSize=]
2023-10-05 21:55:41,797 [INFO] NvicIntPanel:101 - NVIC parent = com.st.microxplorer.plugins.ip.nvic.MultiNvicIntPanel[,0,0,0x0,invalid,layout=javax.swing.BoxLayout,alignmentX=0.0,alignmentY=0.0,border=,flags=9,maximumSize=,minimumSize=,preferredSize=]
2023-10-05 21:55:48,662 [INFO] NvicIntPanel:101 - NVIC parent = com.st.microxplorer.plugins.ip.nvic.MultiNvicIntPanel[,0,0,0x0,invalid,layout=javax.swing.BoxLayout,alignmentX=0.0,alignmentY=0.0,border=,flags=9,maximumSize=,minimumSize=,preferredSize=]
2023-10-05 21:55:51,643 [INFO] NvicIntPanel:101 - NVIC parent = com.st.microxplorer.plugins.ip.nvic.MultiNvicIntPanel[,0,0,0x0,invalid,layout=javax.swing.BoxLayout,alignmentX=0.0,alignmentY=0.0,border=,flags=9,maximumSize=,minimumSize=,preferredSize=]
2023-10-05 21:55:52,432 [INFO] NvicIntPanel:101 - NVIC parent = com.st.microxplorer.plugins.ip.nvic.MultiNvicIntPanel[,0,0,0x0,invalid,layout=javax.swing.BoxLayout,alignmentX=0.0,alignmentY=0.0,border=,flags=9,maximumSize=,minimumSize=,preferredSize=]
2023-10-05 21:55:57,267 [INFO] NvicIntPanel:101 - NVIC parent = com.st.microxplorer.plugins.ip.nvic.MultiNvicIntPanel[,0,0,0x0,invalid,layout=javax.swing.BoxLayout,alignmentX=0.0,alignmentY=0.0,border=,flags=9,maximumSize=,minimumSize=,preferredSize=]
2023-10-05 21:59:09,279 [INFO] NvicIntPanel:101 - NVIC parent = com.st.microxplorer.plugins.ip.nvic.MultiNvicIntPanel[,0,0,0x0,invalid,layout=javax.swing.BoxLayout,alignmentX=0.0,alignmentY=0.0,border=,flags=9,maximumSize=,minimumSize=,preferredSize=]
2023-10-05 21:59:19,423 [INFO] NvicIntPanel:101 - NVIC parent = com.st.microxplorer.plugins.ip.nvic.MultiNvicIntPanel[,0,0,0x0,invalid,layout=javax.swing.BoxLayout,alignmentX=0.0,alignmentY=0.0,border=,flags=9,maximumSize=,minimumSize=,preferredSize=]
2023-10-05 21:59:21,334 [INFO] UtilMem:75 - End SaveConfig() Used Memory: 555675560 Bytes (1073741824)
2023-10-05 21:59:24,370 [INFO] UtilMem:75 - End SaveConfig() Used Memory: 552017464 Bytes (1073741824)
2023-10-05 21:59:27,992 [INFO] UtilMem:75 - End SaveConfig() Used Memory: 547136784 Bytes (1073741824)
2023-10-05 21:59:28,731 [INFO] BlockDiagram:2759 - set Specific Code input for plugin: NVIC
2023-10-05 21:59:28,732 [INFO] BlockDiagram:2759 - set Specific Code input for plugin: USART
2023-10-05 21:59:28,732 [INFO] BlockDiagram:2759 - set Specific Code input for plugin: TIM1_8
2023-10-05 21:59:28,732 [INFO] BlockDiagram:2759 - set Specific Code input for plugin: TIM1_8
2023-10-05 21:59:28,732 [INFO] BlockDiagram:2759 - set Specific Code input for plugin: SYS
2023-10-05 21:59:28,732 [INFO] BlockDiagram:2759 - set Specific Code input for plugin: GPIO
2023-10-05 21:59:28,732 [INFO] BlockDiagram:2759 - set Specific Code input for plugin: RCC
2023-10-05 21:59:28,732 [INFO] BlockDiagram:2759 - set Specific Code input for plugin: I2C
2023-10-05 21:59:28,732 [INFO] CodeGenerator:799 - code generatio: config db path: C:\ST\STM32CubeIDE_1.13.1\STM32CubeIDE\plugins\com.st.stm32cube.common.mx_6.9.1.202307191849\\db\
2023-10-05 21:59:28,740 [WARN] IP:2114 - I2C_Coeff_DF not found: check if there is a RefParameter without a condition.
2023-10-05 21:59:28,740 [WARN] IP:2114 - Analog_Filter not found: check if there is a RefParameter without a condition.
2023-10-05 21:59:29,642 [INFO] CodeEngine:255 - oldGeneratedFile, C:\work\TMIK13\Lab4_LCD_Screen\LCD_Screen\MXTmpFiles\license.tmp_save
2023-10-05 21:59:30,086 [INFO] CodeEngine:279 - Generated code: C:\work\TMIK13\Lab4_LCD_Screen\LCD_Screen\MXTmpFiles\license.tmp
2023-10-05 21:59:30,474 [INFO] CodeEngine:255 - oldGeneratedFile, C:\work\TMIK13\Lab4_LCD_Screen\LCD_Screen\MXTmpFiles\gpio.tmp_save
2023-10-05 21:59:30,850 [INFO] CodeEngine:279 - Generated code: C:\work\TMIK13\Lab4_LCD_Screen\LCD_Screen\MXTmpFiles\gpio.tmp
2023-10-05 21:59:31,718 [INFO] CodeEngine:255 - oldGeneratedFile, C:\work\TMIK13\Lab4_LCD_Screen\LCD_Screen\Core\Src\stm32f4xx_it.c_save
2023-10-05 21:59:32,683 [INFO] CodeEngine:279 - Generated code: C:\work\TMIK13\Lab4_LCD_Screen\LCD_Screen\Core\Src\stm32f4xx_it.c
2023-10-05 21:59:32,706 [INFO] CodeEngine:255 - oldGeneratedFile, C:\work\TMIK13\Lab4_LCD_Screen\LCD_Screen\Core\Inc\stm32f4xx_it.h_save
2023-10-05 21:59:32,943 [INFO] CodeEngine:279 - Generated code: C:\work\TMIK13\Lab4_LCD_Screen\LCD_Screen\Core\Inc\stm32f4xx_it.h
2023-10-05 21:59:33,010 [INFO] CodeEngine:255 - oldGeneratedFile, C:\work\TMIK13\Lab4_LCD_Screen\LCD_Screen\Core\Src\stm32f4xx_hal_msp.c_save
2023-10-05 21:59:33,786 [INFO] CodeEngine:279 - Generated code: C:\work\TMIK13\Lab4_LCD_Screen\LCD_Screen\Core\Src\stm32f4xx_hal_msp.c
2023-10-05 21:59:33,816 [INFO] CodeEngine:255 - oldGeneratedFile, C:\work\TMIK13\Lab4_LCD_Screen\LCD_Screen\MXTmpFiles\system.tmp_save
2023-10-05 21:59:33,979 [INFO] CodeEngine:279 - Generated code: C:\work\TMIK13\Lab4_LCD_Screen\LCD_Screen\MXTmpFiles\system.tmp
2023-10-05 21:59:34,038 [INFO] CodeEngine:311 - oldGeneratedFile, C:\work\TMIK13\Lab4_LCD_Screen\LCD_Screen\Core\Inc\stm32f4xx_hal_conf.h_save
2023-10-05 21:59:34,282 [INFO] CodeEngine:335 - Generated code: C:\work\TMIK13\Lab4_LCD_Screen\LCD_Screen\Core\Inc\stm32f4xx_hal_conf.h
2023-10-05 21:59:34,351 [WARN] IPConfigManager:3431 - IP not found : TIM
2023-10-05 21:59:34,353 [WARN] CodeGenerator:3760 - IP not found : null
2023-10-05 21:59:34,412 [INFO] CodeEngine:255 - oldGeneratedFile, C:\work\TMIK13\Lab4_LCD_Screen\LCD_Screen\Core\Inc\main.h_save
2023-10-05 21:59:34,733 [INFO] CodeEngine:279 - Generated code: C:\work\TMIK13\Lab4_LCD_Screen\LCD_Screen\Core\Inc\main.h
2023-10-05 21:59:34,796 [INFO] CodeEngine:255 - oldGeneratedFile, C:\work\TMIK13\Lab4_LCD_Screen\LCD_Screen\Core\Src\main.c_save
2023-10-05 21:59:35,148 [INFO] CodeEngine:279 - Generated code: C:\work\TMIK13\Lab4_LCD_Screen\LCD_Screen\Core\Src\main.c
2023-10-05 21:59:36,680 [INFO] ProjectBuilder:3064 - Time for Copy HAL[1] : 583mS.
2023-10-05 21:59:36,680 [INFO] ProjectBuilder:4404 - Project Generator version: 4.1.0
2023-10-05 21:59:37,209 [INFO] ConfigFileManager:1457 - The Die is : DIE431
2023-10-05 21:59:41,953 [INFO] ProjectBuilder:4626 - Time for Generating toolchain IDE Files: 5273mS.
2023-10-05 21:59:41,955 [INFO] ProjectBuilder:2935 - Time for Copy CMSIS : 1mS.
2023-10-05 21:59:41,969 [INFO] ProjectBuilder:2935 - Time for Copy CMSIS : 0mS.
2023-10-05 22:09:01,409 [INFO] NvicIntPanel:101 - NVIC parent = com.st.microxplorer.plugins.ip.nvic.MultiNvicIntPanel[,0,0,0x0,invalid,layout=javax.swing.BoxLayout,alignmentX=0.0,alignmentY=0.0,border=,flags=9,maximumSize=,minimumSize=,preferredSize=]
2023-10-05 22:09:07,097 [INFO] NvicIntPanel:101 - NVIC parent = com.st.microxplorer.plugins.ip.nvic.MultiNvicIntPanel[,0,0,0x0,invalid,layout=javax.swing.BoxLayout,alignmentX=0.0,alignmentY=0.0,border=,flags=9,maximumSize=,minimumSize=,preferredSize=]
2023-10-05 22:13:18,554 [INFO] UtilMem:75 - End SaveConfig() Used Memory: 832725176 Bytes (1073741824)
2023-10-05 22:13:20,794 [INFO] UtilMem:75 - End SaveConfig() Used Memory: 854745272 Bytes (1073741824)
2023-10-05 22:13:34,058 [INFO] UtilMem:75 - End SaveConfig() Used Memory: 613036776 Bytes (1073741824)
2023-10-05 22:13:34,629 [INFO] BlockDiagram:2759 - set Specific Code input for plugin: NVIC
2023-10-05 22:13:34,630 [INFO] BlockDiagram:2759 - set Specific Code input for plugin: USART
2023-10-05 22:13:34,630 [INFO] BlockDiagram:2759 - set Specific Code input for plugin: TIM1_8
2023-10-05 22:13:34,630 [INFO] BlockDiagram:2759 - set Specific Code input for plugin: TIM1_8
2023-10-05 22:13:34,631 [INFO] BlockDiagram:2759 - set Specific Code input for plugin: SYS
2023-10-05 22:13:34,631 [INFO] BlockDiagram:2759 - set Specific Code input for plugin: GPIO
2023-10-05 22:13:34,631 [INFO] BlockDiagram:2759 - set Specific Code input for plugin: RCC
2023-10-05 22:13:34,631 [INFO] BlockDiagram:2759 - set Specific Code input for plugin: I2C
2023-10-05 22:13:34,634 [INFO] CodeGenerator:799 - code generatio: config db path: C:\ST\STM32CubeIDE_1.13.1\STM32CubeIDE\plugins\com.st.stm32cube.common.mx_6.9.1.202307191849\\db\
2023-10-05 22:13:34,637 [WARN] IP:2114 - I2C_Coeff_DF not found: check if there is a RefParameter without a condition.
2023-10-05 22:13:34,637 [WARN] IP:2114 - Analog_Filter not found: check if there is a RefParameter without a condition.
2023-10-05 22:13:34,943 [INFO] CodeEngine:255 - oldGeneratedFile, C:\work\TMIK13\Lab4_LCD_Screen\LCD_Screen\MXTmpFiles\license.tmp_save
2023-10-05 22:13:35,300 [INFO] CodeEngine:279 - Generated code: C:\work\TMIK13\Lab4_LCD_Screen\LCD_Screen\MXTmpFiles\license.tmp
2023-10-05 22:13:35,347 [INFO] CodeEngine:255 - oldGeneratedFile, C:\work\TMIK13\Lab4_LCD_Screen\LCD_Screen\MXTmpFiles\gpio.tmp_save
2023-10-05 22:13:35,571 [INFO] CodeEngine:279 - Generated code: C:\work\TMIK13\Lab4_LCD_Screen\LCD_Screen\MXTmpFiles\gpio.tmp
2023-10-05 22:13:35,937 [INFO] CodeEngine:255 - oldGeneratedFile, C:\work\TMIK13\Lab4_LCD_Screen\LCD_Screen\Core\Src\stm32f4xx_it.c_save
2023-10-05 22:13:36,396 [INFO] CodeEngine:279 - Generated code: C:\work\TMIK13\Lab4_LCD_Screen\LCD_Screen\Core\Src\stm32f4xx_it.c
2023-10-05 22:13:36,409 [INFO] CodeEngine:255 - oldGeneratedFile, C:\work\TMIK13\Lab4_LCD_Screen\LCD_Screen\Core\Inc\stm32f4xx_it.h_save
2023-10-05 22:13:36,521 [INFO] CodeEngine:279 - Generated code: C:\work\TMIK13\Lab4_LCD_Screen\LCD_Screen\Core\Inc\stm32f4xx_it.h
2023-10-05 22:13:36,553 [INFO] CodeEngine:255 - oldGeneratedFile, C:\work\TMIK13\Lab4_LCD_Screen\LCD_Screen\Core\Src\stm32f4xx_hal_msp.c_save
2023-10-05 22:13:36,777 [INFO] CodeEngine:279 - Generated code: C:\work\TMIK13\Lab4_LCD_Screen\LCD_Screen\Core\Src\stm32f4xx_hal_msp.c
2023-10-05 22:13:36,785 [INFO] CodeEngine:255 - oldGeneratedFile, C:\work\TMIK13\Lab4_LCD_Screen\LCD_Screen\MXTmpFiles\system.tmp_save
2023-10-05 22:13:36,900 [INFO] CodeEngine:279 - Generated code: C:\work\TMIK13\Lab4_LCD_Screen\LCD_Screen\MXTmpFiles\system.tmp
2023-10-05 22:13:36,946 [INFO] CodeEngine:311 - oldGeneratedFile, C:\work\TMIK13\Lab4_LCD_Screen\LCD_Screen\Core\Inc\stm32f4xx_hal_conf.h_save
2023-10-05 22:13:37,175 [INFO] CodeEngine:335 - Generated code: C:\work\TMIK13\Lab4_LCD_Screen\LCD_Screen\Core\Inc\stm32f4xx_hal_conf.h
2023-10-05 22:13:37,253 [WARN] IPConfigManager:3431 - IP not found : TIM
2023-10-05 22:13:37,254 [WARN] CodeGenerator:3760 - IP not found : null
2023-10-05 22:13:37,294 [INFO] CodeEngine:255 - oldGeneratedFile, C:\work\TMIK13\Lab4_LCD_Screen\LCD_Screen\Core\Inc\main.h_save
2023-10-05 22:13:37,474 [INFO] CodeEngine:279 - Generated code: C:\work\TMIK13\Lab4_LCD_Screen\LCD_Screen\Core\Inc\main.h
2023-10-05 22:13:37,508 [INFO] CodeEngine:255 - oldGeneratedFile, C:\work\TMIK13\Lab4_LCD_Screen\LCD_Screen\Core\Src\main.c_save
2023-10-05 22:13:37,771 [INFO] CodeEngine:279 - Generated code: C:\work\TMIK13\Lab4_LCD_Screen\LCD_Screen\Core\Src\main.c
2023-10-05 22:13:38,814 [INFO] ProjectBuilder:3064 - Time for Copy HAL[1] : 411mS.
2023-10-05 22:13:38,819 [INFO] ProjectBuilder:4404 - Project Generator version: 4.1.0
2023-10-05 22:13:39,419 [INFO] ConfigFileManager:1457 - The Die is : DIE431
2023-10-05 22:13:42,016 [INFO] ProjectBuilder:4626 - Time for Generating toolchain IDE Files: 3197mS.
2023-10-05 22:13:42,019 [INFO] ProjectBuilder:2935 - Time for Copy CMSIS : 0mS.
2023-10-05 22:13:42,024 [INFO] ProjectBuilder:2935 - Time for Copy CMSIS : 1mS.
