2023-09-29 16:17:48,505 [INFO] Activator:176 - 


2023-09-29 16:17:48,512 [INFO] Activator:177 - !SESSION log4j initialized
2023-09-29 16:17:54,125 [INFO] LogOutputStream:77 - [STDOUT_REDIRECT] 
2023-09-29 16:18:06,310 [INFO] ApplicationProperties:184 - Using Application install path: C:\ST\STM32CubeIDE_1.13.1\STM32CubeIDE\plugins\com.st.stm32cube.common.mx_6.9.1.202307191849
2023-09-29 16:18:06,335 [INFO] DbMcusXml:78 - Set database path to: C:\ST\STM32CubeIDE_1.13.1\STM32CubeIDE\plugins\com.st.stm32cube.common.mx_6.9.1.202307191849\\db\/mcu/
2023-09-29 16:18:06,336 [INFO] ApiDb:274 - Set plugin database path to: C:\ST\STM32CubeIDE_1.13.1\STM32CubeIDE\plugins\com.st.stm32cube.common.mx_6.9.1.202307191849\\db\/plugins/boardmanager/
2023-09-29 16:18:06,336 [WARN] ApiDb:259 - Overriding images path with different value:  => C:\ST\STM32CubeIDE_1.13.1\STM32CubeIDE\plugins\com.st.stm32cube.common.mx_6.9.1.202307191849\\db\/plugins/mcufinder/images/
2023-09-29 16:18:06,351 [INFO] ApiDb:250 - Set database path to: C:\Users\46763\.stmcufinder\plugins\mcufinder//mcu/
2023-09-29 16:18:06,353 [INFO] DbMcusAds:125 - Set database path to: C:\Users\46763\.stmcufinder\plugins\mcufinder//mcu/
2023-09-29 16:18:06,356 [INFO] CrossReferenceDbSqlite:203 - Set database path to: C:\Users\46763\.stmcufinder\plugins\mcufinder//mcu/cs/
2023-09-29 16:18:06,530 [INFO] RulesReader:64 - Compatibility file has been processed (293 Rules)
2023-09-29 16:18:06,649 [INFO] DbMcusXml:78 - Set database path to: C:\ST\STM32CubeIDE_1.13.1\STM32CubeIDE\plugins\com.st.stm32cube.common.mx_6.9.1.202307191849\\db\/mcu/
2023-09-29 16:18:06,650 [INFO] ApiDb:274 - Set plugin database path to: C:\ST\STM32CubeIDE_1.13.1\STM32CubeIDE\plugins\com.st.stm32cube.common.mx_6.9.1.202307191849\\db\/plugins/boardmanager/
2023-09-29 16:18:06,650 [INFO] ApiDb:261 - Set plugin images path to: C:\ST\STM32CubeIDE_1.13.1\STM32CubeIDE\plugins\com.st.stm32cube.common.mx_6.9.1.202307191849\\db\/plugins/mcufinder/images/
2023-09-29 16:18:06,650 [WARN] DbFile:41 - Overriding database path with different value: C:\Users\46763\.stmcufinder\plugins\mcufinder/ => C:\Users\46763\.stmcufinder\plugins\mcufinder
2023-09-29 16:18:06,650 [INFO] ApiDb:250 - Set database path to: C:\Users\46763\.stmcufinder\plugins\mcufinder//mcu/
2023-09-29 16:18:06,650 [WARN] DbFile:41 - Overriding database path with different value: C:\Users\46763\.stmcufinder\plugins\mcufinder/ => C:\Users\46763\.stmcufinder\plugins\mcufinder
2023-09-29 16:18:06,650 [INFO] DbMcusAds:125 - Set database path to: C:\Users\46763\.stmcufinder\plugins\mcufinder//mcu/
2023-09-29 16:18:06,651 [WARN] DbFile:41 - Overriding database path with different value: C:\Users\46763\.stmcufinder\plugins\mcufinder/ => C:\Users\46763\.stmcufinder\plugins\mcufinder
2023-09-29 16:18:06,651 [WARN] DbFile:41 - Overriding database path with different value: C:\Users\46763\.stmcufinder\plugins\mcufinder/ => C:\Users\46763\.stmcufinder\plugins\mcufinder
2023-09-29 16:18:06,651 [INFO] CrossReferenceDbSqlite:203 - Set database path to: C:\Users\46763\.stmcufinder\plugins\mcufinder//mcu/cs/
2023-09-29 16:18:06,758 [INFO] MainPanel:262 - HeapMemory: 268435456
2023-09-29 16:18:06,925 [INFO] DbMcusXml:78 - Set database path to: C:\ST\STM32CubeIDE_1.13.1\STM32CubeIDE\plugins\com.st.stm32cube.common.mx_6.9.1.202307191849\\db\/mcu/
2023-09-29 16:18:06,925 [INFO] ApiDb:274 - Set plugin database path to: C:\ST\STM32CubeIDE_1.13.1\STM32CubeIDE\plugins\com.st.stm32cube.common.mx_6.9.1.202307191849\\db\/plugins/boardmanager/
2023-09-29 16:18:06,925 [INFO] ApiDb:261 - Set plugin images path to: C:\ST\STM32CubeIDE_1.13.1\STM32CubeIDE\plugins\com.st.stm32cube.common.mx_6.9.1.202307191849\\db\/plugins/mcufinder/images/
2023-09-29 16:18:06,925 [WARN] DbFile:41 - Overriding database path with different value: C:\Users\46763\.stmcufinder\plugins\mcufinder/ => C:\Users\46763\.stmcufinder\plugins\mcufinder
2023-09-29 16:18:06,926 [INFO] ApiDb:250 - Set database path to: C:\Users\46763\.stmcufinder\plugins\mcufinder//mcu/
2023-09-29 16:18:06,926 [WARN] DbFile:41 - Overriding database path with different value: C:\Users\46763\.stmcufinder\plugins\mcufinder/ => C:\Users\46763\.stmcufinder\plugins\mcufinder
2023-09-29 16:18:06,926 [INFO] DbMcusAds:125 - Set database path to: C:\Users\46763\.stmcufinder\plugins\mcufinder//mcu/
2023-09-29 16:18:06,926 [WARN] DbFile:41 - Overriding database path with different value: C:\Users\46763\.stmcufinder\plugins\mcufinder/ => C:\Users\46763\.stmcufinder\plugins\mcufinder
2023-09-29 16:18:06,926 [WARN] DbFile:41 - Overriding database path with different value: C:\Users\46763\.stmcufinder\plugins\mcufinder/ => C:\Users\46763\.stmcufinder\plugins\mcufinder
2023-09-29 16:18:06,926 [INFO] CrossReferenceDbSqlite:203 - Set database path to: C:\Users\46763\.stmcufinder\plugins\mcufinder//mcu/cs/
2023-09-29 16:18:06,951 [INFO] ApplicationProperties:184 - Using Application install path: C:\ST\STM32CubeIDE_1.13.1\STM32CubeIDE\plugins\com.st.stm32cube.common.mx_6.9.1.202307191849
2023-09-29 16:18:06,953 [INFO] PluginManage:196 - Search for loadable plugins [exclusion list=, ]
2023-09-29 16:18:06,955 [INFO] PluginManage:310 - Check plugin analytics
2023-09-29 16:18:07,175 [INFO] AnalyticsPlugin:253 - Accepted Software Licenses: 
2023-09-29 16:18:07,175 [INFO] AnalyticsPlugin:255 - Accepted CMSIS Pack Licenses: 
2023-09-29 16:18:07,176 [INFO] AnalyticsPlugin:257 - Accepted Firmware Licenses: FW.F4.1.27.0,FW.G4.1.5.0
2023-09-29 16:18:07,179 [INFO] PluginManage:359 - Loaded plugin analytics (category:tool,tabindex:-1)
2023-09-29 16:18:07,179 [INFO] PluginManage:310 - Check plugin cadmodel
2023-09-29 16:18:07,183 [INFO] CADModel:105 - Init CAD model plugin
2023-09-29 16:18:07,184 [INFO] PluginManage:359 - Loaded plugin cadmodel (category:power,tabindex:5)
2023-09-29 16:18:07,184 [INFO] PluginManage:310 - Check plugin clock
2023-09-29 16:18:07,195 [INFO] PluginManage:359 - Loaded plugin clock (category:base,tabindex:2)
2023-09-29 16:18:07,195 [INFO] PluginManage:310 - Check plugin ddr
2023-09-29 16:18:07,198 [INFO] PluginManage:359 - Loaded plugin ddr (category:tool,tabindex:6)
2023-09-29 16:18:07,198 [INFO] PluginManage:310 - Check plugin filemanager
2023-09-29 16:18:07,407 [INFO] PluginManage:359 - Loaded plugin filemanager (category:base,tabindex:10)
2023-09-29 16:18:07,407 [INFO] PluginManage:310 - Check plugin ipmanager
2023-09-29 16:18:07,417 [INFO] PluginManage:359 - Loaded plugin ipmanager (category:base,tabindex:5)
2023-09-29 16:18:07,417 [INFO] PluginManage:310 - Check plugin lpbam
2023-09-29 16:18:07,426 [INFO] PluginManage:359 - Loaded plugin lpbam (category:base,tabindex:0)
2023-09-29 16:18:07,427 [INFO] PluginManage:310 - Check plugin memorymap
2023-09-29 16:18:07,445 [INFO] PluginManage:359 - Loaded plugin memorymap (category:base,tabindex:4)
2023-09-29 16:18:07,446 [INFO] PluginManage:310 - Check plugin pinoutandconfiguration
2023-09-29 16:18:07,453 [INFO] PluginManage:359 - Loaded plugin pinoutandconfiguration (category:base,tabindex:1)
2023-09-29 16:18:07,453 [INFO] PluginManage:310 - Check plugin pinoutconfig
2023-09-29 16:18:07,582 [WARN] SupportedApi:132 - Cannot load RTOS API schema: s4s-elt-must-match.1: The content of 'definitions' must match (annotation?, (simpleType | complexType)?, (unique | key | keyref)*)). A problem was found starting at: attribute.
2023-09-29 16:18:07,781 [INFO] PluginManage:359 - Loaded plugin pinoutconfig (category:base,tabindex:0)
2023-09-29 16:18:07,781 [INFO] PluginManage:310 - Check plugin power
2023-09-29 16:18:07,791 [INFO] PluginManage:359 - Loaded plugin power (category:power,tabindex:4)
2023-09-29 16:18:07,792 [INFO] PluginManage:310 - Check plugin projectmanager
2023-09-29 16:18:07,809 [INFO] PluginManage:359 - Loaded plugin projectmanager (category:projectmanager,tabindex:3)
2023-09-29 16:18:07,809 [INFO] PluginManage:310 - Check plugin thirdparty
2023-09-29 16:18:07,968 [INFO] PluginManage:359 - Loaded plugin thirdparty (category:base,tabindex:-1)
2023-09-29 16:18:07,968 [WARN] IntegrityCheckThread:84 - waiting for thirdparty lock release [integrity check]
2023-09-29 16:18:07,968 [INFO] PluginManage:310 - Check plugin tools
2023-09-29 16:18:07,968 [INFO] IntegrityCheckThread:86 - entering critical section [integrity check]
2023-09-29 16:18:07,969 [INFO] ThirdPartyUpdaterWithRetryManager:70 - Updater plugin not ready yet. [1/15]
2023-09-29 16:18:07,971 [INFO] PluginManage:359 - Loaded plugin tools (category:base,tabindex:7)
2023-09-29 16:18:07,971 [INFO] PluginManage:310 - Check plugin tutovideos
2023-09-29 16:18:08,252 [INFO] PluginManage:359 - Loaded plugin tutovideos (category:base,tabindex:-1)
2023-09-29 16:18:08,252 [INFO] PluginManage:310 - Check plugin updater
2023-09-29 16:18:08,269 [INFO] PluginManage:359 - Loaded plugin updater (category:base,tabindex:12)
2023-09-29 16:18:08,269 [INFO] PluginManage:310 - Check plugin userauth
2023-09-29 16:18:08,276 [INFO] UserAuth:113 - Init User Auth plugin
2023-09-29 16:18:08,276 [INFO] PluginManage:359 - Loaded plugin userauth (category:base,tabindex:14)
2023-09-29 16:18:08,277 [INFO] PluginManage:283 - PluginManage : Loaded plugins [17]
2023-09-29 16:18:08,582 [INFO] PinOutPanel:1499 - setPackage(No Configuration,No Configuration)
2023-09-29 16:18:08,716 [INFO] CADModel:165 - CPN selected for project level
2023-09-29 16:18:08,717 [INFO] CADModel:114 - Register for checkConnection events
2023-09-29 16:18:08,739 [INFO] IPUIPlugin:80 - create IPUIPlugin
2023-09-29 16:18:08,739 [INFO] PluginManager:220 - loadIPPluginJar : add adc
2023-09-29 16:18:08,742 [INFO] IPUIPlugin:80 - create IPUIPlugin
2023-09-29 16:18:08,743 [INFO] PluginManager:220 - loadIPPluginJar : add aes
2023-09-29 16:18:08,747 [INFO] IPUIPlugin:80 - create IPUIPlugin
2023-09-29 16:18:08,748 [INFO] PluginManager:220 - loadIPPluginJar : add can
2023-09-29 16:18:08,749 [INFO] IPUIPlugin:80 - create IPUIPlugin
2023-09-29 16:18:08,750 [INFO] PluginManager:220 - loadIPPluginJar : add comp
2023-09-29 16:18:08,752 [INFO] IPUIPlugin:80 - create IPUIPlugin
2023-09-29 16:18:08,752 [INFO] PluginManager:220 - loadIPPluginJar : add cryp
2023-09-29 16:18:08,755 [INFO] IPUIPlugin:80 - create IPUIPlugin
2023-09-29 16:18:08,755 [INFO] PluginManager:220 - loadIPPluginJar : add dfsdm
2023-09-29 16:18:08,762 [INFO] IPUIPlugin:80 - create IPUIPlugin
2023-09-29 16:18:08,763 [INFO] PluginManager:220 - loadIPPluginJar : add dma
2023-09-29 16:18:08,767 [INFO] IPUIPlugin:80 - create IPUIPlugin
2023-09-29 16:18:08,768 [INFO] PluginManager:220 - loadIPPluginJar : add dma3
2023-09-29 16:18:08,770 [INFO] IPUIPlugin:80 - create IPUIPlugin
2023-09-29 16:18:08,770 [INFO] PluginManager:220 - loadIPPluginJar : add fatfs
2023-09-29 16:18:08,776 [INFO] IPUIPlugin:80 - create IPUIPlugin
2023-09-29 16:18:08,776 [INFO] PluginManager:220 - loadIPPluginJar : add fmc
2023-09-29 16:18:08,784 [INFO] IPUIPlugin:80 - create IPUIPlugin
2023-09-29 16:18:08,784 [INFO] PluginManager:220 - loadIPPluginJar : add freertos
2023-09-29 16:18:08,786 [INFO] IPUIPlugin:80 - create IPUIPlugin
2023-09-29 16:18:08,786 [INFO] PluginManager:220 - loadIPPluginJar : add genericplugin
2023-09-29 16:18:08,788 [INFO] IPUIPlugin:80 - create IPUIPlugin
2023-09-29 16:18:08,789 [INFO] PluginManager:220 - loadIPPluginJar : add gfxmmu
2023-09-29 16:18:08,795 [INFO] IPUIPlugin:80 - create IPUIPlugin
2023-09-29 16:18:08,795 [INFO] PluginManager:220 - loadIPPluginJar : add gic
2023-09-29 16:18:08,801 [INFO] IPUIPlugin:80 - create IPUIPlugin
2023-09-29 16:18:08,801 [INFO] PluginManager:220 - loadIPPluginJar : add gpio
2023-09-29 16:18:08,804 [INFO] IPUIPlugin:80 - create IPUIPlugin
2023-09-29 16:18:08,804 [INFO] PluginManager:220 - loadIPPluginJar : add gtzc
2023-09-29 16:18:08,807 [INFO] IPUIPlugin:80 - create IPUIPlugin
2023-09-29 16:18:08,807 [INFO] PluginManager:220 - loadIPPluginJar : add hash
2023-09-29 16:18:08,811 [INFO] IPUIPlugin:80 - create IPUIPlugin
2023-09-29 16:18:08,811 [INFO] PluginManager:220 - loadIPPluginJar : add i2c
2023-09-29 16:18:08,814 [INFO] IPUIPlugin:80 - create IPUIPlugin
2023-09-29 16:18:08,814 [INFO] PluginManager:220 - loadIPPluginJar : add i2s
2023-09-29 16:18:08,817 [INFO] IPUIPlugin:80 - create IPUIPlugin
2023-09-29 16:18:08,817 [INFO] PluginManager:220 - loadIPPluginJar : add i3c
2023-09-29 16:18:08,821 [INFO] IPUIPlugin:80 - create IPUIPlugin
2023-09-29 16:18:08,823 [INFO] PluginManager:220 - loadIPPluginJar : add ipddr
2023-09-29 16:18:08,832 [INFO] IPUIPlugin:80 - create IPUIPlugin
2023-09-29 16:18:08,832 [INFO] PluginManager:220 - loadIPPluginJar : add linkedlist
2023-09-29 16:18:08,836 [INFO] IPUIPlugin:80 - create IPUIPlugin
2023-09-29 16:18:08,836 [INFO] PluginManager:220 - loadIPPluginJar : add lorawan
2023-09-29 16:18:08,838 [INFO] IPUIPlugin:80 - create IPUIPlugin
2023-09-29 16:18:08,838 [INFO] PluginManager:220 - loadIPPluginJar : add ltdc
2023-09-29 16:18:08,847 [INFO] IPUIPlugin:80 - create IPUIPlugin
2023-09-29 16:18:08,848 [INFO] PluginManager:220 - loadIPPluginJar : add mdma
2023-09-29 16:18:08,852 [INFO] IPUIPlugin:80 - create IPUIPlugin
2023-09-29 16:18:08,852 [INFO] PluginManager:220 - loadIPPluginJar : add nvic
2023-09-29 16:18:08,856 [INFO] IPUIPlugin:80 - create IPUIPlugin
2023-09-29 16:18:08,856 [INFO] PluginManager:220 - loadIPPluginJar : add opamp
2023-09-29 16:18:08,860 [INFO] IPUIPlugin:80 - create IPUIPlugin
2023-09-29 16:18:08,860 [INFO] PluginManager:220 - loadIPPluginJar : add openamp
2023-09-29 16:18:08,865 [INFO] IPUIPlugin:80 - create IPUIPlugin
2023-09-29 16:18:08,865 [INFO] PluginManager:220 - loadIPPluginJar : add pdm2pcm
2023-09-29 16:18:08,871 [INFO] IPUIPlugin:80 - create IPUIPlugin
2023-09-29 16:18:08,875 [INFO] PluginManager:220 - loadIPPluginJar : add plateformsettings
2023-09-29 16:18:08,877 [INFO] IPUIPlugin:80 - create IPUIPlugin
2023-09-29 16:18:08,877 [INFO] PluginManager:220 - loadIPPluginJar : add quadspi
2023-09-29 16:18:08,881 [INFO] IPUIPlugin:80 - create IPUIPlugin
2023-09-29 16:18:08,881 [INFO] PluginManager:220 - loadIPPluginJar : add resmgrutility
2023-09-29 16:18:08,885 [INFO] IPUIPlugin:80 - create IPUIPlugin
2023-09-29 16:18:08,885 [INFO] PluginManager:220 - loadIPPluginJar : add sai
2023-09-29 16:18:08,887 [INFO] IPUIPlugin:80 - create IPUIPlugin
2023-09-29 16:18:08,887 [INFO] PluginManager:220 - loadIPPluginJar : add spi
2023-09-29 16:18:08,896 [INFO] IPUIPlugin:80 - create IPUIPlugin
2023-09-29 16:18:08,896 [INFO] PluginManager:220 - loadIPPluginJar : add stm32_wpan
2023-09-29 16:18:08,899 [INFO] IPUIPlugin:80 - create IPUIPlugin
2023-09-29 16:18:08,899 [INFO] PluginManager:220 - loadIPPluginJar : add tim
2023-09-29 16:18:08,904 [INFO] IPUIPlugin:80 - create IPUIPlugin
2023-09-29 16:18:08,904 [INFO] PluginManager:220 - loadIPPluginJar : add touchsensing
2023-09-29 16:18:08,907 [INFO] IPUIPlugin:80 - create IPUIPlugin
2023-09-29 16:18:08,907 [INFO] PluginManager:220 - loadIPPluginJar : add tracer_emb
2023-09-29 16:18:08,910 [INFO] IPUIPlugin:80 - create IPUIPlugin
2023-09-29 16:18:08,911 [INFO] PluginManager:220 - loadIPPluginJar : add ts
2023-09-29 16:18:08,913 [INFO] IPUIPlugin:80 - create IPUIPlugin
2023-09-29 16:18:08,914 [INFO] PluginManager:220 - loadIPPluginJar : add tsc
2023-09-29 16:18:08,916 [INFO] IPUIPlugin:80 - create IPUIPlugin
2023-09-29 16:18:08,916 [INFO] PluginManager:220 - loadIPPluginJar : add ucpd
2023-09-29 16:18:08,920 [INFO] IPUIPlugin:80 - create IPUIPlugin
2023-09-29 16:18:08,920 [INFO] PluginManager:220 - loadIPPluginJar : add usart
2023-09-29 16:18:08,925 [INFO] IPUIPlugin:80 - create IPUIPlugin
2023-09-29 16:18:08,925 [INFO] PluginManager:220 - loadIPPluginJar : add usbx
2023-09-29 16:18:09,070 [INFO] CADModel:165 - CPN selected for project level
2023-09-29 16:18:09,070 [INFO] CADModel:114 - Register for checkConnection events
2023-09-29 16:18:09,070 [FATAL] Updater:308 - Updater called before beeing initialized
2023-09-29 16:18:09,070 [ERROR] CADModel:125 - Updater not yet initialized, retry later 
2023-09-29 16:18:09,267 [INFO] CADModel:165 - CPN selected for project level
2023-09-29 16:18:09,267 [INFO] CADModel:114 - Register for checkConnection events
2023-09-29 16:18:09,267 [FATAL] Updater:308 - Updater called before beeing initialized
2023-09-29 16:18:09,268 [ERROR] CADModel:125 - Updater not yet initialized, retry later 
2023-09-29 16:18:09,275 [FATAL] Updater:308 - Updater called before beeing initialized
2023-09-29 16:18:09,415 [FATAL] Updater:308 - Updater called before beeing initialized
2023-09-29 16:18:09,421 [INFO] DbMcusAds:53 - JSON generation date=Tue Mar 07 09:50:55 CET 2023 (1678179055114)
2023-09-29 16:18:09,421 [FATAL] Updater:308 - Updater called before beeing initialized
2023-09-29 16:18:09,469 [WARN] DetailPanel:346 - Failed to get advertising image, set to default
2023-09-29 16:18:09,607 [FATAL] Updater:308 - Updater called before beeing initialized
2023-09-29 16:18:09,612 [FATAL] Updater:308 - Updater called before beeing initialized
2023-09-29 16:18:09,612 [FATAL] Updater:308 - Updater called before beeing initialized
2023-09-29 16:18:09,612 [WARN] DetailPanel:346 - Failed to get advertising image, set to default
2023-09-29 16:18:09,614 [FATAL] Updater:308 - Updater called before beeing initialized
2023-09-29 16:18:09,704 [ERROR] Updater:1120 - MainUpdater not yet initialized. External WinMGr cannot be set.
2023-09-29 16:18:09,706 [INFO] Updater:1056 - Updater Version found : 6.9.1
2023-09-29 16:18:09,731 [INFO] ApplicationProperties:184 - Using Application install path: C:\ST\STM32CubeIDE_1.13.1\STM32CubeIDE\plugins\com.st.stm32cube.common.mx_6.9.1.202307191849
2023-09-29 16:18:09,908 [INFO] MainUpdater:2868 - connection check result : 10
2023-09-29 16:18:09,910 [INFO] MainUpdater:285 - Updater Check For Update Now.
2023-09-29 16:18:09,910 [INFO] MicroXplorer:498 - Change Database Version : DB.6.0.91
2023-09-29 16:18:09,918 [INFO] McuFinderGlobals:63 - Set McuFinder mode to 2 (CubeIDE integrated)
2023-09-29 16:18:10,105 [INFO] CheckServerUpdateThread:120 - End of CheckServer Thread
2023-09-29 16:18:11,140 [WARN] PackLoader:240 - Cannot read IP mode file for STMicroelectronics.X-CUBE-SMBUS.2.1.0
2023-09-29 16:18:11,183 [WARN] PackLoader:240 - Cannot read IP mode file for STMicroelectronics.X-CUBE-AZRTOS-F7.1.1.0
2023-09-29 16:18:11,200 [WARN] PackLoader:240 - Cannot read IP mode file for STMicroelectronics.FP-SNS-MOTENV1.4.3.2
2023-09-29 16:18:11,209 [WARN] PackLoader:240 - Cannot read IP mode file for STMicroelectronics.FP-SNS-FLIGHT1.5.0.2
2023-09-29 16:18:11,223 [WARN] PackLoader:240 - Cannot read IP mode file for STMicroelectronics.X-CUBE-DISPLAY.3.0.0
2023-09-29 16:18:11,238 [WARN] PackLoader:240 - Cannot read IP mode file for STMicroelectronics.X-CUBE-BLE1.7.0.0
2023-09-29 16:18:11,245 [WARN] PackLoader:240 - Cannot read IP mode file for emotas.I-CUBE-CANOPEN.1.3.0
2023-09-29 16:18:11,251 [WARN] PackLoader:240 - Cannot read IP mode file for STMicroelectronics.X-CUBE-TOUCHGFX.4.22.0
2023-09-29 16:18:11,260 [WARN] PackLoader:240 - Cannot read IP mode file for STMicroelectronics.FP-SNS-SMARTAG2.1.2.0
2023-09-29 16:18:11,277 [INFO] LogOutputStream:77 - [STDOUT_REDIRECT] 1 : Invalid condition id : UX_CORESTACK_Condition cause : null
2023-09-29 16:18:11,278 [INFO] LogOutputStream:77 - [STDOUT_REDIRECT] 1 : Invalid condition id : UX_CORESTACK_Condition cause : null
2023-09-29 16:18:11,279 [INFO] LogOutputStream:77 - [STDOUT_REDIRECT] 1 : Invalid condition id : UX_CORESTACK_Condition cause : null
2023-09-29 16:18:11,280 [INFO] LogOutputStream:77 - [STDOUT_REDIRECT] 1 : Invalid condition id : UX_CORESTACK_Condition cause : null
2023-09-29 16:18:11,281 [INFO] LogOutputStream:77 - [STDOUT_REDIRECT] 1 : Invalid condition id : UX_CORESTACK_Condition cause : null
2023-09-29 16:18:11,286 [WARN] PackLoader:240 - Cannot read IP mode file for STMicroelectronics.X-CUBE-AZRTOS-WL.2.0.0
2023-09-29 16:18:11,299 [WARN] PackLoader:240 - Cannot read IP mode file for WES.I-CUBE-Cesium.1.3.0
2023-09-29 16:18:11,305 [WARN] PackLoader:240 - Cannot read IP mode file for STMicroelectronics.X-CUBE-BLE2.3.3.0
2023-09-29 16:18:11,315 [WARN] PackLoader:240 - Cannot read IP mode file for STMicroelectronics.X-CUBE-ALGOBUILD.1.3.0
2023-09-29 16:18:11,343 [WARN] PackLoader:240 - Cannot read IP mode file for STMicroelectronics.X-CUBE-AZRTOS-G0.1.1.0
2023-09-29 16:18:11,354 [WARN] PackLoader:240 - Cannot read IP mode file for STMicroelectronics.X-CUBE-NFC4.3.0.0
2023-09-29 16:18:11,361 [WARN] PackLoader:240 - Cannot read IP mode file for STMicroelectronics.FP-ATR-SIGFOX1.3.2.0
2023-09-29 16:18:11,396 [WARN] PackLoader:240 - Cannot read IP mode file for SEGGER.I-CUBE-embOS.1.3.1
2023-09-29 16:18:11,444 [WARN] PackLoader:240 - Cannot read IP mode file for STMicroelectronics.X-CUBE-GNSS1.6.0.0
2023-09-29 16:18:11,466 [WARN] PackLoader:240 - Cannot read IP mode file for STMicroelectronics.X-CUBE-AZRTOS-F4.1.1.0
2023-09-29 16:18:11,481 [WARN] PackLoader:240 - Cannot read IP mode file for wolfSSL.I-CUBE-wolfSSL.5.6.3
2023-09-29 16:18:11,510 [WARN] PackLoader:240 - Cannot read IP mode file for STMicroelectronics.X-CUBE-AZRTOS-L5.2.0.0
2023-09-29 16:18:11,586 [WARN] PackLoader:240 - Cannot read IP mode file for STMicroelectronics.X-CUBE-MEMS1.9.6.0
2023-09-29 16:18:11,762 [WARN] PackLoader:240 - Cannot read IP mode file for STMicroelectronics.X-CUBE-BLEMGR.2.0.0
2023-09-29 16:18:11,784 [WARN] ConditionMgr:438 - getConditionDescription Invalid condition id : UX DEVICE CLASS RTOS Condition cause : null
2023-09-29 16:18:11,784 [WARN] ConditionMgr:438 - getConditionDescription Invalid condition id : UX DEVICE CLASS RTOS Condition cause : null
2023-09-29 16:18:11,787 [WARN] PackLoader:240 - Cannot read IP mode file for STMicroelectronics.X-CUBE-AZRTOS-H7.3.1.0
2023-09-29 16:18:11,788 [WARN] ConditionMgr:1039 - genDependencies : Invalid condition id : UX DEVICE CLASS RTOS Condition cause : null
2023-09-29 16:18:11,789 [WARN] ConditionMgr:1039 - genDependencies : Invalid condition id : UX DEVICE CLASS RTOS Condition cause : null
2023-09-29 16:18:11,790 [WARN] ConditionMgr:1039 - genDependencies : Invalid condition id : UX DEVICE CLASS RTOS Condition cause : null
2023-09-29 16:18:11,790 [WARN] ConditionMgr:1039 - genDependencies : Invalid condition id : UX DEVICE CLASS RTOS Condition cause : null
2023-09-29 16:18:11,790 [WARN] ConditionMgr:1039 - genDependencies : Invalid condition id : UX DEVICE CLASS RTOS Condition cause : null
2023-09-29 16:18:11,799 [WARN] PackLoader:240 - Cannot read IP mode file for STMicroelectronics.X-CUBE-NFC7.1.0.1
2023-09-29 16:18:11,807 [WARN] PackLoader:240 - Cannot read IP mode file for STMicroelectronics.X-CUBE-NFC6.3.0.0
2023-09-29 16:18:11,816 [WARN] PackLoader:240 - Cannot read IP mode file for STMicroelectronics.X-CUBE-EEPRMA1.4.1.0
2023-09-29 16:18:11,821 [WARN] PackLoader:240 - Cannot read IP mode file for STMicroelectronics.X-CUBE-AI.8.1.0
2023-09-29 16:18:11,844 [WARN] ConditionMgr:438 - getConditionDescription Invalid condition id : LAN8742 Phy interface Condition cause : null
2023-09-29 16:18:11,845 [WARN] PackLoader:240 - Cannot read IP mode file for STMicroelectronics.X-CUBE-AZRTOS-L4.2.0.0
2023-09-29 16:18:11,846 [WARN] ConditionMgr:1039 - genDependencies : Invalid condition id : LAN8742 Phy interface Condition cause : null
2023-09-29 16:18:11,847 [WARN] ConditionMgr:1039 - genDependencies : Invalid condition id : LAN8742 Phy interface Condition cause : null
2023-09-29 16:18:11,847 [WARN] ConditionMgr:1039 - genDependencies : Invalid condition id : LAN8742 Phy interface Condition cause : null
2023-09-29 16:18:11,858 [WARN] PackLoader:240 - Cannot read IP mode file for STMicroelectronics.X-CUBE-SFXS2LP1.4.0.0
2023-09-29 16:18:11,867 [WARN] PackLoader:240 - Cannot read IP mode file for STMicroelectronics.X-CUBE-ISPU.1.1.0
2023-09-29 16:18:11,890 [WARN] ConditionMgr:438 - getConditionDescription Invalid condition id : UX DEVICE CLASS RTOS Condition cause : null
2023-09-29 16:18:11,890 [WARN] ConditionMgr:438 - getConditionDescription Invalid condition id : UX DEVICE CLASS RTOS Condition cause : null
2023-09-29 16:18:11,893 [WARN] PackLoader:240 - Cannot read IP mode file for STMicroelectronics.X-CUBE-AZRTOS-WB.2.0.0
2023-09-29 16:18:11,894 [WARN] ConditionMgr:1039 - genDependencies : Invalid condition id : UX DEVICE CLASS RTOS Condition cause : null
2023-09-29 16:18:11,895 [WARN] ConditionMgr:1039 - genDependencies : Invalid condition id : UX DEVICE CLASS RTOS Condition cause : null
2023-09-29 16:18:11,895 [WARN] ConditionMgr:1039 - genDependencies : Invalid condition id : UX DEVICE CLASS RTOS Condition cause : null
2023-09-29 16:18:11,896 [WARN] ConditionMgr:1039 - genDependencies : Invalid condition id : UX DEVICE CLASS RTOS Condition cause : null
2023-09-29 16:18:11,896 [WARN] ConditionMgr:1039 - genDependencies : Invalid condition id : UX DEVICE CLASS RTOS Condition cause : null
2023-09-29 16:18:11,912 [WARN] PackLoader:240 - Cannot read IP mode file for STMicroelectronics.X-CUBE-SUBG2.5.0.0
2023-09-29 16:18:11,934 [WARN] PackLoader:240 - Cannot read IP mode file for STMicroelectronics.X-CUBE-TOF1.3.3.1
2023-09-29 16:18:11,963 [WARN] PackLoader:240 - Cannot read IP mode file for STMicroelectronics.X-CUBE-AZRTOS-G4.2.0.0
2023-09-29 16:18:11,974 [WARN] PackLoader:240 - Cannot read IP mode file for STMicroelectronics.X-CUBE-FREERTOS.1.1.0
2023-09-29 16:18:11,983 [WARN] PackLoader:240 - Cannot read IP mode file for portGmbH.I-Cube-SoM-uGOAL.1.1.0
2023-09-29 16:18:11,987 [WARN] PackLoader:240 - Cannot read IP mode file for STMicroelectronics.X-CUBE-ALS.1.0.1
2023-09-29 16:18:11,992 [WARN] PackLoader:240 - Cannot read IP mode file for STMicroelectronics.FP-ATR-ASTRA1.2.0.0
2023-09-29 16:18:11,993 [INFO] ThirdParty:978 - Integrity check success = true
2023-09-29 16:18:11,993 [INFO] IntegrityCheckThread:100 - exiting critical section [integrity check]
2023-09-29 16:18:11,993 [INFO] IntegrityCheckThread:103 - End integrity checks thread
2023-09-29 16:18:30,612 [ERROR] LogOutputStream:75 - [STDERR_REDIRECT] SLF4J: Failed to load class "org.slf4j.impl.StaticLoggerBinder".
2023-09-29 16:18:30,612 [ERROR] LogOutputStream:75 - [STDERR_REDIRECT] SLF4J: Defaulting to no-operation (NOP) logger implementation
2023-09-29 16:18:30,613 [ERROR] LogOutputStream:75 - [STDERR_REDIRECT] SLF4J: See http://www.slf4j.org/codes.html#StaticLoggerBinder for further details.
